2025-09-19 14:23:53,812 - redis_client - INFO - Lock acquired: lock:signal:GMT+3.0:H2:EURUSD
2025-09-19 14:24:07,157 - redis_client - INFO - Lock released: lock:signal:GMT+3.0:H2:EURUSD
2025-09-19 14:24:08,579 - redis_client - INFO - Lock acquired: lock:signal:GMT+3.0:H2:GBPUSD
2025-09-19 14:24:20,635 - redis_client - INFO - Lock released: lock:signal:GMT+3.0:H2:GBPUSD
2025-09-19 14:24:22,232 - redis_client - INFO - Lock acquired: lock:signal:GMT+3.0:H2:USDJPY
2025-09-19 14:24:34,714 - redis_client - INFO - Lock released: lock:signal:GMT+3.0:H2:USDJPY
2025-09-19 14:24:36,492 - redis_client - INFO - Lock acquired: lock:signal:GMT+3.0:H2:USDCHF
2025-09-19 14:24:49,725 - redis_client - INFO - Lock released: lock:signal:GMT+3.0:H2:USDCHF
2025-09-19 14:24:51,729 - redis_client - INFO - Lock acquired: lock:signal:GMT+3.0:H2:USDCAD
2025-09-19 14:25:04,564 - redis_client - INFO - Lock released: lock:signal:GMT+3.0:H2:USDCAD
2025-09-19 14:25:07,517 - redis_client - INFO - Lock acquired: lock:signal:GMT+3.0:H2:AUDUSD
2025-09-19 14:25:17,664 - redis_client - INFO - Lock released: lock:signal:GMT+3.0:H2:AUDUSD
2025-09-19 14:25:19,424 - redis_client - INFO - Lock acquired: lock:signal:GMT+3.0:H2:NZDUSD
2025-09-19 14:25:32,819 - redis_client - INFO - Lock released: lock:signal:GMT+3.0:H2:NZDUSD
2025-09-19 14:25:34,944 - redis_client - INFO - Lock acquired: lock:signal:GMT+3.0:H2:GBPJPY
2025-09-19 14:25:45,283 - redis_client - INFO - Lock released: lock:signal:GMT+3.0:H2:GBPJPY
2025-09-19 14:25:47,243 - redis_client - INFO - Lock acquired: lock:signal:GMT+3.0:H2:EURGBP
2025-09-19 14:26:03,678 - redis_client - INFO - Lock released: lock:signal:GMT+3.0:H2:EURGBP
2025-09-19 14:26:07,780 - redis_client - INFO - Lock acquired: lock:signal:GMT+3.0:H2:EURJPY
2025-09-19 14:26:20,242 - redis_client - INFO - Lock released: lock:signal:GMT+3.0:H2:EURJPY
