{
  "timestamp": "2025-09-19T14:25:05.403918",
  "symbol": "USDCAD",
  "request_data": {
    "proposed_signal_json": {
      "symbol": "USDCAD",
      "signal_type": "SELL",
      "order_type_proposed": "LIMIT",
      "entry_price_proposed": 1.38,
      "stop_loss_proposed": 1.381775,
      "take_profit_proposed": 1.375,
      "estimate_win_probability": 60,
      "risk_reward_ratio": 2.81,
      "trailing_stop_loss": 31.4,
      "pips_to_take_profit": 50.0,
      "technical_reasoning": "Bearish confluence: H2 shows Bearish Marubozu/Belthold patterns near resistance with weakening momentum. Primary bearish bias supported by M30 Bearish Longline & MACD divergence. Strategic LIMIT entry at 1.38 (historic resistance) with SL above swing high + ATR buffer. TP targets 1.375 support with strong R:R 2.8:1. Volatility-adjusted SL passes quality filters.",
      "cache_key": "signal:GMT+3.0:H2:USDCAD",
      "timestamp": "2025-09-19T14:25:04.559349Z"
    },
    "account_info_json": {
      "login": 96502956,
      "leverage": 500,
      "limit_orders": 200,
      "balance": 485.05,
      "profit": 0.0,
      "equity": 485.05,
      "margin_free": 485.05,
      "margin_level": 0.0,
      "margin_so_call": 50.0,
      "commission_blocked": 0.0,
      "currency": "USD",
      "server": "MetaQuotes-Demo",
      "company": "MetaQuotes Ltd."
    },
    "symbol_info": {
      "ask": 1.37944,
      "bid": 1.3794,
      "spread": 4,
      "swap_long": -0.8,
      "swap_short": -0.4,
      "digits": 5,
      "point": 1e-05,
      "trade_tick_size": 1e-05,
      "trade_tick_value": 0.724931856405498,
      "volume_min": 0.01,
      "volume_max": 500.0,
      "volume_step": 0.01,
      "currency_profit": "CAD",
      "currency_base": "USD",
      "currency_margin": "USD",
      "current_usdjpy_rate": 147.827,
      "trade_contract_size": 100000.0
    },
    "portfolio_exposure_json": {
      "active_positions": [],
      "pending_orders": [],
      "summary": {
        "total_active_positions": 0,
        "total_pending_orders": 0,
        "total_potential_loss_from_portfolio_usd": 0.0,
        "total_margin_used_from_portfolio_usd": 0.0
      }
    },
    "balance_config": {
      "max_position": 3,
      "max_risk": 2.0,
      "total_max_risk": 6
    },
    "correlation_groups_json": {
      "JPY_PAIRS": [
        "USDJPY",
        "EURJPY",
        "GBPJPY",
        "AUDJPY",
        "NZDJPY",
        "CADJPY",
        "CHFJPY"
      ],
      "COMMODITY_DOLLARS": [
        "AUDUSD",
        "NZDUSD",
        "USDCAD"
      ],
      "EURO_BLOCK": [
        "EURUSD",
        "GBPUSD",
        "EURGBP",
        "EURCHF"
      ],
      "ANTI_USD_MAJORS": [
        "EURUSD",
        "GBPUSD",
        "AUDUSD",
        "NZDUSD"
      ]
    },
    "symbol": {
      "origin_name": "USDCAD"
    },
    "lot_size_to_margin_map": {
      "0.01": 2.0,
      "0.02": 4.0,
      "0.03": 6.0,
      "0.04": 8.0,
      "0.05": 10.0,
      "0.06": 12.0,
      "0.07": 14.0,
      "0.08": 16.0,
      "0.09": 18.0,
      "0.10": 20.0,
      "0.11": 22.0,
      "0.12": 24.0,
      "0.13": 26.0,
      "0.14": 28.0,
      "0.15": 30.0,
      "0.16": 32.0,
      "0.17": 34.0,
      "0.18": 36.0,
      "0.19": 38.0,
      "0.20": 40.0,
      "0.21": 42.0,
      "0.22": 44.0,
      "0.23": 46.0,
      "0.24": 48.0,
      "0.25": 50.0,
      "0.26": 52.0,
      "0.27": 54.0,
      "0.28": 56.0,
      "0.29": 58.0,
      "0.30": 60.0,
      "0.31": 62.0,
      "0.32": 64.0,
      "0.33": 66.0,
      "0.34": 68.0,
      "0.35": 70.0,
      "0.36": 72.0,
      "0.37": 74.0,
      "0.38": 76.0,
      "0.39": 78.0,
      "0.40": 80.0,
      "0.41": 82.0,
      "0.42": 84.0,
      "0.43": 86.0,
      "0.44": 88.0,
      "0.45": 90.0,
      "0.46": 92.0,
      "0.47": 94.0,
      "0.48": 96.0,
      "0.49": 98.0,
      "0.50": 100.0,
      "0.51": 102.0,
      "0.52": 104.0,
      "0.53": 106.0,
      "0.54": 108.0,
      "0.55": 110.0,
      "0.56": 112.0,
      "0.57": 114.0,
      "0.58": 116.0,
      "0.59": 118.0,
      "0.60": 120.0,
      "0.61": 122.0,
      "0.62": 124.0,
      "0.63": 126.0,
      "0.64": 128.0,
      "0.65": 130.0,
      "0.66": 132.0,
      "0.67": 134.0,
      "0.68": 136.0,
      "0.69": 138.0,
      "0.70": 140.0,
      "0.71": 142.0,
      "0.72": 144.0,
      "0.73": 146.0,
      "0.74": 148.0,
      "0.75": 150.0,
      "0.76": 152.0,
      "0.77": 154.0,
      "0.78": 156.0,
      "0.79": 158.0,
      "0.80": 160.0,
      "0.81": 162.0,
      "0.82": 164.0,
      "0.83": 166.0,
      "0.84": 168.0,
      "0.85": 170.0,
      "0.86": 172.0,
      "0.87": 174.0,
      "0.88": 176.0,
      "0.89": 178.0,
      "0.90": 180.0,
      "0.91": 182.0,
      "0.92": 184.0,
      "0.93": 186.0,
      "0.94": 188.0,
      "0.95": 190.0,
      "0.96": 192.0,
      "0.97": 194.0,
      "0.98": 196.0,
      "0.99": 198.0,
      "1.00": 200.0
    }
  },
  "response_data": {
    "signal": "SELL",
    "status": "CONTINUE",
    "lot_size": 0.03,
    "entry_price": 1.38,
    "stop_loss": 1.381775,
    "take_profit": 1.3773374999999999,
    "trailing_stop_loss": 31.4,
    "order_type": "LIMIT",
    "estimate_win_probability": 60,
    "symbol": "USDCAD",
    "estimate_profit": 5.790393203038939,
    "estimate_loss": -3.860262135359454,
    "technical_reasoning": "Bearish confluence: H2 shows Bearish Marubozu/Belthold patterns near resistance with weakening momentum. Primary bearish bias supported by M30 Bearish Longline & MACD divergence. Strategic LIMIT entry at 1.38 (historic resistance) with SL above swing high + ATR buffer. TP targets 1.375 support with strong R:R 2.8:1. Volatility-adjusted SL passes quality filters.",
    "risk_reward_before": 2.816901408450514,
    "risk_reward_after": 1.4999999999999374,
    "correlated_symbols": [],
    "delete_pending_orders": null
  },
  "log_type": "risk_manager"
}