{
  "timestamp": "2025-09-12T13:34:27.736454",
  "symbol": "GBPUSD",
  "timeframe": "H2",
  "request_data": {
    "cache_key": {
      "timezone": "GMT+3.0",
      "timeframe": "H2",
      "symbol": "GBPUSD"
    },
    "symbol": "GBPUSD",
    "timeframe": "H2",
    "account_info": {
      "leverage": 500,
      "limit_orders": 200,
      "balance": 423.81,
      "profit": 0.0,
      "equity": 423.81,
      "margin_free": 423.81,
      "margin_level": 0.0,
      "margin_so_call": 100.0,
      "commission_blocked": 0.0,
      "currency": "USD",
      "server": "ICMarketsSC-Demo",
      "company": "Raw Trading Ltd"
    },
    "balance_config": {
      "max_position": 3,
      "max_risk": 2.0,
      "total_max_risk": 6
    },
    "max_positions": 3,
    "active_orders_summary": "total_active_orders: 0",
    "pending_orders_summary": "total_pending_orders: 0",
    "portfolio_exposure": {
      "active_positions": [],
      "pending_orders": [],
      "summary": {
        "total_active_positions": 0,
        "total_pending_orders": 0,
        "total_potential_loss_from_portfolio_usd": 0.0,
        "total_margin_used_from_portfolio_usd": 0.0
      }
    },
    "account_type_details": {
      "name": "STANDARD",
      "multiplier": 100000,
      "description": "Standard Account (1 lot = 100,000 units)",
      "pip_value": 10.0
    },
    "symbol_info": {
      "ask": 1.3545099999999999,
      "bid": 1.3544800000000001,
      "spread": 3,
      "swap_long": -6.095,
      "swap_short": -1.915,
      "digits": 5,
      "point": 1e-05,
      "trade_tick_size": 1e-05,
      "trade_tick_value": 1.0,
      "volume_min": 0.01,
      "volume_max": 200.0,
      "volume_step": 0.01,
      "currency_profit": "USD",
      "currency_base": "GBP",
      "currency_margin": "GBP",
      "current_usdjpy_rate": 147.785,
      "trade_contract_size": 100000.0
    },
    "multi_timeframes": {
      "D1": {
        "indicators": {
          "rsi": 58.853769992383945,
          "macd": [
            0.002127242685264319,
            0.0013528692134981918,
            0.0007743734717661271
          ],
          "bollinger_bands": [
            1.3493555,
            1.3589557532313268,
            1.339755246768673
          ],
          "atr": 0.008422142857142854,
          "adx": [
            18.295848868794888,
            16.43626494784135,
            20.71919260452847
          ],
          "sma_100": 1.3468212,
          "sma_200": 1.3086558,
          "volume_sma_250": 88137.08
        },
        "analyze_price_action": {
          "time_context": {
            "start_time": "2024-09-26 00:00:00 UTC",
            "end_time": "2025-09-12 00:00:00 UTC",
            "total_candles": 250
          },
          "key_levels": {
            "period_high": {
              "price": 1.37887,
              "time": "2025-07-01 00:00:00"
            },
            "period_low": {
              "price": 1.20995,
              "time": "2025-01-13 00:00:00"
            },
            "resistance": [
              {
                "price": 1.25233,
                "type": "swing_high",
                "time": "2025-01-27 00:00:00",
                "recency": "intermediate"
              },
              {
                "price": 1.255,
                "type": "swing_high",
                "time": "2025-02-05 00:00:00",
                "recency": "intermediate"
              },
              {
                "price": 1.28111,
                "type": "swing_high",
                "time": "2024-12-06 00:00:00",
                "recency": "intermediate"
              },
              {
                "price": 1.30151,
                "type": "swing_high",
                "time": "2025-03-20 00:00:00",
                "recency": "intermediate"
              },
              {
                "price": 1.3048,
                "type": "swing_high",
                "time": "2024-11-06 00:00:00",
                "recency": "historic"
              },
              {
                "price": 1.32072,
                "type": "swing_high",
                "time": "2025-04-03 00:00:00",
                "recency": "intermediate"
              },
              {
                "price": 1.3444,
                "type": "swing_high",
                "time": "2025-04-28 00:00:00",
                "recency": "intermediate"
              },
              {
                "price": 1.355,
                "type": "round_number",
                "time": null,
                "recency": "historic"
              },
              {
                "price": 1.35889,
                "type": "swing_high",
                "time": "2025-07-24 00:00:00",
                "recency": "recent"
              },
              {
                "price": 1.35934,
                "type": "swing_high",
                "time": "2025-05-26 00:00:00",
                "recency": "intermediate"
              },
              {
                "price": 1.35948,
                "type": "swing_high",
                "time": "2025-08-14 00:00:00",
                "recency": "recent"
              },
              {
                "price": 1.36,
                "type": "round_number",
                "time": null,
                "recency": "historic"
              },
              {
                "price": 1.36327,
                "type": "swing_high",
                "time": "2025-06-13 00:00:00",
                "recency": "intermediate"
              },
              {
                "price": 1.365,
                "type": "round_number",
                "time": null,
                "recency": "historic"
              },
              {
                "price": 1.37,
                "type": "round_number",
                "time": null,
                "recency": "historic"
              },
              {
                "price": 1.37887,
                "type": "swing_high",
                "time": "2025-07-01 00:00:00",
                "recency": "intermediate"
              }
            ],
            "support": [
              {
                "price": 1.35,
                "type": "round_number",
                "time": null,
                "recency": "historic"
              },
              {
                "price": 1.345,
                "type": "round_number",
                "time": null,
                "recency": "historic"
              },
              {
                "price": 1.34,
                "type": "round_number",
                "time": null,
                "recency": "historic"
              },
              {
                "price": 1.33906,
                "type": "swing_low",
                "time": "2025-08-22 00:00:00",
                "recency": "recent"
              },
              {
                "price": 1.33704,
                "type": "swing_low",
                "time": "2025-06-23 00:00:00",
                "recency": "intermediate"
              },
              {
                "price": 1.3365,
                "type": "swing_low",
                "time": "2025-07-16 00:00:00",
                "recency": "recent"
              },
              {
                "price": 1.335,
                "type": "round_number",
                "time": null,
                "recency": "historic"
              },
              {
                "price": 1.33333,
                "type": "swing_low",
                "time": "2025-09-03 00:00:00",
                "recency": "recent"
              },
              {
                "price": 1.31414,
                "type": "swing_low",
                "time": "2025-08-01 00:00:00",
                "recency": "recent"
              },
              {
                "price": 1.314,
                "type": "swing_low",
                "time": "2025-05-12 00:00:00",
                "recency": "intermediate"
              },
              {
                "price": 1.29075,
                "type": "swing_low",
                "time": "2024-10-23 00:00:00",
                "recency": "historic"
              },
              {
                "price": 1.28709,
                "type": "swing_low",
                "time": "2025-03-27 00:00:00",
                "recency": "intermediate"
              },
              {
                "price": 1.2708,
                "type": "swing_low",
                "time": "2025-04-07 00:00:00",
                "recency": "intermediate"
              },
              {
                "price": 1.25593,
                "type": "swing_low",
                "time": "2025-02-28 00:00:00",
                "recency": "intermediate"
              },
              {
                "price": 1.24872,
                "type": "swing_low",
                "time": "2024-11-22 00:00:00",
                "recency": "historic"
              },
              {
                "price": 1.24753,
                "type": "swing_low",
                "time": "2024-12-20 00:00:00",
                "recency": "intermediate"
              },
              {
                "price": 1.23326,
                "type": "swing_low",
                "time": "2025-02-11 00:00:00",
                "recency": "intermediate"
              },
              {
                "price": 1.22496,
                "type": "swing_low",
                "time": "2025-02-03 00:00:00",
                "recency": "intermediate"
              },
              {
                "price": 1.20995,
                "type": "swing_low",
                "time": "2025-01-13 00:00:00",
                "recency": "intermediate"
              }
            ]
          },
          "price_patterns": {
            "all_detected_on_last": [
              "Bearish HARAMI",
              "Bearish SHORTLINE"
            ],
            "last_single_candle_pattern": "N/A",
            "last_multi_candle_pattern": "Bearish HARAMI"
          },
          "volume_context": {
            "status": "Normal",
            "interpretation": "Volume is at an average level."
          },
          "current_price_context": {
            "price": 1.3544800000000001,
            "position_relative_to_levels": "Price is approaching resistance at 1.355.",
            "nearest_resistance": {
              "price": 1.355,
              "type": "round_number",
              "time": null,
              "recency": "historic"
            },
            "nearest_support": {
              "price": 1.35,
              "type": "round_number",
              "time": null,
              "recency": "historic"
            }
          }
        }
      },
      "H2": {
        "indicators": {
          "rsi": 59.18618988902658,
          "macd": [
            0.0003915813652284328,
            0.000628251404415743,
            -0.0002366700391873102
          ],
          "bollinger_bands": [
            1.354799,
            1.35920354263113,
            1.3503944573688702
          ],
          "atr": 0.0023171428571428588,
          "adx": [
            12.926450701418934,
            20.71516646115923,
            15.567200986436486
          ],
          "sma_100": 1.3493810000000002,
          "sma_200": 1.3489579999999999,
          "volume_sma_250": 5920.252
        },
        "analyze_price_action": {
          "time_context": {
            "start_time": "2025-08-14 22:00:00 UTC",
            "end_time": "2025-09-12 16:00:00 UTC",
            "total_candles": 250
          },
          "key_levels": {
            "period_high": {
              "price": 1.35906,
              "time": "2025-09-09 12:00:00"
            },
            "period_low": {
              "price": 1.33333,
              "time": "2025-09-03 10:00:00"
            },
            "resistance": [
              {
                "price": 1.34585,
                "type": "swing_high",
                "time": "2025-09-03 20:00:00",
                "recency": "intermediate"
              },
              {
                "price": 1.34592,
                "type": "swing_high",
                "time": "2025-09-04 12:00:00",
                "recency": "intermediate"
              },
              {
                "price": 1.34829,
                "type": "swing_high",
                "time": "2025-08-21 12:00:00",
                "recency": "intermediate"
              },
              {
                "price": 1.34931,
                "type": "swing_high",
                "time": "2025-08-26 14:00:00",
                "recency": "intermediate"
              },
              {
                "price": 1.35095,
                "type": "swing_high",
                "time": "2025-08-20 10:00:00",
                "recency": "historic"
              },
              {
                "price": 1.35307,
                "type": "swing_high",
                "time": "2025-08-28 20:00:00",
                "recency": "intermediate"
              },
              {
                "price": 1.35312,
                "type": "swing_high",
                "time": "2025-08-19 12:00:00",
                "recency": "historic"
              },
              {
                "price": 1.35442,
                "type": "swing_high",
                "time": "2025-08-22 18:00:00",
                "recency": "intermediate"
              },
              {
                "price": 1.355,
                "type": "swing_high",
                "time": "2025-09-01 22:00:00",
                "recency": "intermediate"
              },
              {
                "price": 1.35548,
                "type": "swing_high",
                "time": "2025-09-05 16:00:00",
                "recency": "intermediate"
              },
              {
                "price": 1.35647,
                "type": "swing_high",
                "time": "2025-09-10 14:00:00",
                "recency": "recent"
              },
              {
                "price": 1.35653,
                "type": "swing_high",
                "time": "2025-08-18 06:00:00",
                "recency": "historic"
              },
              {
                "price": 1.3575,
                "type": "swing_high",
                "time": "2025-08-15 16:00:00",
                "recency": "historic"
              },
              {
                "price": 1.35829,
                "type": "swing_high",
                "time": "2025-09-11 20:00:00",
                "recency": "recent"
              },
              {
                "price": 1.35906,
                "type": "swing_high",
                "time": "2025-09-09 12:00:00",
                "recency": "recent"
              },
              {
                "price": 1.36,
                "type": "round_number",
                "time": null,
                "recency": "historic"
              }
            ],
            "support": [
              {
                "price": 1.35131,
                "type": "swing_low",
                "time": "2025-09-10 10:00:00",
                "recency": "recent"
              },
              {
                "price": 1.35,
                "type": "round_number",
                "time": null,
                "recency": "historic"
              },
              {
                "price": 1.34938,
                "type": "swing_low",
                "time": "2025-09-11 14:00:00",
                "recency": "recent"
              },
              {
                "price": 1.34868,
                "type": "swing_low",
                "time": "2025-08-19 04:00:00",
                "recency": "historic"
              },
              {
                "price": 1.34829,
                "type": "swing_low",
                "time": "2025-08-28 10:00:00",
                "recency": "intermediate"
              },
              {
                "price": 1.3462,
                "type": "swing_low",
                "time": "2025-08-20 04:00:00",
                "recency": "historic"
              },
              {
                "price": 1.345,
                "type": "round_number",
                "time": null,
                "recency": "historic"
              },
              {
                "price": 1.34477,
                "type": "swing_low",
                "time": "2025-08-20 18:00:00",
                "recency": "historic"
              },
              {
                "price": 1.34464,
                "type": "swing_low",
                "time": "2025-08-29 14:00:00",
                "recency": "intermediate"
              },
              {
                "price": 1.34348,
                "type": "swing_low",
                "time": "2025-08-26 10:00:00",
                "recency": "intermediate"
              },
              {
                "price": 1.34166,
                "type": "swing_low",
                "time": "2025-08-27 14:00:00",
                "recency": "intermediate"
              },
              {
                "price": 1.34164,
                "type": "swing_low",
                "time": "2025-09-04 10:00:00",
                "recency": "intermediate"
              },
              {
                "price": 1.34,
                "type": "round_number",
                "time": null,
                "recency": "historic"
              },
              {
                "price": 1.33906,
                "type": "swing_low",
                "time": "2025-08-22 08:00:00",
                "recency": "intermediate"
              },
              {
                "price": 1.335,
                "type": "round_number",
                "time": null,
                "recency": "historic"
              },
              {
                "price": 1.33403,
                "type": "swing_low",
                "time": "2025-09-02 14:00:00",
                "recency": "intermediate"
              },
              {
                "price": 1.33333,
                "type": "swing_low",
                "time": "2025-09-03 10:00:00",
                "recency": "intermediate"
              }
            ]
          },
          "price_patterns": {
            "all_detected_on_last": [
              "Bullish DOJI",
              "Bullish DRAGONFLYDOJI",
              "Bullish HARAMI",
              "Bullish HARAMICROSS",
              "Bullish LONGLEGGEDDOJI",
              "Bullish RICKSHAWMAN",
              "Bullish SHORTLINE",
              "Bullish SPINNINGTOP",
              "Bullish TAKURI"
            ],
            "last_single_candle_pattern": "Bullish DOJI",
            "last_multi_candle_pattern": "Bullish DRAGONFLYDOJI"
          },
          "volume_context": {
            "status": "Below Average",
            "interpretation": "Low volume suggests lack of interest or conviction."
          },
          "current_price_context": {
            "price": 1.3544800000000001,
            "position_relative_to_levels": "Price is approaching resistance at 1.355.",
            "nearest_resistance": {
              "price": 1.355,
              "type": "swing_high",
              "time": "2025-09-01 22:00:00",
              "recency": "intermediate"
            },
            "nearest_support": {
              "price": 1.35131,
              "type": "swing_low",
              "time": "2025-09-10 10:00:00",
              "recency": "recent"
            }
          }
        }
      },
      "M30": {
        "indicators": {
          "rsi": 43.72384937238564,
          "macd": [
            -0.00040563393105719214,
            -0.00033736037754521957,
            -6.827355351197257e-05
          ],
          "bollinger_bands": [
            1.355077,
            1.3568824782133548,
            1.3532715217866453
          ],
          "atr": 0.0013607142857142865,
          "adx": [
            18.528886986544215,
            21.889763779526415,
            29.973753280839254
          ],
          "sma_100": 1.3544815,
          "sma_200": 1.35442345,
          "volume_sma_250": 1647.044
        },
        "analyze_price_action": {
          "time_context": {
            "start_time": "2025-09-04 11:00:00 UTC",
            "end_time": "2025-09-12 16:30:00 UTC",
            "total_candles": 300
          },
          "key_levels": {
            "period_high": {
              "price": 1.35906,
              "time": "2025-09-09 12:30:00"
            },
            "period_low": {
              "price": 1.34172,
              "time": "2025-09-04 17:30:00"
            },
            "resistance": [
              {
                "price": 1.3437,
                "type": "swing_high",
                "time": "2025-09-04 23:00:00",
                "recency": "historic"
              },
              {
                "price": 1.34572,
                "type": "swing_high",
                "time": "2025-09-05 05:30:00",
                "recency": "historic"
              },
              {
                "price": 1.35057,
                "type": "swing_high",
                "time": "2025-09-08 05:30:00",
                "recency": "historic"
              },
              {
                "price": 1.35307,
                "type": "swing_high",
                "time": "2025-09-10 01:30:00",
                "recency": "intermediate"
              },
              {
                "price": 1.354,
                "type": "swing_high",
                "time": "2025-09-11 02:00:00",
                "recency": "intermediate"
              },
              {
                "price": 1.35435,
                "type": "swing_high",
                "time": "2025-09-10 09:00:00",
                "recency": "intermediate"
              },
              {
                "price": 1.35459,
                "type": "swing_high",
                "time": "2025-09-10 12:30:00",
                "recency": "intermediate"
              },
              {
                "price": 1.355,
                "type": "round_number",
                "time": null,
                "recency": "historic"
              },
              {
                "price": 1.35548,
                "type": "swing_high",
                "time": "2025-09-05 17:00:00",
                "recency": "historic"
              },
              {
                "price": 1.3555,
                "type": "swing_high",
                "time": "2025-09-08 22:00:00",
                "recency": "intermediate"
              },
              {
                "price": 1.35564,
                "type": "swing_high",
                "time": "2025-09-08 16:30:00",
                "recency": "intermediate"
              },
              {
                "price": 1.35628,
                "type": "swing_high",
                "time": "2025-09-12 14:00:00",
                "recency": "recent"
              },
              {
                "price": 1.35647,
                "type": "swing_high",
                "time": "2025-09-10 15:30:00",
                "recency": "intermediate"
              },
              {
                "price": 1.35749,
                "type": "swing_high",
                "time": "2025-09-12 10:00:00",
                "recency": "recent"
              },
              {
                "price": 1.35806,
                "type": "swing_high",
                "time": "2025-09-12 02:00:00",
                "recency": "recent"
              },
              {
                "price": 1.35827,
                "type": "swing_high",
                "time": "2025-09-09 09:00:00",
                "recency": "intermediate"
              },
              {
                "price": 1.35829,
                "type": "swing_high",
                "time": "2025-09-11 20:00:00",
                "recency": "recent"
              },
              {
                "price": 1.35906,
                "type": "swing_high",
                "time": "2025-09-09 12:30:00",
                "recency": "intermediate"
              },
              {
                "price": 1.36,
                "type": "round_number",
                "time": null,
                "recency": "historic"
              }
            ],
            "support": [
              {
                "price": 1.35636,
                "type": "swing_low",
                "time": "2025-09-12 00:00:00",
                "recency": "recent"
              },
              {
                "price": 1.35578,
                "type": "swing_low",
                "time": "2025-09-09 09:30:00",
                "recency": "intermediate"
              },
              {
                "price": 1.35405,
                "type": "swing_low",
                "time": "2025-09-09 00:00:00",
                "recency": "intermediate"
              },
              {
                "price": 1.35299,
                "type": "swing_low",
                "time": "2025-09-12 12:00:00",
                "recency": "recent"
              },
              {
                "price": 1.35274,
                "type": "swing_low",
                "time": "2025-09-08 21:00:00",
                "recency": "intermediate"
              },
              {
                "price": 1.35235,
                "type": "swing_low",
                "time": "2025-09-10 15:30:00",
                "recency": "intermediate"
              },
              {
                "price": 1.35231,
                "type": "swing_low",
                "time": "2025-09-09 18:00:00",
                "recency": "intermediate"
              },
              {
                "price": 1.35225,
                "type": "swing_low",
                "time": "2025-09-11 05:00:00",
                "recency": "intermediate"
              },
              {
                "price": 1.35192,
                "type": "swing_low",
                "time": "2025-09-11 00:30:00",
                "recency": "intermediate"
              },
              {
                "price": 1.35171,
                "type": "swing_low",
                "time": "2025-09-10 00:00:00",
                "recency": "intermediate"
              },
              {
                "price": 1.35147,
                "type": "swing_low",
                "time": "2025-09-10 04:30:00",
                "recency": "intermediate"
              },
              {
                "price": 1.35131,
                "type": "swing_low",
                "time": "2025-09-10 10:00:00",
                "recency": "intermediate"
              },
              {
                "price": 1.35022,
                "type": "swing_low",
                "time": "2025-09-08 13:00:00",
                "recency": "intermediate"
              },
              {
                "price": 1.35,
                "type": "round_number",
                "time": null,
                "recency": "historic"
              },
              {
                "price": 1.34939,
                "type": "swing_low",
                "time": "2025-09-11 12:30:00",
                "recency": "intermediate"
              },
              {
                "price": 1.34938,
                "type": "swing_low",
                "time": "2025-09-11 15:30:00",
                "recency": "intermediate"
              },
              {
                "price": 1.34868,
                "type": "swing_low",
                "time": "2025-09-08 07:00:00",
                "recency": "historic"
              },
              {
                "price": 1.34824,
                "type": "swing_low",
                "time": "2025-09-08 01:30:00",
                "recency": "historic"
              },
              {
                "price": 1.34575,
                "type": "swing_low",
                "time": "2025-09-05 15:00:00",
                "recency": "historic"
              },
              {
                "price": 1.345,
                "type": "round_number",
                "time": null,
                "recency": "historic"
              },
              {
                "price": 1.3448,
                "type": "swing_low",
                "time": "2025-09-05 07:30:00",
                "recency": "historic"
              },
              {
                "price": 1.34212,
                "type": "swing_low",
                "time": "2025-09-05 00:00:00",
                "recency": "historic"
              },
              {
                "price": 1.34172,
                "type": "swing_low",
                "time": "2025-09-04 17:30:00",
                "recency": "historic"
              },
              {
                "price": 1.34,
                "type": "round_number",
                "time": null,
                "recency": "historic"
              }
            ]
          },
          "price_patterns": {
            "all_detected_on_last": [
              "Bullish ENGULFING",
              "Bullish SHORTLINE"
            ],
            "last_single_candle_pattern": "N/A",
            "last_multi_candle_pattern": "Bullish ENGULFING"
          },
          "volume_context": {
            "status": "Below Average",
            "interpretation": "Low volume suggests lack of interest or conviction."
          },
          "current_price_context": {
            "price": 1.3544800000000001,
            "position_relative_to_levels": "Price is approaching resistance at 1.35459.",
            "nearest_resistance": {
              "price": 1.35459,
              "type": "swing_high",
              "time": "2025-09-10 12:30:00",
              "recency": "intermediate"
            },
            "nearest_support": {
              "price": 1.35405,
              "type": "swing_low",
              "time": "2025-09-09 00:00:00",
              "recency": "intermediate"
            }
          }
        }
      }
    }
  },
  "response_data": {
    "success": true,
    "errorMsg": "",
    "errorCode": 0,
    "data": {
      "symbol": "GBPUSD",
      "signal_type": "HOLD",
      "order_type_proposed": null,
      "entry_price_proposed": null,
      "stop_loss_proposed": null,
      "take_profit_proposed": null,
      "estimate_win_probability": null,
      "risk_reward_ratio": null,
      "trailing_stop_loss": null,
      "pips_to_take_profit": null,
      "technical_reasoning": "Mixed technical signals with conflicting indicators. Price approaches key resistance at 1.355 with bearish D1 patterns but bullish intraday reversal signals. Low volume and weak momentum (MACD divergence on H2) undermine conviction. All scenarios failed quality filters: Pullback entry violated minimum SL distance (11.6 pips < 23.2 ATR), Breakout entry showed R:R <1.5. Market structure suggests consolidation near resistance with insufficient technical edge for high-probability entry."
    }
  },
  "log_type": "signal_analysis"
}