2025-09-11 17:18:51,633 - trading_api - INFO - Signal request received for EURUSD H2
2025-09-11 17:19:09,934 - trading_api - INFO - Signal request completed for EURUSD H2
2025-09-11 17:19:41,417 - trading_api - INFO - Signal request received for EURUSD H2
2025-09-11 17:19:41,423 - trading_api - INFO - Signal request completed for EURUSD H2
2025-09-11 17:19:42,360 - trading_api - INFO - Signal request received for EURUSD H2
2025-09-11 17:19:42,363 - trading_api - INFO - Signal request completed for EURUSD H2
2025-09-11 17:19:43,960 - trading_api - INFO - Signal request received for EURUSD H2
2025-09-11 17:19:43,963 - trading_api - INFO - Signal request completed for EURUSD H2
2025-09-11 17:19:45,240 - trading_api - INFO - Signal request received for EURUSD H2
2025-09-11 17:19:45,242 - trading_api - INFO - Signal request completed for EURUSD H2
2025-09-11 17:19:46,250 - trading_api - INFO - Signal request received for EURUSD H2
2025-09-11 17:19:46,251 - trading_api - INFO - Signal request completed for EURUSD H2
2025-09-11 17:19:47,250 - trading_api - INFO - Signal request received for EURUSD H2
2025-09-11 17:19:47,252 - trading_api - INFO - Signal request completed for EURUSD H2
2025-09-11 17:21:01,338 - trading_api - INFO - Signal request received for EURUSD H2
2025-09-11 17:21:01,340 - trading_api - INFO - Signal request completed for EURUSD H2
2025-09-11 17:21:09,826 - trading_api - INFO - Signal request received for EURUSD H2
2025-09-11 17:21:37,983 - trading_api - INFO - Signal request completed for EURUSD H2
2025-09-11 23:45:26,902 - trading_api - INFO - Signal request received for EURUSD H2
2025-09-11 23:46:03,194 - trading_api - INFO - Signal request completed for EURUSD H2
2025-09-12 12:09:57,441 - trading_api - INFO - Signal request received for EURUSD H2
2025-09-12 12:10:32,656 - trading_api - INFO - Signal request completed for EURUSD H2
2025-09-12 12:11:00,221 - trading_api - INFO - Signal request received for EURUSD H2
2025-09-12 12:11:39,988 - trading_api - INFO - Signal request completed for EURUSD H2
2025-09-12 12:35:51,886 - trading_api - INFO - Risk manager request received for NZDUSD
2025-09-12 12:35:51,930 - trading_api - INFO - Risk manager request completed for NZDUSD
2025-09-12 12:36:18,033 - trading_api - INFO - Risk manager request received for NZDUSD
2025-09-12 12:36:18,075 - trading_api - INFO - Risk manager request completed for NZDUSD
2025-09-12 12:36:32,516 - trading_api - INFO - Risk manager request received for NZDUSD
2025-09-12 12:36:32,558 - trading_api - INFO - Risk manager request completed for NZDUSD
2025-09-12 12:37:03,547 - trading_api - INFO - Risk manager request received for NZDUSD
2025-09-12 12:37:03,566 - trading_api - INFO - Risk manager request completed for NZDUSD
2025-09-12 13:33:55,087 - trading_api - INFO - Signal request received for EURUSD H2
2025-09-12 13:34:07,326 - trading_api - INFO - Signal request completed for EURUSD H2
2025-09-12 13:34:07,838 - trading_api - INFO - Signal request received for GBPUSD H2
2025-09-12 13:34:27,744 - trading_api - INFO - Signal request completed for GBPUSD H2
2025-09-12 13:34:28,194 - trading_api - INFO - Signal request received for USDJPY H2
2025-09-12 13:34:52,072 - trading_api - INFO - Signal request completed for USDJPY H2
2025-09-12 13:34:52,510 - trading_api - INFO - Signal request received for USDCHF H2
2025-09-12 13:35:11,708 - trading_api - INFO - Signal request completed for USDCHF H2
2025-09-12 13:35:12,243 - trading_api - INFO - Signal request received for USDCAD H2
2025-09-12 13:35:32,317 - trading_api - INFO - Signal request completed for USDCAD H2
2025-09-12 13:35:32,935 - trading_api - INFO - Signal request received for AUDUSD H2
2025-09-12 13:36:03,955 - trading_api - INFO - Signal request received for AUDUSD H2
2025-09-12 13:38:04,121 - trading_api - INFO - Signal request completed for AUDUSD H2
2025-09-12 13:38:04,124 - trading_api - INFO - Signal request received for AUDUSD H2
2025-09-12 13:38:04,138 - trading_api - INFO - Signal request received for NZDUSD H2
2025-09-12 13:38:21,347 - trading_api - INFO - Signal request completed for NZDUSD H2
2025-09-12 13:38:26,238 - trading_api - INFO - Signal request completed for AUDUSD H2
2025-09-12 13:38:26,273 - trading_api - INFO - Signal request completed for AUDUSD H2
