{
  "timestamp": "2025-09-19T14:26:04.953450",
  "symbol": "EURGBP",
  "request_data": {
    "proposed_signal_json": {
      "symbol": "EURGBP",
      "signal_type": "BUY",
      "order_type_proposed": "LIMIT",
      "entry_price_proposed": 0.8705,
      "stop_loss_proposed": 0.8699,
      "take_profit_proposed": 0.875,
      "estimate_win_probability": 65,
      "risk_reward_ratio": 7.56,
      "trailing_stop_loss": 23.8,
      "pips_to_take_profit": 45.0,
      "technical_reasoning": "Bullish confluence across D1/H2 with strong SMAs/ADX support. Strategic LIMIT entry at 0.8705 (H2/M30 support cluster) with fortress SL below swing low + ATR buffer. TP targets D1 resistance at 0.875. Exceptional 7.56 R:R justifies moderate probability despite H2 overbought RSI.",
      "cache_key": "signal:GMT+3.0:H2:EURGBP",
      "timestamp": "2025-09-19T14:26:03.676583Z"
    },
    "account_info_json": {
      "login": 96502956,
      "leverage": 500,
      "limit_orders": 200,
      "balance": 485.05,
      "profit": 0.0,
      "equity": 485.05,
      "margin_free": 485.05,
      "margin_level": 0.0,
      "margin_so_call": 50.0,
      "commission_blocked": 0.0,
      "currency": "USD",
      "server": "MetaQuotes-Demo",
      "company": "MetaQuotes Ltd."
    },
    "symbol_info": {
      "ask": 0.87163,
      "bid": 0.87155,
      "spread": 8,
      "swap_long": -1.2,
      "swap_short": -0.4,
      "digits": 5,
      "point": 1e-05,
      "trade_tick_size": 1e-05,
      "trade_tick_value": 1.34957,
      "volume_min": 0.01,
      "volume_max": 500.0,
      "volume_step": 0.01,
      "currency_profit": "GBP",
      "currency_base": "EUR",
      "currency_margin": "EUR",
      "current_usdjpy_rate": 147.815,
      "trade_contract_size": 100000.0
    },
    "portfolio_exposure_json": {
      "active_positions": [],
      "pending_orders": [
        {
          "ticket": 4669045562,
          "symbol": "USDCAD",
          "type": "SELL_LIMIT",
          "volume": 0.03,
          "entry_price": 1.38,
          "stop_loss": 1.38178,
          "potential_loss_usd": 3.86,
          "margin_used_usd": 6.0
        }
      ],
      "summary": {
        "total_active_positions": 0,
        "total_pending_orders": 1,
        "total_potential_loss_from_portfolio_usd": 3.86,
        "total_margin_used_from_portfolio_usd": 6.0
      }
    },
    "balance_config": {
      "max_position": 3,
      "max_risk": 2.0,
      "total_max_risk": 6
    },
    "correlation_groups_json": {
      "JPY_PAIRS": [
        "USDJPY",
        "EURJPY",
        "GBPJPY",
        "AUDJPY",
        "NZDJPY",
        "CADJPY",
        "CHFJPY"
      ],
      "COMMODITY_DOLLARS": [
        "AUDUSD",
        "NZDUSD",
        "USDCAD"
      ],
      "EURO_BLOCK": [
        "EURUSD",
        "GBPUSD",
        "EURGBP",
        "EURCHF"
      ],
      "ANTI_USD_MAJORS": [
        "EURUSD",
        "GBPUSD",
        "AUDUSD",
        "NZDUSD"
      ]
    },
    "symbol": {
      "origin_name": "EURGBP"
    },
    "lot_size_to_margin_map": {
      "0.01": 2.35,
      "0.02": 4.71,
      "0.03": 7.06,
      "0.04": 9.41,
      "0.05": 11.76,
      "0.06": 14.12,
      "0.07": 16.47,
      "0.08": 18.82,
      "0.09": 21.17,
      "0.10": 23.52,
      "0.11": 25.88,
      "0.12": 28.23,
      "0.13": 30.58,
      "0.14": 32.93,
      "0.15": 35.29,
      "0.16": 37.64,
      "0.17": 39.99,
      "0.18": 42.34,
      "0.19": 44.7,
      "0.20": 47.05,
      "0.21": 49.4,
      "0.22": 51.75,
      "0.23": 54.1,
      "0.24": 56.46,
      "0.25": 58.81,
      "0.26": 61.16,
      "0.27": 63.51,
      "0.28": 65.87,
      "0.29": 68.22,
      "0.30": 70.57,
      "0.31": 72.92,
      "0.32": 75.28,
      "0.33": 77.63,
      "0.34": 79.98,
      "0.35": 82.33,
      "0.36": 84.69,
      "0.37": 87.04,
      "0.38": 89.39,
      "0.39": 91.74,
      "0.40": 94.1,
      "0.41": 96.45,
      "0.42": 98.8,
      "0.43": 101.15,
      "0.44": 103.5,
      "0.45": 105.86,
      "0.46": 108.21,
      "0.47": 110.56,
      "0.48": 112.91,
      "0.49": 115.27,
      "0.50": 117.62,
      "0.51": 119.97,
      "0.52": 122.32,
      "0.53": 124.68,
      "0.54": 127.03,
      "0.55": 129.38,
      "0.56": 131.73,
      "0.57": 134.09,
      "0.58": 136.44,
      "0.59": 138.79,
      "0.60": 141.14,
      "0.61": 143.5,
      "0.62": 145.85,
      "0.63": 148.2,
      "0.64": 150.55,
      "0.65": 152.9,
      "0.66": 155.26,
      "0.67": 157.61,
      "0.68": 159.96,
      "0.69": 162.31,
      "0.70": 164.67,
      "0.71": 167.02,
      "0.72": 169.37,
      "0.73": 171.72,
      "0.74": 174.08,
      "0.75": 176.43,
      "0.76": 178.78,
      "0.77": 181.13,
      "0.78": 183.49,
      "0.79": 185.84,
      "0.80": 188.19,
      "0.81": 190.54,
      "0.82": 192.9,
      "0.83": 195.25,
      "0.84": 197.6,
      "0.85": 199.95,
      "0.86": 202.3,
      "0.87": 204.66,
      "0.88": 207.01,
      "0.89": 209.36,
      "0.90": 211.71,
      "0.91": 214.07,
      "0.92": 216.42,
      "0.93": 218.77,
      "0.94": 221.12,
      "0.95": 223.48,
      "0.96": 225.83,
      "0.97": 228.18,
      "0.98": 230.53,
      "0.99": 232.89,
      "1.00": 235.24
    }
  },
  "response_data": {
    "signal": "BUY",
    "status": "CONTINUE",
    "lot_size": 0.07,
    "entry_price": 0.8705,
    "stop_loss": 0.8699,
    "take_profit": 0.8714000000000002,
    "trailing_stop_loss": 23.8,
    "order_type": "LIMIT",
    "estimate_win_probability": 65,
    "symbol": "EURGBP",
    "estimate_profit": 8.502291000001161,
    "estimate_loss": -5.668194000000424,
    "technical_reasoning": "Bullish confluence across D1/H2 with strong SMAs/ADX support. Strategic LIMIT entry at 0.8705 (H2/M30 support cluster) with fortress SL below swing low + ATR buffer. TP targets D1 resistance at 0.875. Exceptional 7.56 R:R justifies moderate probability despite H2 overbought RSI.",
    "risk_reward_before": 7.4999999999993525,
    "risk_reward_after": 1.5000000000000926,
    "correlated_symbols": [],
    "delete_pending_orders": null
  },
  "log_type": "risk_manager"
}