{
  "timestamp": "2025-09-12T13:34:07.313561",
  "symbol": "EURUSD",
  "timeframe": "H2",
  "request_data": {
    "cache_key": {
      "timezone": "GMT+3.0",
      "timeframe": "H2",
      "symbol": "EURUSD"
    },
    "symbol": "EURUSD",
    "timeframe": "H2",
    "account_info": {
      "leverage": 500,
      "limit_orders": 200,
      "balance": 423.81,
      "profit": 0.0,
      "equity": 423.81,
      "margin_free": 423.81,
      "margin_level": 0.0,
      "margin_so_call": 100.0,
      "commission_blocked": 0.0,
      "currency": "USD",
      "server": "ICMarketsSC-Demo",
      "company": "Raw Trading Ltd"
    },
    "balance_config": {
      "max_position": 3,
      "max_risk": 2.0,
      "total_max_risk": 6
    },
    "max_positions": 3,
    "active_orders_summary": "total_active_orders: 0",
    "pending_orders_summary": "total_pending_orders: 0",
    "portfolio_exposure": {
      "active_positions": [],
      "pending_orders": [],
      "summary": {
        "total_active_positions": 0,
        "total_pending_orders": 0,
        "total_potential_loss_from_portfolio_usd": 0.0,
        "total_margin_used_from_portfolio_usd": 0.0
      }
    },
    "account_type_details": {
      "name": "STANDARD",
      "multiplier": 100000,
      "description": "Standard Account (1 lot = 100,000 units)",
      "pip_value": 10.0
    },
    "symbol_info": {
      "ask": 1.17109,
      "bid": 1.17109,
      "spread": 0,
      "swap_long": -12.181,
      "swap_short": 3.679,
      "digits": 5,
      "point": 1e-05,
      "trade_tick_size": 1e-05,
      "trade_tick_value": 1.0,
      "volume_min": 0.01,
      "volume_max": 200.0,
      "volume_step": 0.01,
      "currency_profit": "USD",
      "currency_base": "EUR",
      "currency_margin": "EUR",
      "current_usdjpy_rate": 147.776,
      "trade_contract_size": 100000.0
    },
    "multi_timeframes": {
      "D1": {
        "indicators": {
          "rsi": 60.333935018050624,
          "macd": [
            0.002105692925358893,
            0.0017132599213059573,
            0.0003924330040529357
          ],
          "bollinger_bands": [
            1.1677250000000001,
            1.1761448674824397,
            1.1593051325175605
          ],
          "atr": 0.007099285714285689,
          "adx": [
            17.546893169489277,
            20.2233625113189,
            15.011570580541175
          ],
          "sma_100": 1.1543662000000001,
          "sma_200": 1.1093827,
          "volume_sma_250": 67111.74
        },
        "analyze_price_action": {
          "time_context": {
            "start_time": "2024-09-26 00:00:00 UTC",
            "end_time": "2025-09-12 00:00:00 UTC",
            "total_candles": 250
          },
          "key_levels": {
            "period_high": {
              "price": 1.18298,
              "time": "2025-07-01 00:00:00"
            },
            "period_low": {
              "price": 1.01773,
              "time": "2025-01-13 00:00:00"
            },
            "resistance": [
              {
                "price": 1.04584,
                "type": "swing_high",
                "time": "2024-12-30 00:00:00",
                "recency": "intermediate"
              },
              {
                "price": 1.05144,
                "type": "swing_high",
                "time": "2025-02-14 00:00:00",
                "recency": "intermediate"
              },
              {
                "price": 1.05331,
                "type": "swing_high",
                "time": "2025-01-27 00:00:00",
                "recency": "intermediate"
              },
              {
                "price": 1.06298,
                "type": "swing_high",
                "time": "2024-12-06 00:00:00",
                "recency": "intermediate"
              },
              {
                "price": 1.09373,
                "type": "swing_high",
                "time": "2024-11-06 00:00:00",
                "recency": "historic"
              },
              {
                "price": 1.09547,
                "type": "swing_high",
                "time": "2025-03-18 00:00:00",
                "recency": "intermediate"
              },
              {
                "price": 1.14736,
                "type": "swing_high",
                "time": "2025-04-11 00:00:00",
                "recency": "intermediate"
              },
              {
                "price": 1.15733,
                "type": "swing_high",
                "time": "2025-04-21 00:00:00",
                "recency": "intermediate"
              },
              {
                "price": 1.16315,
                "type": "swing_high",
                "time": "2025-06-12 00:00:00",
                "recency": "intermediate"
              },
              {
                "price": 1.17303,
                "type": "swing_high",
                "time": "2025-08-13 00:00:00",
                "recency": "recent"
              },
              {
                "price": 1.17426,
                "type": "swing_high",
                "time": "2025-08-22 00:00:00",
                "recency": "recent"
              },
              {
                "price": 1.175,
                "type": "round_number",
                "time": null,
                "recency": "historic"
              },
              {
                "price": 1.17887,
                "type": "swing_high",
                "time": "2025-07-24 00:00:00",
                "recency": "recent"
              },
              {
                "price": 1.18,
                "type": "round_number",
                "time": null,
                "recency": "historic"
              },
              {
                "price": 1.18298,
                "type": "swing_high",
                "time": "2025-07-01 00:00:00",
                "recency": "intermediate"
              }
            ],
            "support": [
              {
                "price": 1.17,
                "type": "round_number",
                "time": null,
                "recency": "historic"
              },
              {
                "price": 1.165,
                "type": "round_number",
                "time": null,
                "recency": "historic"
              },
              {
                "price": 1.16,
                "type": "round_number",
                "time": null,
                "recency": "historic"
              },
              {
                "price": 1.1574,
                "type": "swing_low",
                "time": "2025-08-27 00:00:00",
                "recency": "recent"
              },
              {
                "price": 1.15562,
                "type": "swing_low",
                "time": "2025-07-17 00:00:00",
                "recency": "recent"
              },
              {
                "price": 1.155,
                "type": "round_number",
                "time": null,
                "recency": "historic"
              },
              {
                "price": 1.14463,
                "type": "swing_low",
                "time": "2025-06-19 00:00:00",
                "recency": "intermediate"
              },
              {
                "price": 1.13917,
                "type": "swing_low",
                "time": "2025-08-01 00:00:00",
                "recency": "recent"
              },
              {
                "price": 1.12107,
                "type": "swing_low",
                "time": "2025-05-29 00:00:00",
                "recency": "intermediate"
              },
              {
                "price": 1.10655,
                "type": "swing_low",
                "time": "2025-05-12 00:00:00",
                "recency": "intermediate"
              },
              {
                "price": 1.07613,
                "type": "swing_low",
                "time": "2024-10-23 00:00:00",
                "recency": "historic"
              },
              {
                "price": 1.0733,
                "type": "swing_low",
                "time": "2025-03-27 00:00:00",
                "recency": "intermediate"
              },
              {
                "price": 1.036,
                "type": "swing_low",
                "time": "2025-02-28 00:00:00",
                "recency": "intermediate"
              },
              {
                "price": 1.03431,
                "type": "swing_low",
                "time": "2024-12-20 00:00:00",
                "recency": "intermediate"
              },
              {
                "price": 1.03334,
                "type": "swing_low",
                "time": "2024-11-22 00:00:00",
                "recency": "historic"
              },
              {
                "price": 1.02243,
                "type": "swing_low",
                "time": "2025-01-02 00:00:00",
                "recency": "intermediate"
              },
              {
                "price": 1.02107,
                "type": "swing_low",
                "time": "2025-02-03 00:00:00",
                "recency": "intermediate"
              },
              {
                "price": 1.01773,
                "type": "swing_low",
                "time": "2025-01-13 00:00:00",
                "recency": "intermediate"
              }
            ]
          },
          "price_patterns": {
            "all_detected_on_last": [
              "Bearish HARAMI",
              "Bearish SHORTLINE"
            ],
            "last_single_candle_pattern": "N/A",
            "last_multi_candle_pattern": "Bearish HARAMI"
          },
          "volume_context": {
            "status": "Below Average",
            "interpretation": "Low volume suggests lack of interest or conviction."
          },
          "current_price_context": {
            "price": 1.17109,
            "position_relative_to_levels": "Price is testing support at 1.17.",
            "nearest_resistance": {
              "price": 1.17303,
              "type": "swing_high",
              "time": "2025-08-13 00:00:00",
              "recency": "recent"
            },
            "nearest_support": {
              "price": 1.17,
              "type": "round_number",
              "time": null,
              "recency": "historic"
            }
          }
        }
      },
      "H2": {
        "indicators": {
          "rsi": 59.468664850136385,
          "macd": [
            0.0002392463870533046,
            0.0003317968354863688,
            -9.255044843306423e-05
          ],
          "bollinger_bands": [
            1.1717250000000001,
            1.1754783451746396,
            1.1679716548253607
          ],
          "atr": 0.0020864285714285525,
          "adx": [
            21.420628329852267,
            25.368024649091957,
            11.63984936665408
          ],
          "sma_100": 1.1696283,
          "sma_200": 1.1678318499999998,
          "volume_sma_250": 4941.06
        },
        "analyze_price_action": {
          "time_context": {
            "start_time": "2025-08-14 22:00:00 UTC",
            "end_time": "2025-09-12 16:00:00 UTC",
            "total_candles": 250
          },
          "key_levels": {
            "period_high": {
              "price": 1.17801,
              "time": "2025-09-09 08:00:00"
            },
            "period_low": {
              "price": 1.1574,
              "time": "2025-08-27 14:00:00"
            },
            "resistance": [
              {
                "price": 1.1663,
                "type": "swing_high",
                "time": "2025-08-21 12:00:00",
                "recency": "intermediate"
              },
              {
                "price": 1.16654,
                "type": "swing_high",
                "time": "2025-08-26 16:00:00",
                "recency": "intermediate"
              },
              {
                "price": 1.16737,
                "type": "swing_high",
                "time": "2025-08-20 14:00:00",
                "recency": "historic"
              },
              {
                "price": 1.16822,
                "type": "swing_high",
                "time": "2025-09-03 18:00:00",
                "recency": "intermediate"
              },
              {
                "price": 1.16929,
                "type": "swing_high",
                "time": "2025-08-19 14:00:00",
                "recency": "historic"
              },
              {
                "price": 1.16974,
                "type": "swing_high",
                "time": "2025-08-28 20:00:00",
                "recency": "intermediate"
              },
              {
                "price": 1.17153,
                "type": "swing_high",
                "time": "2025-08-15 16:00:00",
                "recency": "historic"
              },
              {
                "price": 1.17185,
                "type": "swing_high",
                "time": "2025-09-02 02:00:00",
                "recency": "intermediate"
              },
              {
                "price": 1.17306,
                "type": "swing_high",
                "time": "2025-09-10 16:00:00",
                "recency": "recent"
              },
              {
                "price": 1.17363,
                "type": "swing_high",
                "time": "2025-09-01 10:00:00",
                "recency": "intermediate"
              },
              {
                "price": 1.17426,
                "type": "swing_high",
                "time": "2025-08-22 20:00:00",
                "recency": "intermediate"
              },
              {
                "price": 1.17461,
                "type": "swing_high",
                "time": "2025-09-11 18:00:00",
                "recency": "recent"
              },
              {
                "price": 1.175,
                "type": "round_number",
                "time": null,
                "recency": "historic"
              },
              {
                "price": 1.17596,
                "type": "swing_high",
                "time": "2025-09-05 18:00:00",
                "recency": "intermediate"
              },
              {
                "price": 1.17801,
                "type": "swing_high",
                "time": "2025-09-09 08:00:00",
                "recency": "recent"
              }
            ],
            "support": [
              {
                "price": 1.17,
                "type": "round_number",
                "time": null,
                "recency": "historic"
              },
              {
                "price": 1.16824,
                "type": "swing_low",
                "time": "2025-09-10 10:00:00",
                "recency": "recent"
              },
              {
                "price": 1.16823,
                "type": "swing_low",
                "time": "2025-09-11 00:00:00",
                "recency": "recent"
              },
              {
                "price": 1.16606,
                "type": "swing_low",
                "time": "2025-09-11 14:00:00",
                "recency": "recent"
              },
              {
                "price": 1.1651,
                "type": "swing_low",
                "time": "2025-08-29 14:00:00",
                "recency": "intermediate"
              },
              {
                "price": 1.165,
                "type": "round_number",
                "time": null,
                "recency": "historic"
              },
              {
                "price": 1.1639,
                "type": "swing_low",
                "time": "2025-08-19 04:00:00",
                "recency": "historic"
              },
              {
                "price": 1.163,
                "type": "swing_low",
                "time": "2025-09-04 14:00:00",
                "recency": "intermediate"
              },
              {
                "price": 1.16222,
                "type": "swing_low",
                "time": "2025-08-20 04:00:00",
                "recency": "historic"
              },
              {
                "price": 1.16129,
                "type": "swing_low",
                "time": "2025-09-02 14:00:00",
                "recency": "intermediate"
              },
              {
                "price": 1.1608,
                "type": "swing_low",
                "time": "2025-09-03 10:00:00",
                "recency": "intermediate"
              },
              {
                "price": 1.16028,
                "type": "swing_low",
                "time": "2025-08-25 22:00:00",
                "recency": "intermediate"
              },
              {
                "price": 1.16022,
                "type": "swing_low",
                "time": "2025-08-26 10:00:00",
                "recency": "intermediate"
              },
              {
                "price": 1.16,
                "type": "round_number",
                "time": null,
                "recency": "historic"
              },
              {
                "price": 1.15831,
                "type": "swing_low",
                "time": "2025-08-22 06:00:00",
                "recency": "intermediate"
              },
              {
                "price": 1.1574,
                "type": "swing_low",
                "time": "2025-08-27 14:00:00",
                "recency": "intermediate"
              },
              {
                "price": 1.155,
                "type": "round_number",
                "time": null,
                "recency": "historic"
              }
            ]
          },
          "price_patterns": {
            "all_detected_on_last": [
              "Bullish DOJI",
              "Bullish GRAVESTONEDOJI",
              "Bullish LONGLEGGEDDOJI"
            ],
            "last_single_candle_pattern": "Bullish DOJI",
            "last_multi_candle_pattern": "Bullish GRAVESTONEDOJI"
          },
          "volume_context": {
            "status": "Below Average",
            "interpretation": "Low volume suggests lack of interest or conviction."
          },
          "current_price_context": {
            "price": 1.17109,
            "position_relative_to_levels": "Price is approaching resistance at 1.17153.",
            "nearest_resistance": {
              "price": 1.17153,
              "type": "swing_high",
              "time": "2025-08-15 16:00:00",
              "recency": "historic"
            },
            "nearest_support": {
              "price": 1.17,
              "type": "round_number",
              "time": null,
              "recency": "historic"
            }
          }
        }
      },
      "M30": {
        "indicators": {
          "rsi": 30.138888888887337,
          "macd": [
            -0.00037825475843478173,
            -0.000146494439464931,
            -0.00023176031896985074
          ],
          "bollinger_bands": [
            1.1725595,
            1.1744774427026203,
            1.1706415572973796
          ],
          "atr": 0.0010014285714285975,
          "adx": [
            18.155731049191576,
            14.978601997146477,
            38.30242510698654
          ],
          "sma_100": 1.1714548999999999,
          "sma_200": 1.1724583000000002,
          "volume_sma_250": 1340.764
        },
        "analyze_price_action": {
          "time_context": {
            "start_time": "2025-09-04 11:00:00 UTC",
            "end_time": "2025-09-12 16:30:00 UTC",
            "total_candles": 300
          },
          "key_levels": {
            "period_high": {
              "price": 1.17801,
              "time": "2025-09-09 08:30:00"
            },
            "period_low": {
              "price": 1.163,
              "time": "2025-09-04 15:30:00"
            },
            "resistance": [
              {
                "price": 1.16747,
                "type": "swing_high",
                "time": "2025-09-05 05:00:00",
                "recency": "historic"
              },
              {
                "price": 1.17069,
                "type": "swing_high",
                "time": "2025-09-11 02:00:00",
                "recency": "intermediate"
              },
              {
                "price": 1.17139,
                "type": "swing_high",
                "time": "2025-09-10 01:30:00",
                "recency": "intermediate"
              },
              {
                "price": 1.17171,
                "type": "swing_high",
                "time": "2025-09-10 12:30:00",
                "recency": "intermediate"
              },
              {
                "price": 1.17174,
                "type": "swing_high",
                "time": "2025-09-08 04:00:00",
                "recency": "historic"
              },
              {
                "price": 1.17184,
                "type": "swing_high",
                "time": "2025-09-10 09:00:00",
                "recency": "intermediate"
              },
              {
                "price": 1.17306,
                "type": "swing_high",
                "time": "2025-09-10 17:30:00",
                "recency": "intermediate"
              },
              {
                "price": 1.17356,
                "type": "swing_high",
                "time": "2025-09-12 14:00:00",
                "recency": "recent"
              },
              {
                "price": 1.17407,
                "type": "swing_high",
                "time": "2025-09-12 01:00:00",
                "recency": "recent"
              },
              {
                "price": 1.17429,
                "type": "swing_high",
                "time": "2025-09-08 11:00:00",
                "recency": "historic"
              },
              {
                "price": 1.17461,
                "type": "swing_high",
                "time": "2025-09-11 18:00:00",
                "recency": "recent"
              },
              {
                "price": 1.17478,
                "type": "swing_high",
                "time": "2025-09-12 10:00:00",
                "recency": "recent"
              },
              {
                "price": 1.175,
                "type": "round_number",
                "time": null,
                "recency": "historic"
              },
              {
                "price": 1.17564,
                "type": "swing_high",
                "time": "2025-09-08 16:30:00",
                "recency": "intermediate"
              },
              {
                "price": 1.17596,
                "type": "swing_high",
                "time": "2025-09-05 19:00:00",
                "recency": "historic"
              },
              {
                "price": 1.17627,
                "type": "swing_high",
                "time": "2025-09-09 17:00:00",
                "recency": "intermediate"
              },
              {
                "price": 1.17656,
                "type": "swing_high",
                "time": "2025-09-08 22:00:00",
                "recency": "intermediate"
              },
              {
                "price": 1.17723,
                "type": "swing_high",
                "time": "2025-09-09 12:30:00",
                "recency": "intermediate"
              },
              {
                "price": 1.1778,
                "type": "swing_high",
                "time": "2025-09-09 04:30:00",
                "recency": "intermediate"
              },
              {
                "price": 1.17801,
                "type": "swing_high",
                "time": "2025-09-09 08:30:00",
                "recency": "intermediate"
              },
              {
                "price": 1.18,
                "type": "round_number",
                "time": null,
                "recency": "historic"
              }
            ],
            "support": [
              {
                "price": 1.17633,
                "type": "swing_low",
                "time": "2025-09-09 06:30:00",
                "recency": "intermediate"
              },
              {
                "price": 1.17443,
                "type": "swing_low",
                "time": "2025-09-09 11:00:00",
                "recency": "intermediate"
              },
              {
                "price": 1.1735,
                "type": "swing_low",
                "time": "2025-09-08 20:00:00",
                "recency": "intermediate"
              },
              {
                "price": 1.17209,
                "type": "swing_low",
                "time": "2025-09-12 07:00:00",
                "recency": "recent"
              },
              {
                "price": 1.17206,
                "type": "swing_low",
                "time": "2025-09-12 00:00:00",
                "recency": "recent"
              },
              {
                "price": 1.17202,
                "type": "swing_low",
                "time": "2025-09-08 13:00:00",
                "recency": "intermediate"
              },
              {
                "price": 1.17125,
                "type": "swing_low",
                "time": "2025-09-12 12:00:00",
                "recency": "recent"
              },
              {
                "price": 1.1706,
                "type": "swing_low",
                "time": "2025-09-08 07:00:00",
                "recency": "historic"
              },
              {
                "price": 1.17036,
                "type": "swing_low",
                "time": "2025-09-08 01:30:00",
                "recency": "historic"
              },
              {
                "price": 1.17,
                "type": "round_number",
                "time": null,
                "recency": "historic"
              },
              {
                "price": 1.16931,
                "type": "swing_low",
                "time": "2025-09-11 04:00:00",
                "recency": "intermediate"
              },
              {
                "price": 1.16912,
                "type": "swing_low",
                "time": "2025-09-10 15:00:00",
                "recency": "intermediate"
              },
              {
                "price": 1.16895,
                "type": "swing_low",
                "time": "2025-09-10 04:30:00",
                "recency": "intermediate"
              },
              {
                "price": 1.16838,
                "type": "swing_low",
                "time": "2025-09-11 09:00:00",
                "recency": "intermediate"
              },
              {
                "price": 1.16824,
                "type": "swing_low",
                "time": "2025-09-10 10:00:00",
                "recency": "intermediate"
              },
              {
                "price": 1.16823,
                "type": "swing_low",
                "time": "2025-09-11 00:00:00",
                "recency": "intermediate"
              },
              {
                "price": 1.16777,
                "type": "swing_low",
                "time": "2025-09-05 14:30:00",
                "recency": "historic"
              },
              {
                "price": 1.16648,
                "type": "swing_low",
                "time": "2025-09-05 07:30:00",
                "recency": "historic"
              },
              {
                "price": 1.16606,
                "type": "swing_low",
                "time": "2025-09-11 15:30:00",
                "recency": "intermediate"
              },
              {
                "price": 1.165,
                "type": "round_number",
                "time": null,
                "recency": "historic"
              },
              {
                "price": 1.1633,
                "type": "swing_low",
                "time": "2025-09-05 00:00:00",
                "recency": "historic"
              },
              {
                "price": 1.163,
                "type": "swing_low",
                "time": "2025-09-04 15:30:00",
                "recency": "historic"
              },
              {
                "price": 1.16,
                "type": "round_number",
                "time": null,
                "recency": "historic"
              }
            ]
          },
          "price_patterns": {
            "all_detected_on_last": [
              "Bearish SPINNINGTOP"
            ],
            "last_single_candle_pattern": "Bearish SPINNINGTOP",
            "last_multi_candle_pattern": "N/A"
          },
          "volume_context": {
            "status": "Below Average",
            "interpretation": "Low volume suggests lack of interest or conviction."
          },
          "current_price_context": {
            "price": 1.17109,
            "position_relative_to_levels": "Price is approaching resistance at 1.17139.",
            "nearest_resistance": {
              "price": 1.17139,
              "type": "swing_high",
              "time": "2025-09-10 01:30:00",
              "recency": "intermediate"
            },
            "nearest_support": {
              "price": 1.1706,
              "type": "swing_low",
              "time": "2025-09-08 07:00:00",
              "recency": "historic"
            }
          }
        }
      }
    }
  },
  "response_data": {
    "success": true,
    "errorMsg": "",
    "errorCode": 0,
    "data": {
      "symbol": "EURUSD",
      "signal_type": "HOLD",
      "order_type_proposed": null,
      "entry_price_proposed": null,
      "stop_loss_proposed": null,
      "take_profit_proposed": null,
      "estimate_win_probability": null,
      "risk_reward_ratio": null,
      "trailing_stop_loss": null,
      "pips_to_take_profit": null,
      "technical_reasoning": "Mixed technical signals with conflicting timeframe alignments. D1 shows price above SMAs but weak ADX (17.55). H2 shows bullish SMA alignment but MACD negative crossover and low volume. M30 shows oversold RSI but bearish patterns. All scenarios failed R:R quality filter: Pullback entry (R:R 1.08) and breakout entry (R:R 1.21) both below 1.5 minimum. Market context shows Friday session nearing close with reduced liquidity. Requires clearer confluence for high-probability entry."
    }
  },
  "log_type": "signal_analysis"
}