{
  "timestamp": "2025-09-12T13:35:32.309054",
  "symbol": "USDCAD",
  "timeframe": "H2",
  "request_data": {
    "cache_key": {
      "timezone": "GMT+3.0",
      "timeframe": "H2",
      "symbol": "USDCAD"
    },
    "symbol": "USDCAD",
    "timeframe": "H2",
    "account_info": {
      "leverage": 500,
      "limit_orders": 200,
      "balance": 423.81,
      "profit": 0.0,
      "equity": 423.81,
      "margin_free": 423.81,
      "margin_level": 0.0,
      "margin_so_call": 100.0,
      "commission_blocked": 0.0,
      "currency": "USD",
      "server": "ICMarketsSC-Demo",
      "company": "Raw Trading Ltd"
    },
    "balance_config": {
      "max_position": 3,
      "max_risk": 2.0,
      "total_max_risk": 6
    },
    "max_positions": 3,
    "active_orders_summary": "total_active_orders: 0",
    "pending_orders_summary": "total_pending_orders: 0",
    "portfolio_exposure": {
      "active_positions": [],
      "pending_orders": [],
      "summary": {
        "total_active_positions": 0,
        "total_pending_orders": 0,
        "total_potential_loss_from_portfolio_usd": 0.0,
        "total_margin_used_from_portfolio_usd": 0.0
      }
    },
    "account_type_details": {
      "name": "STANDARD",
      "multiplier": 100000,
      "description": "Standard Account (1 lot = 100,000 units)",
      "pip_value": 10.0
    },
    "symbol_info": {
      "ask": 1.38493,
      "bid": 1.38492,
      "spread": 1,
      "swap_long": 2.304,
      "swap_short": -10.591,
      "digits": 5,
      "point": 1e-05,
      "trade_tick_size": 1e-05,
      "trade_tick_value": 0.7220581545637685,
      "volume_min": 0.01,
      "volume_max": 200.0,
      "volume_step": 0.01,
      "currency_profit": "CAD",
      "currency_base": "USD",
      "currency_margin": "USD",
      "current_usdjpy_rate": 147.847,
      "trade_contract_size": 100000.0
    },
    "multi_timeframes": {
      "D1": {
        "indicators": {
          "rsi": 48.57059509918319,
          "macd": [
            0.001789093766229044,
            0.001549505919345902,
            0.00023958784688314205
          ],
          "bollinger_bands": [
            1.3820089999999998,
            1.3911098175456564,
            1.3729081824543432
          ],
          "atr": 0.005726428571428561,
          "adx": [
            12.338825908973432,
            17.550205812647913,
            17.101160034925673
          ],
          "sma_100": 1.3763828,
          "sma_200": 1.4016191,
          "volume_sma_250": 67827.476
        },
        "analyze_price_action": {
          "time_context": {
            "start_time": "2024-09-26 00:00:00 UTC",
            "end_time": "2025-09-12 00:00:00 UTC",
            "total_candles": 250
          },
          "key_levels": {
            "period_high": {
              "price": 1.47931,
              "time": "2025-02-03 00:00:00"
            },
            "period_low": {
              "price": 1.34562,
              "time": "2024-09-27 00:00:00"
            },
            "resistance": [
              {
                "price": 1.37742,
                "type": "swing_high",
                "time": "2025-07-17 00:00:00",
                "recency": "recent"
              },
              {
                "price": 1.3798,
                "type": "swing_high",
                "time": "2025-06-23 00:00:00",
                "recency": "intermediate"
              },
              {
                "price": 1.385,
                "type": "round_number",
                "time": null,
                "recency": "historic"
              },
              {
                "price": 1.38793,
                "type": "swing_high",
                "time": "2025-08-01 00:00:00",
                "recency": "recent"
              },
              {
                "price": 1.39,
                "type": "round_number",
                "time": null,
                "recency": "historic"
              },
              {
                "price": 1.39246,
                "type": "swing_high",
                "time": "2025-08-22 00:00:00",
                "recency": "recent"
              },
              {
                "price": 1.395,
                "type": "round_number",
                "time": null,
                "recency": "historic"
              },
              {
                "price": 1.3959,
                "type": "swing_high",
                "time": "2024-11-01 00:00:00",
                "recency": "historic"
              },
              {
                "price": 1.4,
                "type": "round_number",
                "time": null,
                "recency": "historic"
              },
              {
                "price": 1.40163,
                "type": "swing_high",
                "time": "2025-05-13 00:00:00",
                "recency": "intermediate"
              },
              {
                "price": 1.41058,
                "type": "swing_high",
                "time": "2024-11-15 00:00:00",
                "recency": "historic"
              },
              {
                "price": 1.4178,
                "type": "swing_high",
                "time": "2024-11-26 00:00:00",
                "recency": "historic"
              },
              {
                "price": 1.44152,
                "type": "swing_high",
                "time": "2025-04-01 00:00:00",
                "recency": "intermediate"
              },
              {
                "price": 1.44636,
                "type": "swing_high",
                "time": "2025-01-03 00:00:00",
                "recency": "intermediate"
              },
              {
                "price": 1.44675,
                "type": "swing_high",
                "time": "2024-12-19 00:00:00",
                "recency": "intermediate"
              },
              {
                "price": 1.45169,
                "type": "swing_high",
                "time": "2025-01-21 00:00:00",
                "recency": "intermediate"
              },
              {
                "price": 1.45428,
                "type": "swing_high",
                "time": "2025-03-04 00:00:00",
                "recency": "intermediate"
              },
              {
                "price": 1.47931,
                "type": "swing_high",
                "time": "2025-02-03 00:00:00",
                "recency": "intermediate"
              }
            ],
            "support": [
              {
                "price": 1.42797,
                "type": "swing_low",
                "time": "2025-01-06 00:00:00",
                "recency": "intermediate"
              },
              {
                "price": 1.42612,
                "type": "swing_low",
                "time": "2025-01-20 00:00:00",
                "recency": "intermediate"
              },
              {
                "price": 1.42529,
                "type": "swing_low",
                "time": "2025-03-18 00:00:00",
                "recency": "intermediate"
              },
              {
                "price": 1.42392,
                "type": "swing_low",
                "time": "2025-03-06 00:00:00",
                "recency": "intermediate"
              },
              {
                "price": 1.4151,
                "type": "swing_low",
                "time": "2025-02-14 00:00:00",
                "recency": "intermediate"
              },
              {
                "price": 1.39275,
                "type": "swing_low",
                "time": "2024-11-25 00:00:00",
                "recency": "historic"
              },
              {
                "price": 1.3815,
                "type": "swing_low",
                "time": "2024-11-06 00:00:00",
                "recency": "historic"
              },
              {
                "price": 1.38,
                "type": "round_number",
                "time": null,
                "recency": "historic"
              },
              {
                "price": 1.37813,
                "type": "swing_low",
                "time": "2025-04-21 00:00:00",
                "recency": "intermediate"
              },
              {
                "price": 1.37507,
                "type": "swing_low",
                "time": "2025-05-06 00:00:00",
                "recency": "intermediate"
              },
              {
                "price": 1.375,
                "type": "round_number",
                "time": null,
                "recency": "historic"
              },
              {
                "price": 1.37221,
                "type": "swing_low",
                "time": "2025-09-01 00:00:00",
                "recency": "recent"
              },
              {
                "price": 1.37216,
                "type": "swing_low",
                "time": "2025-08-07 00:00:00",
                "recency": "recent"
              },
              {
                "price": 1.37,
                "type": "round_number",
                "time": null,
                "recency": "historic"
              },
              {
                "price": 1.365,
                "type": "round_number",
                "time": null,
                "recency": "historic"
              },
              {
                "price": 1.35756,
                "type": "swing_low",
                "time": "2025-07-23 00:00:00",
                "recency": "recent"
              },
              {
                "price": 1.35566,
                "type": "swing_low",
                "time": "2025-07-03 00:00:00",
                "recency": "intermediate"
              },
              {
                "price": 1.35399,
                "type": "swing_low",
                "time": "2025-06-16 00:00:00",
                "recency": "intermediate"
              }
            ]
          },
          "price_patterns": {
            "all_detected_on_last": [
              "Bullish SHORTLINE"
            ],
            "last_single_candle_pattern": "N/A",
            "last_multi_candle_pattern": "Bullish SHORTLINE"
          },
          "volume_context": {
            "status": "Below Average",
            "interpretation": "Low volume suggests lack of interest or conviction."
          },
          "current_price_context": {
            "price": 1.38492,
            "position_relative_to_levels": "Price is approaching resistance at 1.385.",
            "nearest_resistance": {
              "price": 1.385,
              "type": "round_number",
              "time": null,
              "recency": "historic"
            },
            "nearest_support": {
              "price": 1.3815,
              "type": "swing_low",
              "time": "2024-11-06 00:00:00",
              "recency": "historic"
            }
          }
        }
      },
      "H2": {
        "indicators": {
          "rsi": 34.55684870187943,
          "macd": [
            -0.00012170563040414528,
            -2.0160369713024528e-05,
            -0.00010154526069112075
          ],
          "bollinger_bands": [
            1.3851135,
            1.3886112543171465,
            1.3816157456828537
          ],
          "atr": 0.0016164285714285504,
          "adx": [
            29.965112378402456,
            15.24524966858152,
            30.357931948741683
          ],
          "sma_100": 1.3823467000000003,
          "sma_200": 1.3818536500000003,
          "volume_sma_250": 3973.48
        },
        "analyze_price_action": {
          "time_context": {
            "start_time": "2025-08-14 22:00:00 UTC",
            "end_time": "2025-09-12 16:00:00 UTC",
            "total_candles": 250
          },
          "key_levels": {
            "period_high": {
              "price": 1.39246,
              "time": "2025-08-22 16:00:00"
            },
            "period_low": {
              "price": 1.37221,
              "time": "2025-09-01 00:00:00"
            },
            "resistance": [
              {
                "price": 1.37621,
                "type": "swing_high",
                "time": "2025-09-01 18:00:00",
                "recency": "intermediate"
              },
              {
                "price": 1.37793,
                "type": "swing_high",
                "time": "2025-08-29 16:00:00",
                "recency": "intermediate"
              },
              {
                "price": 1.38078,
                "type": "swing_high",
                "time": "2025-09-03 10:00:00",
                "recency": "intermediate"
              },
              {
                "price": 1.3815,
                "type": "swing_high",
                "time": "2025-09-02 14:00:00",
                "recency": "intermediate"
              },
              {
                "price": 1.38185,
                "type": "swing_high",
                "time": "2025-08-15 22:00:00",
                "recency": "historic"
              },
              {
                "price": 1.38313,
                "type": "swing_high",
                "time": "2025-08-18 18:00:00",
                "recency": "historic"
              },
              {
                "price": 1.38456,
                "type": "swing_high",
                "time": "2025-09-04 18:00:00",
                "recency": "intermediate"
              },
              {
                "price": 1.385,
                "type": "round_number",
                "time": null,
                "recency": "historic"
              },
              {
                "price": 1.38543,
                "type": "swing_high",
                "time": "2025-09-05 22:00:00",
                "recency": "intermediate"
              },
              {
                "price": 1.3858,
                "type": "swing_high",
                "time": "2025-08-27 16:00:00",
                "recency": "intermediate"
              },
              {
                "price": 1.38635,
                "type": "swing_high",
                "time": "2025-09-10 04:00:00",
                "recency": "recent"
              },
              {
                "price": 1.38682,
                "type": "swing_high",
                "time": "2025-08-26 10:00:00",
                "recency": "intermediate"
              },
              {
                "price": 1.38838,
                "type": "swing_high",
                "time": "2025-08-20 04:00:00",
                "recency": "historic"
              },
              {
                "price": 1.38906,
                "type": "swing_high",
                "time": "2025-09-11 14:00:00",
                "recency": "recent"
              },
              {
                "price": 1.39,
                "type": "round_number",
                "time": null,
                "recency": "historic"
              },
              {
                "price": 1.39246,
                "type": "swing_high",
                "time": "2025-08-22 16:00:00",
                "recency": "intermediate"
              }
            ],
            "support": [
              {
                "price": 1.38537,
                "type": "swing_low",
                "time": "2025-08-20 14:00:00",
                "recency": "historic"
              },
              {
                "price": 1.38307,
                "type": "swing_low",
                "time": "2025-09-10 16:00:00",
                "recency": "recent"
              },
              {
                "price": 1.38224,
                "type": "swing_low",
                "time": "2025-08-26 18:00:00",
                "recency": "intermediate"
              },
              {
                "price": 1.38204,
                "type": "swing_low",
                "time": "2025-09-12 00:00:00",
                "recency": "recent"
              },
              {
                "price": 1.3817,
                "type": "swing_low",
                "time": "2025-08-25 16:00:00",
                "recency": "intermediate"
              },
              {
                "price": 1.38091,
                "type": "swing_low",
                "time": "2025-08-25 00:00:00",
                "recency": "intermediate"
              },
              {
                "price": 1.38011,
                "type": "swing_low",
                "time": "2025-08-19 14:00:00",
                "recency": "historic"
              },
              {
                "price": 1.38,
                "type": "round_number",
                "time": null,
                "recency": "historic"
              },
              {
                "price": 1.37884,
                "type": "swing_low",
                "time": "2025-09-08 16:00:00",
                "recency": "recent"
              },
              {
                "price": 1.37875,
                "type": "swing_low",
                "time": "2025-08-15 12:00:00",
                "recency": "historic"
              },
              {
                "price": 1.37832,
                "type": "swing_low",
                "time": "2025-09-03 16:00:00",
                "recency": "intermediate"
              },
              {
                "price": 1.37831,
                "type": "swing_low",
                "time": "2025-08-18 14:00:00",
                "recency": "historic"
              },
              {
                "price": 1.37698,
                "type": "swing_low",
                "time": "2025-09-03 00:00:00",
                "recency": "intermediate"
              },
              {
                "price": 1.37561,
                "type": "swing_low",
                "time": "2025-09-05 14:00:00",
                "recency": "intermediate"
              },
              {
                "price": 1.375,
                "type": "round_number",
                "time": null,
                "recency": "historic"
              },
              {
                "price": 1.3735,
                "type": "swing_low",
                "time": "2025-08-29 00:00:00",
                "recency": "intermediate"
              },
              {
                "price": 1.37221,
                "type": "swing_low",
                "time": "2025-09-01 00:00:00",
                "recency": "intermediate"
              },
              {
                "price": 1.37,
                "type": "round_number",
                "time": null,
                "recency": "historic"
              }
            ]
          },
          "price_patterns": {
            "all_detected_on_last": [
              "Bullish BELTHOLD"
            ],
            "last_single_candle_pattern": "N/A",
            "last_multi_candle_pattern": "Bullish BELTHOLD"
          },
          "volume_context": {
            "status": "Below Average",
            "interpretation": "Low volume suggests lack of interest or conviction."
          },
          "current_price_context": {
            "price": 1.38492,
            "position_relative_to_levels": "Price is approaching resistance at 1.385.",
            "nearest_resistance": {
              "price": 1.385,
              "type": "round_number",
              "time": null,
              "recency": "historic"
            },
            "nearest_support": {
              "price": 1.38307,
              "type": "swing_low",
              "time": "2025-09-10 16:00:00",
              "recency": "recent"
            }
          }
        }
      },
      "M30": {
        "indicators": {
          "rsi": 58.79888268156445,
          "macd": [
            0.0001665367034138221,
            2.9825824719646165e-05,
            0.00013671087869417592
          ],
          "bollinger_bands": [
            1.3842085000000002,
            1.385282543515741,
            1.3831344564842594
          ],
          "atr": 0.0008814285714285251,
          "adx": [
            21.9420710394429,
            26.09400324149066,
            7.779578606159824
          ],
          "sma_100": 1.3852937,
          "sma_200": 1.3839181999999999,
          "volume_sma_250": 1052.752
        },
        "analyze_price_action": {
          "time_context": {
            "start_time": "2025-09-04 11:00:00 UTC",
            "end_time": "2025-09-12 16:30:00 UTC",
            "total_candles": 300
          },
          "key_levels": {
            "period_high": {
              "price": 1.38906,
              "time": "2025-09-11 15:30:00"
            },
            "period_low": {
              "price": 1.37561,
              "time": "2025-09-05 15:30:00"
            },
            "resistance": [
              {
                "price": 1.38115,
                "type": "swing_high",
                "time": "2025-09-09 04:30:00",
                "recency": "intermediate"
              },
              {
                "price": 1.38132,
                "type": "swing_high",
                "time": "2025-09-09 10:30:00",
                "recency": "intermediate"
              },
              {
                "price": 1.38335,
                "type": "swing_high",
                "time": "2025-09-08 19:30:00",
                "recency": "intermediate"
              },
              {
                "price": 1.38431,
                "type": "swing_high",
                "time": "2025-09-11 22:30:00",
                "recency": "recent"
              },
              {
                "price": 1.38456,
                "type": "swing_high",
                "time": "2025-09-04 18:00:00",
                "recency": "historic"
              },
              {
                "price": 1.38487,
                "type": "swing_high",
                "time": "2025-09-12 04:30:00",
                "recency": "recent"
              },
              {
                "price": 1.38495,
                "type": "swing_high",
                "time": "2025-09-12 12:00:00",
                "recency": "recent"
              },
              {
                "price": 1.385,
                "type": "round_number",
                "time": null,
                "recency": "historic"
              },
              {
                "price": 1.38543,
                "type": "swing_high",
                "time": "2025-09-05 22:30:00",
                "recency": "historic"
              },
              {
                "price": 1.38599,
                "type": "swing_high",
                "time": "2025-09-09 23:00:00",
                "recency": "intermediate"
              },
              {
                "price": 1.38605,
                "type": "swing_high",
                "time": "2025-09-10 10:00:00",
                "recency": "intermediate"
              },
              {
                "price": 1.38623,
                "type": "swing_high",
                "time": "2025-09-10 15:00:00",
                "recency": "intermediate"
              },
              {
                "price": 1.38635,
                "type": "swing_high",
                "time": "2025-09-10 04:30:00",
                "recency": "intermediate"
              },
              {
                "price": 1.387,
                "type": "swing_high",
                "time": "2025-09-10 22:30:00",
                "recency": "intermediate"
              },
              {
                "price": 1.38891,
                "type": "swing_high",
                "time": "2025-09-11 12:30:00",
                "recency": "intermediate"
              },
              {
                "price": 1.38906,
                "type": "swing_high",
                "time": "2025-09-11 15:30:00",
                "recency": "intermediate"
              },
              {
                "price": 1.39,
                "type": "round_number",
                "time": null,
                "recency": "historic"
              }
            ],
            "support": [
              {
                "price": 1.38488,
                "type": "swing_low",
                "time": "2025-09-11 00:00:00",
                "recency": "intermediate"
              },
              {
                "price": 1.38391,
                "type": "swing_low",
                "time": "2025-09-10 09:00:00",
                "recency": "intermediate"
              },
              {
                "price": 1.38367,
                "type": "swing_low",
                "time": "2025-09-10 00:00:00",
                "recency": "intermediate"
              },
              {
                "price": 1.38347,
                "type": "swing_low",
                "time": "2025-09-12 14:00:00",
                "recency": "recent"
              },
              {
                "price": 1.38327,
                "type": "swing_low",
                "time": "2025-09-12 10:00:00",
                "recency": "recent"
              },
              {
                "price": 1.38307,
                "type": "swing_low",
                "time": "2025-09-10 17:00:00",
                "recency": "intermediate"
              },
              {
                "price": 1.38262,
                "type": "swing_low",
                "time": "2025-09-11 19:30:00",
                "recency": "recent"
              },
              {
                "price": 1.38218,
                "type": "swing_low",
                "time": "2025-09-05 23:30:00",
                "recency": "historic"
              },
              {
                "price": 1.38204,
                "type": "swing_low",
                "time": "2025-09-12 00:00:00",
                "recency": "recent"
              },
              {
                "price": 1.38049,
                "type": "swing_low",
                "time": "2025-09-09 17:00:00",
                "recency": "intermediate"
              },
              {
                "price": 1.38047,
                "type": "swing_low",
                "time": "2025-09-05 00:00:00",
                "recency": "historic"
              },
              {
                "price": 1.38042,
                "type": "swing_low",
                "time": "2025-09-05 05:30:00",
                "recency": "historic"
              },
              {
                "price": 1.38011,
                "type": "swing_low",
                "time": "2025-09-04 15:00:00",
                "recency": "historic"
              },
              {
                "price": 1.38,
                "type": "round_number",
                "time": null,
                "recency": "historic"
              },
              {
                "price": 1.37945,
                "type": "swing_low",
                "time": "2025-09-09 12:00:00",
                "recency": "intermediate"
              },
              {
                "price": 1.37936,
                "type": "swing_low",
                "time": "2025-09-09 09:00:00",
                "recency": "intermediate"
              },
              {
                "price": 1.37924,
                "type": "swing_low",
                "time": "2025-09-09 00:00:00",
                "recency": "intermediate"
              },
              {
                "price": 1.37884,
                "type": "swing_low",
                "time": "2025-09-08 16:00:00",
                "recency": "intermediate"
              },
              {
                "price": 1.37561,
                "type": "swing_low",
                "time": "2025-09-05 15:30:00",
                "recency": "historic"
              },
              {
                "price": 1.375,
                "type": "round_number",
                "time": null,
                "recency": "historic"
              }
            ]
          },
          "price_patterns": {
            "all_detected_on_last": [
              "Bearish HARAMI"
            ],
            "last_single_candle_pattern": "N/A",
            "last_multi_candle_pattern": "Bearish HARAMI"
          },
          "volume_context": {
            "status": "Below Average",
            "interpretation": "Low volume suggests lack of interest or conviction."
          },
          "current_price_context": {
            "price": 1.38492,
            "position_relative_to_levels": "Price is approaching resistance at 1.38495.",
            "nearest_resistance": {
              "price": 1.38495,
              "type": "swing_high",
              "time": "2025-09-12 12:00:00",
              "recency": "recent"
            },
            "nearest_support": {
              "price": 1.38488,
              "type": "swing_low",
              "time": "2025-09-11 00:00:00",
              "recency": "intermediate"
            }
          }
        }
      }
    }
  },
  "response_data": {
    "success": true,
    "errorMsg": "",
    "errorCode": 0,
    "data": {
      "symbol": "USDCAD",
      "signal_type": "HOLD",
      "order_type_proposed": null,
      "entry_price_proposed": null,
      "stop_loss_proposed": null,
      "take_profit_proposed": null,
      "estimate_win_probability": null,
      "risk_reward_ratio": null,
      "trailing_stop_loss": null,
      "pips_to_take_profit": null,
      "technical_reasoning": "Conflicting signals across timeframes with price at key 1.385 resistance. D1 shows neutral trend (ADX 12.34), H2 shows Bullish Belthold but Bearish Harami on M30. All scenarios failed quality filters: Immediate entry lacks confirmation (low volume), pullback setup violated min SL distance (8p < 16p ATR), breakout R:R 1.44 < 1.5. High probability of consolidation near round number resistance."
    }
  },
  "log_type": "signal_analysis"
}