{
  "success": true,
  "errorMsg": "",
  "errorCode": 0,
  "data": {
    "signal": "BUY",
    "status": "CONTINUE",
    "lot_size": 0.07,
    "entry_price": 0.8705,
    "stop_loss": 0.8699,
    "take_profit": 0.8714000000000002,
    "trailing_stop_loss": 23.8,
    "order_type": "LIMIT",
    "estimate_win_probability": 65,
    "symbol": "EURGBP",
    "estimate_profit": 8.502291000001161,
    "estimate_loss": -5.668194000000424,
    "technical_reasoning": "Bullish confluence across D1/H2 with strong SMAs/ADX support. Strategic LIMIT entry at 0.8705 (H2/M30 support cluster) with fortress SL below swing low + ATR buffer. TP targets D1 resistance at 0.875. Exceptional 7.56 R:R justifies moderate probability despite H2 overbought RSI.",
    "risk_reward_before": 7.4999999999993525,
    "risk_reward_after": 1.5000000000000926,
    "correlated_symbols": [],
    "delete_pending_orders": null
  }
}