{
  "timestamp": "2025-09-12T13:38:21.340494",
  "symbol": "NZDUSD",
  "timeframe": "H2",
  "request_data": {
    "cache_key": {
      "timezone": "GMT+3.0",
      "timeframe": "H2",
      "symbol": "NZDUSD"
    },
    "symbol": "NZDUSD",
    "timeframe": "H2",
    "account_info": {
      "leverage": 500,
      "limit_orders": 200,
      "balance": 423.81,
      "profit": 0.0,
      "equity": 423.81,
      "margin_free": 423.81,
      "margin_level": 0.0,
      "margin_so_call": 100.0,
      "commission_blocked": 0.0,
      "currency": "USD",
      "server": "ICMarketsSC-Demo",
      "company": "Raw Trading Ltd"
    },
    "balance_config": {
      "max_position": 3,
      "max_risk": 2.0,
      "total_max_risk": 6
    },
    "max_positions": 3,
    "active_orders_summary": "total_active_orders: 0",
    "pending_orders_summary": "total_pending_orders: 0",
    "portfolio_exposure": {
      "active_positions": [],
      "pending_orders": [],
      "summary": {
        "total_active_positions": 0,
        "total_pending_orders": 0,
        "total_potential_loss_from_portfolio_usd": 0.0,
        "total_margin_used_from_portfolio_usd": 0.0
      }
    },
    "account_type_details": {
      "name": "STANDARD",
      "multiplier": 100000,
      "description": "Standard Account (1 lot = 100,000 units)",
      "pip_value": 10.0
    },
    "symbol_info": {
      "ask": 0.59457,
      "bid": 0.59457,
      "spread": 0,
      "swap_long": -4.42,
      "swap_short": 0.316,
      "digits": 5,
      "point": 1e-05,
      "trade_tick_size": 1e-05,
      "trade_tick_value": 1.0,
      "volume_min": 0.01,
      "volume_max": 100.0,
      "volume_step": 0.01,
      "currency_profit": "USD",
      "currency_base": "NZD",
      "currency_margin": "NZD",
      "current_usdjpy_rate": 147.816,
      "trade_contract_size": 100000.0
    },
    "multi_timeframes": {
      "D1": {
        "indicators": {
          "rsi": 64.41791044776136,
          "macd": [
            0.0004218117620647943,
            -0.0009096103640593344,
            0.0013314221261241286
          ],
          "bollinger_bands": [
            0.58888,
            0.5974004645289731,
            0.5803595354710268
          ],
          "atr": 0.005175714285714299,
          "adx": [
            25.270432308502702,
            19.279602539331893,
            10.378139663262424
          ],
          "sma_100": 0.5958958000000001,
          "sma_200": 0.5836265,
          "volume_sma_250": 63062.756
        },
        "analyze_price_action": {
          "time_context": {
            "start_time": "2024-09-26 00:00:00 UTC",
            "end_time": "2025-09-12 00:00:00 UTC",
            "total_candles": 250
          },
          "key_levels": {
            "period_high": {
              "price": 0.63785,
              "time": "2024-09-30 00:00:00"
            },
            "period_low": {
              "price": 0.54852,
              "time": "2025-04-09 00:00:00"
            },
            "resistance": [
              {
                "price": 0.56925,
                "type": "swing_high",
                "time": "2025-01-07 00:00:00",
                "recency": "intermediate"
              },
              {
                "price": 0.57023,
                "type": "swing_high",
                "time": "2025-02-05 00:00:00",
                "recency": "intermediate"
              },
              {
                "price": 0.57234,
                "type": "swing_high",
                "time": "2025-01-24 00:00:00",
                "recency": "intermediate"
              },
              {
                "price": 0.57595,
                "type": "swing_high",
                "time": "2025-03-06 00:00:00",
                "recency": "intermediate"
              },
              {
                "price": 0.57728,
                "type": "swing_high",
                "time": "2025-02-21 00:00:00",
                "recency": "intermediate"
              },
              {
                "price": 0.58313,
                "type": "swing_high",
                "time": "2025-03-18 00:00:00",
                "recency": "intermediate"
              },
              {
                "price": 0.58533,
                "type": "swing_high",
                "time": "2025-04-03 00:00:00",
                "recency": "intermediate"
              },
              {
                "price": 0.59289,
                "type": "swing_high",
                "time": "2024-11-29 00:00:00",
                "recency": "historic"
              },
              {
                "price": 0.595,
                "type": "round_number",
                "time": null,
                "recency": "historic"
              },
              {
                "price": 0.59957,
                "type": "swing_high",
                "time": "2025-08-13 00:00:00",
                "recency": "recent"
              },
              {
                "price": 0.6,
                "type": "round_number",
                "time": null,
                "recency": "historic"
              },
              {
                "price": 0.6023,
                "type": "swing_high",
                "time": "2025-05-07 00:00:00",
                "recency": "intermediate"
              },
              {
                "price": 0.60292,
                "type": "swing_high",
                "time": "2025-04-22 00:00:00",
                "recency": "intermediate"
              },
              {
                "price": 0.60378,
                "type": "swing_high",
                "time": "2024-11-07 00:00:00",
                "recency": "historic"
              },
              {
                "price": 0.605,
                "type": "round_number",
                "time": null,
                "recency": "historic"
              },
              {
                "price": 0.60594,
                "type": "swing_high",
                "time": "2025-07-24 00:00:00",
                "recency": "recent"
              },
              {
                "price": 0.60804,
                "type": "swing_high",
                "time": "2025-06-05 00:00:00",
                "recency": "intermediate"
              },
              {
                "price": 0.60878,
                "type": "swing_high",
                "time": "2025-06-16 00:00:00",
                "recency": "intermediate"
              },
              {
                "price": 0.61,
                "type": "round_number",
                "time": null,
                "recency": "historic"
              },
              {
                "price": 0.61205,
                "type": "swing_high",
                "time": "2025-07-01 00:00:00",
                "recency": "intermediate"
              }
            ],
            "support": [
              {
                "price": 0.59045,
                "type": "swing_low",
                "time": "2025-07-17 00:00:00",
                "recency": "recent"
              },
              {
                "price": 0.59,
                "type": "round_number",
                "time": null,
                "recency": "historic"
              },
              {
                "price": 0.5883,
                "type": "swing_low",
                "time": "2025-06-23 00:00:00",
                "recency": "intermediate"
              },
              {
                "price": 0.58564,
                "type": "swing_low",
                "time": "2025-08-01 00:00:00",
                "recency": "recent"
              },
              {
                "price": 0.585,
                "type": "round_number",
                "time": null,
                "recency": "historic"
              },
              {
                "price": 0.58466,
                "type": "swing_low",
                "time": "2025-05-12 00:00:00",
                "recency": "intermediate"
              },
              {
                "price": 0.58,
                "type": "round_number",
                "time": null,
                "recency": "historic"
              },
              {
                "price": 0.57998,
                "type": "swing_low",
                "time": "2025-08-22 00:00:00",
                "recency": "recent"
              },
              {
                "price": 0.57966,
                "type": "swing_low",
                "time": "2024-11-26 00:00:00",
                "recency": "historic"
              },
              {
                "price": 0.575,
                "type": "round_number",
                "time": null,
                "recency": "historic"
              },
              {
                "price": 0.56079,
                "type": "swing_low",
                "time": "2024-12-19 00:00:00",
                "recency": "intermediate"
              },
              {
                "price": 0.55674,
                "type": "swing_low",
                "time": "2025-03-03 00:00:00",
                "recency": "intermediate"
              },
              {
                "price": 0.55414,
                "type": "swing_low",
                "time": "2025-01-13 00:00:00",
                "recency": "intermediate"
              },
              {
                "price": 0.55161,
                "type": "swing_low",
                "time": "2025-02-03 00:00:00",
                "recency": "intermediate"
              },
              {
                "price": 0.54852,
                "type": "swing_low",
                "time": "2025-04-09 00:00:00",
                "recency": "intermediate"
              }
            ]
          },
          "price_patterns": {
            "all_detected_on_last": [
              "Bearish BELTHOLD",
              "Bearish LONGLINE"
            ],
            "last_single_candle_pattern": "N/A",
            "last_multi_candle_pattern": "Bearish BELTHOLD"
          },
          "volume_context": {
            "status": "Below Average",
            "interpretation": "Low volume suggests lack of interest or conviction."
          },
          "current_price_context": {
            "price": 0.59457,
            "position_relative_to_levels": "Price is approaching resistance at 0.595.",
            "nearest_resistance": {
              "price": 0.595,
              "type": "round_number",
              "time": null,
              "recency": "historic"
            },
            "nearest_support": {
              "price": 0.59045,
              "type": "swing_low",
              "time": "2025-07-17 00:00:00",
              "recency": "recent"
            }
          }
        }
      },
      "H2": {
        "indicators": {
          "rsi": 60.553633217993124,
          "macd": [
            0.0004157487796574433,
            0.0007227847639339965,
            -0.00030703598427655326
          ],
          "bollinger_bands": [
            0.5954295000000001,
            0.5989948329364053,
            0.5918641670635948
          ],
          "atr": 0.00146785714285714,
          "adx": [
            11.234736652272876,
            24.428223844282407,
            27.591240875912774
          ],
          "sma_100": 0.5908824,
          "sma_200": 0.5885254000000001,
          "volume_sma_250": 4139.7
        },
        "analyze_price_action": {
          "time_context": {
            "start_time": "2025-08-14 22:00:00 UTC",
            "end_time": "2025-09-12 16:00:00 UTC",
            "total_candles": 250
          },
          "key_levels": {
            "period_high": {
              "price": 0.59798,
              "time": "2025-09-11 22:00:00"
            },
            "period_low": {
              "price": 0.57998,
              "time": "2025-08-22 08:00:00"
            },
            "resistance": [
              {
                "price": 0.5868,
                "type": "swing_high",
                "time": "2025-08-26 18:00:00",
                "recency": "intermediate"
              },
              {
                "price": 0.58763,
                "type": "swing_high",
                "time": "2025-08-22 18:00:00",
                "recency": "intermediate"
              },
              {
                "price": 0.58804,
                "type": "swing_high",
                "time": "2025-08-25 08:00:00",
                "recency": "intermediate"
              },
              {
                "price": 0.58896,
                "type": "swing_high",
                "time": "2025-09-04 04:00:00",
                "recency": "intermediate"
              },
              {
                "price": 0.59076,
                "type": "swing_high",
                "time": "2025-09-02 02:00:00",
                "recency": "intermediate"
              },
              {
                "price": 0.59147,
                "type": "swing_high",
                "time": "2025-09-01 10:00:00",
                "recency": "intermediate"
              },
              {
                "price": 0.59179,
                "type": "swing_high",
                "time": "2025-09-05 16:00:00",
                "recency": "intermediate"
              },
              {
                "price": 0.59306,
                "type": "swing_high",
                "time": "2025-08-19 10:00:00",
                "recency": "historic"
              },
              {
                "price": 0.59391,
                "type": "swing_high",
                "time": "2025-08-15 16:00:00",
                "recency": "historic"
              },
              {
                "price": 0.59427,
                "type": "swing_high",
                "time": "2025-08-18 10:00:00",
                "recency": "historic"
              },
              {
                "price": 0.595,
                "type": "round_number",
                "time": null,
                "recency": "historic"
              },
              {
                "price": 0.59599,
                "type": "swing_high",
                "time": "2025-09-09 12:00:00",
                "recency": "recent"
              },
              {
                "price": 0.59639,
                "type": "swing_high",
                "time": "2025-09-10 16:00:00",
                "recency": "recent"
              },
              {
                "price": 0.59798,
                "type": "swing_high",
                "time": "2025-09-11 22:00:00",
                "recency": "recent"
              }
            ],
            "support": [
              {
                "price": 0.59209,
                "type": "swing_low",
                "time": "2025-09-10 00:00:00",
                "recency": "recent"
              },
              {
                "price": 0.59144,
                "type": "swing_low",
                "time": "2025-09-11 14:00:00",
                "recency": "recent"
              },
              {
                "price": 0.59099,
                "type": "swing_low",
                "time": "2025-08-18 00:00:00",
                "recency": "historic"
              },
              {
                "price": 0.59014,
                "type": "swing_low",
                "time": "2025-08-19 00:00:00",
                "recency": "historic"
              },
              {
                "price": 0.59,
                "type": "round_number",
                "time": null,
                "recency": "historic"
              },
              {
                "price": 0.58771,
                "type": "swing_low",
                "time": "2025-09-01 00:00:00",
                "recency": "intermediate"
              },
              {
                "price": 0.58718,
                "type": "swing_low",
                "time": "2025-09-08 00:00:00",
                "recency": "intermediate"
              },
              {
                "price": 0.5852,
                "type": "swing_low",
                "time": "2025-08-25 04:00:00",
                "recency": "intermediate"
              },
              {
                "price": 0.585,
                "type": "round_number",
                "time": null,
                "recency": "historic"
              },
              {
                "price": 0.58413,
                "type": "swing_low",
                "time": "2025-09-03 10:00:00",
                "recency": "intermediate"
              },
              {
                "price": 0.58386,
                "type": "swing_low",
                "time": "2025-09-04 00:00:00",
                "recency": "intermediate"
              },
              {
                "price": 0.58378,
                "type": "swing_low",
                "time": "2025-09-02 14:00:00",
                "recency": "intermediate"
              },
              {
                "price": 0.58327,
                "type": "swing_low",
                "time": "2025-09-04 18:00:00",
                "recency": "intermediate"
              },
              {
                "price": 0.58289,
                "type": "swing_low",
                "time": "2025-08-26 06:00:00",
                "recency": "intermediate"
              },
              {
                "price": 0.58181,
                "type": "swing_low",
                "time": "2025-08-27 14:00:00",
                "recency": "intermediate"
              },
              {
                "price": 0.5815,
                "type": "swing_low",
                "time": "2025-08-20 10:00:00",
                "recency": "historic"
              },
              {
                "price": 0.58,
                "type": "round_number",
                "time": null,
                "recency": "historic"
              },
              {
                "price": 0.57998,
                "type": "swing_low",
                "time": "2025-08-22 08:00:00",
                "recency": "intermediate"
              },
              {
                "price": 0.575,
                "type": "round_number",
                "time": null,
                "recency": "historic"
              }
            ]
          },
          "price_patterns": {
            "all_detected_on_last": [
              "Bullish DOJI",
              "Bullish DOJISTAR",
              "Bullish HIGHWAVE",
              "Bullish LONGLEGGEDDOJI",
              "Bullish RICKSHAWMAN",
              "Bullish SHORTLINE",
              "Bullish SPINNINGTOP"
            ],
            "last_single_candle_pattern": "Bullish DOJI",
            "last_multi_candle_pattern": "Bullish HIGHWAVE"
          },
          "volume_context": {
            "status": "Below Average",
            "interpretation": "Low volume suggests lack of interest or conviction."
          },
          "current_price_context": {
            "price": 0.59457,
            "position_relative_to_levels": "Price is approaching resistance at 0.595.",
            "nearest_resistance": {
              "price": 0.595,
              "type": "round_number",
              "time": null,
              "recency": "historic"
            },
            "nearest_support": {
              "price": 0.59209,
              "type": "swing_low",
              "time": "2025-09-10 00:00:00",
              "recency": "recent"
            }
          }
        }
      },
      "M30": {
        "indicators": {
          "rsi": 27.07889125799575,
          "macd": [
            -0.0005544934561020343,
            -0.0003933707331484221,
            -0.00016112272295361216
          ],
          "bollinger_bands": [
            0.5958509999999999,
            0.5977358526397849,
            0.5939661473602149
          ],
          "atr": 0.0006271428571428499,
          "adx": [
            43.718568012072545,
            13.895216400911309,
            36.332574031891376
          ],
          "sma_100": 0.5952868,
          "sma_200": 0.5945827,
          "volume_sma_250": 1128.9
        },
        "analyze_price_action": {
          "time_context": {
            "start_time": "2025-09-04 11:00:00 UTC",
            "end_time": "2025-09-12 16:30:00 UTC",
            "total_candles": 300
          },
          "key_levels": {
            "period_high": {
              "price": 0.59798,
              "time": "2025-09-11 23:30:00"
            },
            "period_low": {
              "price": 0.58327,
              "time": "2025-09-04 19:00:00"
            },
            "resistance": [
              {
                "price": 0.58647,
                "type": "swing_high",
                "time": "2025-09-05 05:00:00",
                "recency": "historic"
              },
              {
                "price": 0.58794,
                "type": "swing_high",
                "time": "2025-09-05 11:00:00",
                "recency": "historic"
              },
              {
                "price": 0.58941,
                "type": "swing_high",
                "time": "2025-09-05 23:30:00",
                "recency": "historic"
              },
              {
                "price": 0.59179,
                "type": "swing_high",
                "time": "2025-09-05 16:30:00",
                "recency": "historic"
              },
              {
                "price": 0.59295,
                "type": "swing_high",
                "time": "2025-09-10 01:30:00",
                "recency": "intermediate"
              },
              {
                "price": 0.59428,
                "type": "swing_high",
                "time": "2025-09-08 22:00:00",
                "recency": "intermediate"
              },
              {
                "price": 0.59457,
                "type": "swing_high",
                "time": "2025-09-08 16:30:00",
                "recency": "intermediate"
              },
              {
                "price": 0.59474,
                "type": "swing_high",
                "time": "2025-09-11 02:00:00",
                "recency": "intermediate"
              },
              {
                "price": 0.59492,
                "type": "swing_high",
                "time": "2025-09-09 03:30:00",
                "recency": "intermediate"
              },
              {
                "price": 0.595,
                "type": "round_number",
                "time": null,
                "recency": "historic"
              },
              {
                "price": 0.59504,
                "type": "swing_high",
                "time": "2025-09-10 12:30:00",
                "recency": "intermediate"
              },
              {
                "price": 0.59518,
                "type": "swing_high",
                "time": "2025-09-10 09:00:00",
                "recency": "intermediate"
              },
              {
                "price": 0.59565,
                "type": "swing_high",
                "time": "2025-09-09 09:00:00",
                "recency": "intermediate"
              },
              {
                "price": 0.59575,
                "type": "swing_high",
                "time": "2025-09-09 17:00:00",
                "recency": "intermediate"
              },
              {
                "price": 0.59599,
                "type": "swing_high",
                "time": "2025-09-09 13:00:00",
                "recency": "intermediate"
              },
              {
                "price": 0.59639,
                "type": "swing_high",
                "time": "2025-09-10 17:00:00",
                "recency": "intermediate"
              },
              {
                "price": 0.59741,
                "type": "swing_high",
                "time": "2025-09-12 10:00:00",
                "recency": "recent"
              },
              {
                "price": 0.59756,
                "type": "swing_high",
                "time": "2025-09-11 19:00:00",
                "recency": "recent"
              },
              {
                "price": 0.59789,
                "type": "swing_high",
                "time": "2025-09-12 02:30:00",
                "recency": "recent"
              },
              {
                "price": 0.59798,
                "type": "swing_high",
                "time": "2025-09-11 23:30:00",
                "recency": "recent"
              },
              {
                "price": 0.6,
                "type": "round_number",
                "time": null,
                "recency": "historic"
              }
            ],
            "support": [
              {
                "price": 0.59502,
                "type": "swing_low",
                "time": "2025-09-12 11:30:00",
                "recency": "recent"
              },
              {
                "price": 0.59457,
                "type": "swing_low",
                "time": "2025-09-12 00:00:00",
                "recency": "recent"
              },
              {
                "price": 0.59399,
                "type": "swing_low",
                "time": "2025-09-09 10:30:00",
                "recency": "intermediate"
              },
              {
                "price": 0.59374,
                "type": "swing_low",
                "time": "2025-09-09 04:00:00",
                "recency": "intermediate"
              },
              {
                "price": 0.59357,
                "type": "swing_low",
                "time": "2025-09-10 14:30:00",
                "recency": "intermediate"
              },
              {
                "price": 0.59338,
                "type": "swing_low",
                "time": "2025-09-11 04:00:00",
                "recency": "intermediate"
              },
              {
                "price": 0.59333,
                "type": "swing_low",
                "time": "2025-09-10 11:30:00",
                "recency": "intermediate"
              },
              {
                "price": 0.59294,
                "type": "swing_low",
                "time": "2025-09-09 00:00:00",
                "recency": "intermediate"
              },
              {
                "price": 0.59292,
                "type": "swing_low",
                "time": "2025-09-11 00:00:00",
                "recency": "intermediate"
              },
              {
                "price": 0.59289,
                "type": "swing_low",
                "time": "2025-09-08 20:00:00",
                "recency": "intermediate"
              },
              {
                "price": 0.59221,
                "type": "swing_low",
                "time": "2025-09-11 12:00:00",
                "recency": "intermediate"
              },
              {
                "price": 0.5921,
                "type": "swing_low",
                "time": "2025-09-10 04:30:00",
                "recency": "intermediate"
              },
              {
                "price": 0.59209,
                "type": "swing_low",
                "time": "2025-09-10 00:00:00",
                "recency": "intermediate"
              },
              {
                "price": 0.59144,
                "type": "swing_low",
                "time": "2025-09-11 15:30:00",
                "recency": "intermediate"
              },
              {
                "price": 0.59,
                "type": "round_number",
                "time": null,
                "recency": "historic"
              },
              {
                "price": 0.58822,
                "type": "swing_low",
                "time": "2025-09-08 03:00:00",
                "recency": "historic"
              },
              {
                "price": 0.58719,
                "type": "swing_low",
                "time": "2025-09-05 15:00:00",
                "recency": "historic"
              },
              {
                "price": 0.58718,
                "type": "swing_low",
                "time": "2025-09-08 00:00:00",
                "recency": "historic"
              },
              {
                "price": 0.58586,
                "type": "swing_low",
                "time": "2025-09-05 07:30:00",
                "recency": "historic"
              },
              {
                "price": 0.585,
                "type": "round_number",
                "time": null,
                "recency": "historic"
              },
              {
                "price": 0.58372,
                "type": "swing_low",
                "time": "2025-09-05 00:00:00",
                "recency": "historic"
              },
              {
                "price": 0.58327,
                "type": "swing_low",
                "time": "2025-09-04 19:00:00",
                "recency": "historic"
              },
              {
                "price": 0.58,
                "type": "round_number",
                "time": null,
                "recency": "historic"
              }
            ]
          },
          "price_patterns": {
            "all_detected_on_last": [
              "Bearish SHORTLINE"
            ],
            "last_single_candle_pattern": "N/A",
            "last_multi_candle_pattern": "Bearish SHORTLINE"
          },
          "volume_context": {
            "status": "Below Average",
            "interpretation": "Low volume suggests lack of interest or conviction."
          },
          "current_price_context": {
            "price": 0.59457,
            "position_relative_to_levels": "Price is approaching resistance at 0.59474.",
            "nearest_resistance": {
              "price": 0.59474,
              "type": "swing_high",
              "time": "2025-09-11 02:00:00",
              "recency": "intermediate"
            },
            "nearest_support": {
              "price": 0.59399,
              "type": "swing_low",
              "time": "2025-09-09 10:30:00",
              "recency": "intermediate"
            }
          }
        }
      }
    }
  },
  "response_data": {
    "success": true,
    "errorMsg": "",
    "errorCode": 0,
    "data": {
      "symbol": "NZDUSD",
      "signal_type": "HOLD",
      "order_type_proposed": null,
      "entry_price_proposed": null,
      "stop_loss_proposed": null,
      "take_profit_proposed": null,
      "estimate_win_probability": null,
      "risk_reward_ratio": null,
      "trailing_stop_loss": null,
      "pips_to_take_profit": null,
      "technical_reasoning": "Mixed technical alignment with conflicting signals: D1 shows weakening bullish momentum near resistance (0.595), H2 displays bullish candlestick patterns but low volume confirmation, and M30 shows oversold conditions with bearish patterns. All scenarios failed viability filters - immediate entry lacks confirmation (A), pullback setup violated minimum SL distance (B: 7.3 pips vs 14.7 ATR), breakout R:R insufficient (C: 1.26). Prudent to wait for clearer confluence."
    }
  },
  "log_type": "signal_analysis"
}