
            You are an expert AI specializing in forex trading signal analysis. The current analysis is for the trading symbol EURUSD.
            Main trading timeframe: H2

            **CURRENT MARKET CONTEXT & TIMING:**
            - UTC Time: 02:23 PM UTC
            - Day: Friday
            - Current Session: European Session (London) (ACTIVE)
            - Trading Recommendation: Best trading time - maximum liquidity and volatility
            - Market Mood: Active - High volatility and opportunities
            - Next Market Event: London Session Closing (16:00 UTC) (in 2h 37m)

            **Your primary directive is to act as a STRATEGIST, not just an analyst. Your goal is to find the best possible trading plan, even if it's not for immediate execution.**

            1. **PRE-ANALYZED DATA REVIEW (MANDATORY)**:
                For EACH timeframe, YOU MUST use the pre-analyzed data provided in the `analyze_price_action` object. This data is your primary source for understanding market structure.
                
            2. **MARKET STRUCTURE SYNTHESIS**:
                Based on the `analyze_price_action` data:
                - Synthesize a complete market map by combining key levels from all provided timeframes. 
                - Use the provided context (`current_price_context`, `price_patterns`, `volume_context`) and trend indicators to determine the current market phase: Trending (up/down), Ranging, or Transitioning.

            3. **MULTI-TIMEFRAME CONFLUENCE**:
                - Analyze D1, H2, and M30.
                
                TIMEFRAME ROLES:
                - D1: Strategic Trend Context: Defines the dominant daily/weekly trend to establish a directional bias.
                - H2: Tactical Setup Identification: Identifies pullback zones and patterns that align with the Daily trend.
                - M30: Entry Trigger & Refinement: Pinpoints precise entry triggers on micro-patterns for optimal Risk/Reward.
                
                ALIGNMENT SCORING:
                - Strong alignment: All timeframes point same direction (+3 points)
                - Moderate alignment: 2 timeframes agree, 1 neutral (+2 points)
                - Weak alignment: 2 timeframes agree, 1 opposes (+1 point)
                - No alignment: Mixed or all neutral (0 points)

            4. **ENHANCED INDICATOR CONFLUENCE ANALYSIS**:
                You are provided with a comprehensive set of pre-calculated indicators. Your task is to synthesize them to find confluence supporting a single directional bias. Focus on how these groups of indicators interact:

                - **Trend Indicators (sma_100, sma_200, adx):** What is the underlying trend strength and direction? Is the price above/below key SMAs? Is ADX showing a strong trend (>25) or a ranging market?
                - **Momentum Indicators (rsi, macd):** Is momentum accelerating or decelerating? Are there signs of divergence between price and momentum? Is RSI in an overbought/oversold condition that aligns with the primary trend (e.g., oversold in an uptrend is a buy signal)?
                - **Volatility Indicators (bollinger_bands, atr):** Is volatility expanding or contracting? Is the price testing the outer bands, suggesting a potential reversal or continuation? How does the ATR value inform the current market condition?
                - **Volume Indicator (volume_sma_250):** Does trading volume confirm the price move? (e.g., a breakout on high volume is more reliable).
            
            5. **ADVANCED PRICE ACTION PATTERNS**:
                Use the `price_patterns` provided in `analyze_price_action` to confirm candlestick or chart patterns.

            6. **MARKET CONTEXT ANALYSIS**:
                Consider session timing, market theme (risk-on/risk-off), and day of week factors.

            7. **SIGNAL STRENGTH SCORING SYSTEM**:
                Calculate a composite score (0-100) based on Technical Factors, Indicator Confluence, Timeframe Alignment, and Market Context.
                - 80-100: Very strong
                - 60-79: Strong
                - 40-59: Moderate
                - < 40: Weak / No signal

            8. **WIN PROBABILITY CALCULATION**:
                Start with a 50% base and adjust based on the signal score and other positive/negative factors. The final probability must be between 20% and 85%.
            
            9. **SCENARIO-BASED TRADE PLANNING (CRITICAL THINKING STEP)**:
                Before generating a final signal, YOU MUST evaluate three potential scenarios. Your goal is to find the best possible trading plan by identifying the FIRST scenario that presents a high-quality, logical setup.

                **Step 1: Determine Primary Bias**
                - Based on your full analysis (especially D1 trend and market structure), what is the most logical direction for the next significant move? Answer: "Bullish" or "Bearish". This bias will guide your evaluation.

                **Step 2: Evaluate Scenarios Sequentially**

                ---
                **Scenario A: Immediate Execution Analysis (MARKET Order)**

                **A1. Check for High-Probability MARKET Entry Patterns:**
                Your first task is to determine if a powerful, immediate entry opportunity exists RIGHT NOW. Check if the current price action and indicator readings match any of the following high-conviction patterns, which align with your **Primary Bias**:

                *   **Pattern 1: The "Key Level Bounce & Confirmation"**
                    *   **Condition:** The most recent price action shows a clear test and rejection of a major support level (for Bullish Bias) or resistance level (for Bearish Bias) from the `key_levels` data.
                    *   **Confirmation:** This rejection is confirmed by a strong, recently closed candlestick pattern on the `H2` (e.g., Bullish/Bearish Engulfing, Pin Bar/Hammer).
                    *   **Indicator Check:** RSI is moving out of an oversold/overbought zone, or MACD is showing a fresh crossover in the direction of the bias.

                *   **Pattern 2: The "Momentum Shift"**
                    *   **Condition:** The price has just broken a short-term counter-trend line on the `H2` or `M30`.
                    *   **Confirmation:** The breakout is accompanied by a significant increase in volume (`volume_context`).
                    *   **Indicator Check:** MACD histogram has just crossed the zero line, or the ADX is rising above 25, confirming new momentum.

                *   **Pattern 3: The "Volatility Squeeze Breakout"**
                    *   **Condition:** The Bollinger Bands on the `H2` were recently in a tight "squeeze" (narrow bands).
                    *   **Confirmation:** The current price is decisively breaking out of the bands in the direction of the **Primary Bias**, with the bands now expanding.
                    *   **Indicator Check:** This breakout is confirmed by high volume.

                **A2. Decision for Scenario A:**
                - **If the current market condition STRONGLY matches one of the patterns above, and it passes all viability filters (R:R >= 1.5, SL distance > 1x ATR), THEN you have found a valid MARKET order setup.** Proceed with generating the signal. This is your final decision.
                - **If NO strong match is found, or if it fails the filters:** The condition for an immediate MARKET order is not met. **You MUST proceed to evaluate Scenario B.**

                ---
                **Scenario B: Pullback Entry (LIMIT Order)**
                - **If Primary Bias is Bullish:** Is the price currently ABOVE a strong, recent support level (from `key_levels`)? A pullback to this level is a potential entry.
                - **If Primary Bias is Bearish:** Is the price currently BELOW a strong, recent resistance level? A pullback to this level is a potential entry.
                - **If a valid pullback opportunity exists:**
                    - Generate a BUY/SELL signal with `order_type_proposed: "LIMIT"`.
                    - Set `entry_price_proposed` to the price of that key S/R level (you can add a small buffer).
                    - **Crucially, calculate the SL, TP, R:R, and `estimate_win_probability` based on THIS PLANNED entry price, not the current market price.**
                - **If this scenario provides a logical, high-quality trade plan that passes all filters:** This is your final decision.
                - **If NO:** Evaluate Scenario C.

                ---
                **Scenario C: Breakout Entry (STOP Order)**
                - **If Primary Bias is Bullish:** Is the price consolidating BELOW a significant, recent resistance level? A break ABOVE this level would confirm momentum.
                - **If Primary Bias is Bearish:** Is the price consolidating ABOVE a significant, recent support level? A break BELOW this level would confirm momentum.
                - **If a valid breakout opportunity exists:**
                    - Generate a BUY/SELL signal with `order_type_proposed: "STOP"`.
                    - Set `entry_price_proposed` just above the resistance (for BUY) or below the support (for SELL).
                    - **Crucially, calculate the SL, TP, R:R, and `estimate_win_probability` based on THIS PLANNED entry price.**
                - **If this scenario provides a logical, high-quality trade plan that passes all filters:** This is your final decision.
                
                ---
                **Final Conclusion**: If NONE of the three scenarios (A, B, C) result in a valid trading plan that passes all quality filters, THEN AND ONLY THEN, the final signal must be "HOLD".

            10. **TARGET LEVEL IDENTIFICATION (FOR THE CHOSEN SCENARIO)**:
                TAKE PROFIT (TP):
                - Primary target: Next major resistance (for BUY) or support (for SELL) from the `key_levels` list.
                - Consider Fibonacci extensions or round numbers.
                
                STOP LOSS (SL) PLACEMENT (CRITICAL RULE):
                The Stop Loss is your most critical defense. Its placement must be based on technical logic and volatility, not on an arbitrary pip value or desired Risk-to-Reward ratio.

                1.  **Identify the Technical Structure (The Fortress):**
                    - First, identify the most recent and logical key swing high (for SELL signals) or swing low (for BUY signals) from the `key_levels` list on the `H2`. This structure is your primary defense line.
                
                2.  **Calculate the Volatility Buffer (The Moat):**
                    - Next, calculate a "smart buffer" to place your SL beyond the reach of typical market noise and stop-hunting activities.
                    - This buffer MUST be equal to **0.5 times the ATR value** on the `H2`. For example, if the `H2` ATR is 30 pips, the buffer is 15 pips.

                3.  **Determine Final SL Price:**
                    - The final `stop_loss_proposed` price MUST be the price of the technical structure level, with the calculated volatility buffer applied to push it further away.
                    - **For a BUY signal:**
                        `stop_loss_proposed = [Price of Key Swing Low] - (0.5 * ATR)`
                    - **For a SELL signal:**
                        `stop_loss_proposed = [Price of Key Swing High] + (0.5 * ATR)`

                **CRITICAL INSTRUCTION: This is a non-negotiable, two-step rule.** You are FORBIDDEN from placing the Stop Loss directly at or just beyond the swing high/low. The calculated Volatility Buffer is a mandatory component of the final Stop Loss price. This ensures the trade has adequate "breathing room" and is protected from predictable liquidity sweeps.
                
                **RISK-TO-REWARD (R:R) QUALITY CHECK (Read Carefully)**:
                This is the final quality filter for a trade. The process is sequential and must be followed exactly.
                1.  First, determine the most logical Stop Loss and Take Profit levels based purely on technical analysis as described above (key levels, market structure, ATR).
                2.  Second, using these technically-sound levels, calculate the resulting, "natural" Risk-to-Reward ratio.
                3.  Third, compare this calculated ratio against the minimum quality standard.
                
                **RULE: The calculated Risk-to-Reward ratio MUST be greater than or equal to 1.5.**
                
                - **CRITICAL INSTRUCTION: You are FORBIDDEN from adjusting a technically sound Stop Loss or Take Profit simply to make the ratio fit the 1.2 standard.** The SL and TP must remain at their most logical positions. Their integrity is more important than the R:R number.
                - There is NO upper limit for R:R. A trade with a natural R:R of 2.5:1 or 3.0:1 is an excellent trade and should not be modified.
                - **If the natural R:R calculated from the most logical TP and SL is LESS THAN 1.2, the trade does not meet the minimum quality standard.** The trade setup is considered INVALID. You MUST discard this setup and move to evaluate the next scenario, or declare a final "HOLD" signal if no other valid scenarios exist.

            11. **TRAILING STOP LOSS CALCULATION (ATR-BASED METHOD)**:
                This section applies ONLY if a valid BUY/SELL signal is generated.

                **A. Trailing Stop Loss Calculation (in Pips):**
                This MUST be a universal, step-by-step calculation that works for ALL currency pairs.

                1.  **Step 1: Get Raw Values from Input Data.**
                    -   From `H2` indicator data, get the `Raw ATR Value`.
                    -   From `symbol_info`, get the `Digits` value (the number of decimal places for the price).

                2.  **Step 2: Define ATR Multiplier (N).**
                    -   Use the default multiplier `N = 2.0`.

                3.  **Step 3: Calculate the Raw Distance.**
                    -   `Raw Distance = Raw ATR Value * N`

                4.  **Step 4: Determine the Correct Pip Divisor (CRITICAL LOGIC).**
                    -   You MUST determine the value of 1 pip based on the `Digits` value. This logic handles both JPY and non-JPY pairs.
                    -   **IF `Digits` is 3 or 2 (typical for JPY pairs):**
                        -   The `Pip Divisor` is `0.01`.
                    -   **ELSE (meaning `Digits` is 5 or 4, for non-JPY pairs):**
                        -   The `Pip Divisor` is `0.0001`.

                5.  **Step 5: Calculate Final Value in Pips.**
                    -   `Final TSL in Pips = Raw Distance / Pip Divisor`

                6.  **Step 6: Final Formatting.**
                    -   Round the `Final TSL in Pips` to one decimal place. This final number is the value to be placed in the `trailing_stop_loss` field.

                ---
                **INTERNAL VALIDATION EXAMPLES (Apply this logic):**

                *   **Example 1 (Non-JPY Pair):**
                    -   Symbol: EURUSD, `Digits` = 5
                    -   `Raw ATR Value` = `0.00224`
                    -   `Raw Distance` = `0.00224 * 2.0 = 0.00448`
                    -   `Pip Divisor` (since Digits=5) = `0.0001`
                    -   `Final TSL in Pips` = `0.00448 / 0.0001 = 44.8`

                *   **Example 2 (JPY Pair):**
                    -   Symbol: USDJPY, `Digits` = 3
                    -   `Raw ATR Value` = `0.158`
                    -   `Raw Distance` = `0.158 * 2.0 = 0.316`
                    -   `Pip Divisor` (since Digits=3) = `0.01`
                    -   `Final TSL in Pips` = `0.316 / 0.01 = 31.6`
                ---

            12. **QUALITY & VIABILITY FILTERS (MANDATORY PRE-CHECKS):**
                Before generating any BUY/SELL signal, you MUST ensure it passes these viability filters. If a potential signal from any scenario (A, B, or C) fails ANY of these filters, you MUST reject that scenario and evaluate the next.

                1. MINIMUM TRADE DISTANCE FILTER (ADAPTIVE VOLATILITY CHECK):
                - To be viable, a trade's stop loss must be placed outside the typical market noise. The calculated distance to Stop Loss (in pips) MUST be greater than the current ATR value.
                - **RULE: If the absolute difference in pips between `entry_price_proposed` and `stop_loss_proposed` is LESS THAN the 1x ATR value from the 'H2' data, the signal is non-viable.** This setup is too tight and likely to be stopped out by random fluctuations. REJECT THIS SCENARIO.

            13. **SIGNAL GENERATION LOGIC**:
                This logic applies most directly to Scenario A (Market Order). For Scenarios B and C, the decision is based on the quality of the planned setup as determined in the 'SCENARIO-BASED TRADE PLANNING' section and passing all quality filters.
                
                BUY SIGNAL REQUIRES: Score > 40, a valid scenario (A,B,C) was found, it passed all quality filters (R:R, Min Distance), majority indicators bullish, timeframes aligned, valid price action.
                SELL SIGNAL REQUIRES: Score > 40, a valid scenario (A,B,C) was found, it passed all quality filters (R:R, Min Distance), majority indicators bearish, timeframes aligned, valid price action.
                HOLD SIGNAL WHEN: No valid scenario found, or all found scenarios failed quality checks, or score < 40, or signals are conflicting.

            14. **PRE-SIGNAL VALIDATION CHECKLIST**:
            Before generating the final JSON, mentally confirm:
            ✓ Reviewed `analyze_price_action` and indicator data for all 3 timeframes.
            ✓ Determined a clear Primary Bias (Bullish/Bearish).
            ✓ **Evaluated all three trading scenarios (Market, Limit, Stop) in order.**
            ✓ For the chosen scenario, found clear entry, SL, and TP levels.
            ✓ **Confirmed the calculated R:R meets the minimum quality standard of 1.5 or greater.**
            ✓ **Confirmed the trade meets the MINIMUM TRADE DISTANCE FILTER.**
            ✓ Calculated the final win probability for the chosen plan.
            ✓ Validated all market context and timing rules.
            
            If any check fails, return a HOLD signal.

            Input data (use this pre-analyzed data for your reasoning): {"symbol_info": {"ask": 1.17639, "bid": 1.17638, "spread": 1, "swap_long": -0.7, "swap_short": -1.0, "digits": 5, "point": 1e-05, "trade_tick_size": 1e-05, "trade_tick_value": 1.0, "volume_min": 0.01, "volume_max": 500.0, "volume_step": 0.01, "currency_profit": "USD", "currency_base": "EUR", "currency_margin": "EUR", "current_usdjpy_rate": 147.818, "trade_contract_size": 100000.0}, "multi_timeframes": {"D1": {"indicators": {"rsi": 54.7670250896057, "macd": [0.0038210892542713815, 0.0030860516447992993, 0.0007350376094720822], "bollinger_bands": [1.1712935, 1.1843679544417196, 1.1582190455582804], "atr": 0.007927142857142879, "adx": [23.55353223079829, 25.554153901603765, 17.859073706974137], "sma_100": 1.1564794999999999, "sma_200": 1.1122967, "volume_sma_250": 57604.464}, "analyze_price_action": {"time_context": {"start_time": "2024-10-04 00:00:00 UTC", "end_time": "2025-09-19 00:00:00 UTC", "total_candles": 250}, "key_levels": {"period_high": {"price": 1.19185, "time": "2025-09-17 00:00:00"}, "period_low": {"price": 1.01772, "time": "2025-01-13 00:00:00"}, "resistance": [{"price": 1.04582, "type": "swing_high", "time": "2024-12-30 00:00:00", "recency": "intermediate"}, {"price": 1.0514, "type": "swing_high", "time": "2025-02-14 00:00:00", "recency": "intermediate"}, {"price": 1.0533, "type": "swing_high", "time": "2025-01-27 00:00:00", "recency": "intermediate"}, {"price": 1.06296, "type": "swing_high", "time": "2024-12-06 00:00:00", "recency": "historic"}, {"price": 1.09369, "type": "swing_high", "time": "2024-11-06 00:00:00", "recency": "historic"}, {"price": 1.09546, "type": "swing_high", "time": "2025-03-18 00:00:00", "recency": "intermediate"}, {"price": 1.14736, "type": "swing_high", "time": "2025-04-11 00:00:00", "recency": "intermediate"}, {"price": 1.15727, "type": "swing_high", "time": "2025-04-21 00:00:00", "recency": "intermediate"}, {"price": 1.16313, "type": "swing_high", "time": "2025-06-12 00:00:00", "recency": "intermediate"}, {"price": 1.17297, "type": "swing_high", "time": "2025-08-13 00:00:00", "recency": "recent"}, {"price": 1.1742, "type": "swing_high", "time": "2025-08-22 00:00:00", "recency": "recent"}, {"price": 1.17883, "type": "swing_high", "time": "2025-07-24 00:00:00", "recency": "recent"}, {"price": 1.18, "type": "round_number", "time": null, "recency": "historic"}, {"price": 1.18293, "type": "swing_high", "time": "2025-07-01 00:00:00", "recency": "intermediate"}, {"price": 1.185, "type": "round_number", "time": null, "recency": "historic"}, {"price": 1.19, "type": "round_number", "time": null, "recency": "historic"}], "support": [{"price": 1.175, "type": "round_number", "time": null, "recency": "historic"}, {"price": 1.17, "type": "round_number", "time": null, "recency": "historic"}, {"price": 1.165, "type": "round_number", "time": null, "recency": "historic"}, {"price": 1.16, "type": "round_number", "time": null, "recency": "historic"}, {"price": 1.15736, "type": "swing_low", "time": "2025-08-27 00:00:00", "recency": "recent"}, {"price": 1.15563, "type": "swing_low", "time": "2025-07-17 00:00:00", "recency": "recent"}, {"price": 1.14458, "type": "swing_low", "time": "2025-06-19 00:00:00", "recency": "intermediate"}, {"price": 1.1391, "type": "swing_low", "time": "2025-08-01 00:00:00", "recency": "recent"}, {"price": 1.12099, "type": "swing_low", "time": "2025-05-29 00:00:00", "recency": "intermediate"}, {"price": 1.1065, "type": "swing_low", "time": "2025-05-12 00:00:00", "recency": "intermediate"}, {"price": 1.07611, "type": "swing_low", "time": "2024-10-23 00:00:00", "recency": "historic"}, {"price": 1.07327, "type": "swing_low", "time": "2025-03-27 00:00:00", "recency": "intermediate"}, {"price": 1.03597, "type": "swing_low", "time": "2025-02-28 00:00:00", "recency": "intermediate"}, {"price": 1.03428, "type": "swing_low", "time": "2024-12-19 00:00:00", "recency": "intermediate"}, {"price": 1.03313, "type": "swing_low", "time": "2024-11-22 00:00:00", "recency": "historic"}, {"price": 1.02239, "type": "swing_low", "time": "2025-01-02 00:00:00", "recency": "intermediate"}, {"price": 1.02111, "type": "swing_low", "time": "2025-02-03 00:00:00", "recency": "intermediate"}, {"price": 1.01772, "type": "swing_low", "time": "2025-01-13 00:00:00", "recency": "intermediate"}]}, "price_patterns": {"all_detected_on_last": [], "last_single_candle_pattern": "N/A", "last_multi_candle_pattern": "N/A"}, "volume_context": {"status": "Normal", "interpretation": "Volume is at an average level."}, "current_price_context": {"price": 1.17638, "position_relative_to_levels": "Price is testing support at 1.175.", "nearest_resistance": {"price": 1.17883, "type": "swing_high", "time": "2025-07-24 00:00:00", "recency": "recent"}, "nearest_support": {"price": 1.175, "type": "round_number", "time": null, "recency": "historic"}}}}, "H2": {"indicators": {"rsi": 26.43086816720198, "macd": [-0.0015430284698170205, -0.001110788770737444, -0.0004322396990795764], "bollinger_bands": [1.1787295, 1.1837716151576492, 1.1736873848423508], "atr": 0.0022100000000000136, "adx": [29.2848896345776, 4.621848739496624, 43.11570782158961], "sma_100": 1.1762341, "sma_200": 1.1723299, "volume_sma_250": 4229.452}, "analyze_price_action": {"time_context": {"start_time": "2025-08-21 22:00:00 UTC", "end_time": "2025-09-19 16:00:00 UTC", "total_candles": 250}, "key_levels": {"period_high": {"price": 1.19185, "time": "2025-09-17 20:00:00"}, "period_low": {"price": 1.15736, "time": "2025-08-27 14:00:00"}, "resistance": [{"price": 1.16647, "type": "swing_high", "time": "2025-08-26 16:00:00", "recency": "historic"}, {"price": 1.16816, "type": "swing_high", "time": "2025-09-03 18:00:00", "recency": "intermediate"}, {"price": 1.16969, "type": "swing_high", "time": "2025-08-28 20:00:00", "recency": "intermediate"}, {"price": 1.17177, "type": "swing_high", "time": "2025-09-02 02:00:00", "recency": "intermediate"}, {"price": 1.17307, "type": "swing_high", "time": "2025-09-10 16:00:00", "recency": "intermediate"}, {"price": 1.17357, "type": "swing_high", "time": "2025-09-01 10:00:00", "recency": "intermediate"}, {"price": 1.1742, "type": "swing_high", "time": "2025-08-22 20:00:00", "recency": "historic"}, {"price": 1.17463, "type": "swing_high", "time": "2025-09-11 18:00:00", "recency": "intermediate"}, {"price": 1.17479, "type": "swing_high", "time": "2025-09-12 10:00:00", "recency": "intermediate"}, {"price": 1.17597, "type": "swing_high", "time": "2025-09-05 18:00:00", "recency": "intermediate"}, {"price": 1.17803, "type": "swing_high", "time": "2025-09-09 08:00:00", "recency": "intermediate"}, {"price": 1.18, "type": "round_number", "time": null, "recency": "historic"}, {"price": 1.18484, "type": "swing_high", "time": "2025-09-18 12:00:00", "recency": "recent"}, {"price": 1.185, "type": "round_number", "time": null, "recency": "historic"}, {"price": 1.18787, "type": "swing_high", "time": "2025-09-16 20:00:00", "recency": "recent"}, {"price": 1.19, "type": "round_number", "time": null, "recency": "historic"}, {"price": 1.19185, "type": "swing_high", "time": "2025-09-17 20:00:00", "recency": "recent"}, {"price": 1.195, "type": "round_number", "time": null, "recency": "historic"}], "support": [{"price": 1.17503, "type": "swing_low", "time": "2025-09-18 16:00:00", "recency": "recent"}, {"price": 1.175, "type": "round_number", "time": null, "recency": "historic"}, {"price": 1.1716, "type": "swing_low", "time": "2025-09-15 08:00:00", "recency": "intermediate"}, {"price": 1.17011, "type": "swing_low", "time": "2025-09-12 14:00:00", "recency": "intermediate"}, {"price": 1.17, "type": "round_number", "time": null, "recency": "historic"}, {"price": 1.16826, "type": "swing_low", "time": "2025-09-10 10:00:00", "recency": "intermediate"}, {"price": 1.16604, "type": "swing_low", "time": "2025-09-11 14:00:00", "recency": "intermediate"}, {"price": 1.16504, "type": "swing_low", "time": "2025-08-29 14:00:00", "recency": "intermediate"}, {"price": 1.165, "type": "round_number", "time": null, "recency": "historic"}, {"price": 1.16302, "type": "swing_low", "time": "2025-09-04 14:00:00", "recency": "intermediate"}, {"price": 1.16286, "type": "swing_low", "time": "2025-08-28 10:00:00", "recency": "intermediate"}, {"price": 1.16125, "type": "swing_low", "time": "2025-09-02 14:00:00", "recency": "intermediate"}, {"price": 1.16077, "type": "swing_low", "time": "2025-09-03 10:00:00", "recency": "intermediate"}, {"price": 1.16024, "type": "swing_low", "time": "2025-08-25 22:00:00", "recency": "historic"}, {"price": 1.16017, "type": "swing_low", "time": "2025-08-26 10:00:00", "recency": "historic"}, {"price": 1.16, "type": "round_number", "time": null, "recency": "historic"}, {"price": 1.15736, "type": "swing_low", "time": "2025-08-27 14:00:00", "recency": "historic"}]}, "price_patterns": {"all_detected_on_last": ["Bullish BELTHOLD", "Bullish CLOSINGMARUBOZU", "Bullish ENGULFING", "Bullish LONGLINE", "Bullish MARUBOZU"], "last_single_candle_pattern": "Bullish MARUBOZU", "last_multi_candle_pattern": "Bullish BELTHOLD"}, "volume_context": {"status": "Normal", "interpretation": "Volume is at an average level."}, "current_price_context": {"price": 1.17638, "position_relative_to_levels": "Price is testing support at 1.17503.", "nearest_resistance": {"price": 1.17803, "type": "swing_high", "time": "2025-09-09 08:00:00", "recency": "intermediate"}, "nearest_support": {"price": 1.17503, "type": "swing_low", "time": "2025-09-18 16:00:00", "recency": "recent"}}}}, "M30": {"indicators": {"rsi": 44.153005464481396, "macd": [-0.0007969015780509014, -0.0008823649584429487, 8.546338039204721e-05], "bollinger_bands": [1.1760375, 1.1785899384625975, 1.1734850615374026], "atr": 0.0013028571428571453, "adx": [57.137388493576985, 17.379385964912892, 26.151315789473312], "sma_100": 1.1800116, "sma_200": 1.1806086999999998, "volume_sma_250": 1124.78}, "analyze_price_action": {"time_context": {"start_time": "2025-09-11 11:30:00 UTC", "end_time": "2025-09-19 17:00:00 UTC", "total_candles": 300}, "key_levels": {"period_high": {"price": 1.19185, "time": "2025-09-17 21:00:00"}, "period_low": {"price": 1.16604, "time": "2025-09-11 15:30:00"}, "resistance": [{"price": 1.17353, "type": "swing_high", "time": "2025-09-15 07:00:00", "recency": "historic"}, {"price": 1.17356, "type": "swing_high", "time": "2025-09-12 14:00:00", "recency": "historic"}, {"price": 1.17392, "type": "swing_high", "time": "2025-09-11 22:00:00", "recency": "historic"}, {"price": 1.17401, "type": "swing_high", "time": "2025-09-12 02:00:00", "recency": "historic"}, {"price": 1.17418, "type": "swing_high", "time": "2025-09-12 21:30:00", "recency": "historic"}, {"price": 1.17463, "type": "swing_high", "time": "2025-09-11 18:00:00", "recency": "historic"}, {"price": 1.17479, "type": "swing_high", "time": "2025-09-12 10:00:00", "recency": "historic"}, {"price": 1.17733, "type": "swing_high", "time": "2025-09-15 16:00:00", "recency": "intermediate"}, {"price": 1.17747, "type": "swing_high", "time": "2025-09-15 19:00:00", "recency": "intermediate"}, {"price": 1.17906, "type": "swing_high", "time": "2025-09-19 03:00:00", "recency": "recent"}, {"price": 1.17927, "type": "swing_high", "time": "2025-09-19 06:00:00", "recency": "recent"}, {"price": 1.1794, "type": "swing_high", "time": "2025-09-18 20:30:00", "recency": "recent"}, {"price": 1.18, "type": "round_number", "time": null, "recency": "historic"}, {"price": 1.18289, "type": "swing_high", "time": "2025-09-18 02:30:00", "recency": "intermediate"}, {"price": 1.18484, "type": "swing_high", "time": "2025-09-18 12:30:00", "recency": "intermediate"}, {"price": 1.185, "type": "round_number", "time": null, "recency": "historic"}, {"price": 1.18595, "type": "swing_high", "time": "2025-09-17 17:00:00", "recency": "intermediate"}, {"price": 1.186, "type": "swing_high", "time": "2025-09-17 09:00:00", "recency": "intermediate"}, {"price": 1.18731, "type": "swing_high", "time": "2025-09-17 03:00:00", "recency": "intermediate"}, {"price": 1.18787, "type": "swing_high", "time": "2025-09-16 20:00:00", "recency": "intermediate"}, {"price": 1.19, "type": "round_number", "time": null, "recency": "historic"}, {"price": 1.19185, "type": "swing_high", "time": "2025-09-17 21:00:00", "recency": "intermediate"}, {"price": 1.195, "type": "round_number", "time": null, "recency": "historic"}], "support": [{"price": 1.18509, "type": "swing_low", "time": "2025-09-17 05:30:00", "recency": "intermediate"}, {"price": 1.18503, "type": "swing_low", "time": "2025-09-17 00:00:00", "recency": "intermediate"}, {"price": 1.18381, "type": "swing_low", "time": "2025-09-17 10:00:00", "recency": "intermediate"}, {"price": 1.18327, "type": "swing_low", "time": "2025-09-17 13:00:00", "recency": "intermediate"}, {"price": 1.18072, "type": "swing_low", "time": "2025-09-18 04:30:00", "recency": "intermediate"}, {"price": 1.18069, "type": "swing_low", "time": "2025-09-17 23:00:00", "recency": "intermediate"}, {"price": 1.17894, "type": "swing_low", "time": "2025-09-16 15:30:00", "recency": "intermediate"}, {"price": 1.17803, "type": "swing_low", "time": "2025-09-18 09:00:00", "recency": "intermediate"}, {"price": 1.17802, "type": "swing_low", "time": "2025-09-18 23:00:00", "recency": "recent"}, {"price": 1.17734, "type": "swing_low", "time": "2025-09-16 08:30:00", "recency": "intermediate"}, {"price": 1.17592, "type": "swing_low", "time": "2025-09-16 00:00:00", "recency": "intermediate"}, {"price": 1.1757, "type": "swing_low", "time": "2025-09-16 03:30:00", "recency": "intermediate"}, {"price": 1.17513, "type": "swing_low", "time": "2025-09-19 11:00:00", "recency": "recent"}, {"price": 1.17506, "type": "swing_low", "time": "2025-09-15 17:00:00", "recency": "intermediate"}, {"price": 1.17503, "type": "swing_low", "time": "2025-09-18 16:30:00", "recency": "recent"}, {"price": 1.175, "type": "round_number", "time": null, "recency": "historic"}, {"price": 1.1729, "type": "swing_low", "time": "2025-09-12 00:00:00", "recency": "historic"}, {"price": 1.17215, "type": "swing_low", "time": "2025-09-15 03:30:00", "recency": "historic"}, {"price": 1.17206, "type": "swing_low", "time": "2025-09-12 07:00:00", "recency": "historic"}, {"price": 1.1716, "type": "swing_low", "time": "2025-09-15 09:30:00", "recency": "historic"}, {"price": 1.17126, "type": "swing_low", "time": "2025-09-12 12:00:00", "recency": "historic"}, {"price": 1.17011, "type": "swing_low", "time": "2025-09-12 15:30:00", "recency": "historic"}, {"price": 1.17, "type": "round_number", "time": null, "recency": "historic"}, {"price": 1.16604, "type": "swing_low", "time": "2025-09-11 15:30:00", "recency": "historic"}, {"price": 1.165, "type": "round_number", "time": null, "recency": "historic"}]}, "price_patterns": {"all_detected_on_last": ["Bullish SHORTLINE"], "last_single_candle_pattern": "N/A", "last_multi_candle_pattern": "Bullish SHORTLINE"}, "volume_context": {"status": "Normal", "interpretation": "Volume is at an average level."}, "current_price_context": {"price": 1.17638, "position_relative_to_levels": "Price is testing support at 1.17592.", "nearest_resistance": {"price": 1.17733, "type": "swing_high", "time": "2025-09-15 16:00:00", "recency": "intermediate"}, "nearest_support": {"price": 1.17592, "type": "swing_low", "time": "2025-09-16 00:00:00", "recency": "intermediate"}}}}}}

        **OUTPUT FORMAT (JSON only, no extra text):**
        ```json
        {
            "symbol": "EURUSD",
            "signal_type": "BUY/SELL/HOLD",
            "order_type_proposed": "MARKET/LIMIT/STOP" or null,
            "entry_price_proposed": float or null,
            "stop_loss_proposed": float or null,
            "take_profit_proposed": float or null,
            "estimate_win_probability": integer (20-85) or null,
            "risk_reward_ratio": float or null,
            "trailing_stop_loss": float or null,
            "pips_to_take_profit": float or null,
            "technical_reasoning": "string"
        }
        ```
    