{
  "timestamp": "2025-09-19T14:24:07.119842",
  "timezone": "GMT+3.0",
  "timeframe": "H2",
  "symbol": "EURUSD",
  "request_data": {
    "cache_key": {
      "timezone": "GMT+3.0",
      "timeframe": "H2",
      "symbol": "EURUSD"
    },
    "symbol": "EURUSD",
    "timeframe": "H2",
    "account_info": {
      "login": 96502956,
      "leverage": 500,
      "limit_orders": 200,
      "balance": 485.05,
      "profit": 0.0,
      "equity": 485.05,
      "margin_free": 485.05,
      "margin_level": 0.0,
      "margin_so_call": 50.0,
      "commission_blocked": 0.0,
      "currency": "USD",
      "server": "MetaQuotes-Demo",
      "company": "MetaQuotes Ltd."
    },
    "balance_config": {
      "max_position": 3,
      "max_risk": 2.0,
      "total_max_risk": 6
    },
    "max_positions": 3,
    "active_orders_summary": "total_active_orders: 0",
    "pending_orders_summary": "total_pending_orders: 0",
    "portfolio_exposure": {
      "active_positions": [],
      "pending_orders": [],
      "summary": {
        "total_active_positions": 0,
        "total_pending_orders": 0,
        "total_potential_loss_from_portfolio_usd": 0.0,
        "total_margin_used_from_portfolio_usd": 0.0
      }
    },
    "account_type_details": {
      "name": "STANDARD",
      "multiplier": 100000,
      "description": "Standard Account (1 lot = 100,000 units)",
      "pip_value": 10.0
    },
    "symbol_info": {
      "ask": 1.17639,
      "bid": 1.17638,
      "spread": 1,
      "swap_long": -0.7,
      "swap_short": -1.0,
      "digits": 5,
      "point": 1e-05,
      "trade_tick_size": 1e-05,
      "trade_tick_value": 1.0,
      "volume_min": 0.01,
      "volume_max": 500.0,
      "volume_step": 0.01,
      "currency_profit": "USD",
      "currency_base": "EUR",
      "currency_margin": "EUR",
      "current_usdjpy_rate": 147.818,
      "trade_contract_size": 100000.0
    },
    "multi_timeframes": {
      "D1": {
        "indicators": {
          "rsi": 54.7670250896057,
          "macd": [
            0.0038210892542713815,
            0.0030860516447992993,
            0.0007350376094720822
          ],
          "bollinger_bands": [
            1.1712935,
            1.1843679544417196,
            1.1582190455582804
          ],
          "atr": 0.007927142857142879,
          "adx": [
            23.55353223079829,
            25.554153901603765,
            17.859073706974137
          ],
          "sma_100": 1.1564794999999999,
          "sma_200": 1.1122967,
          "volume_sma_250": 57604.464
        },
        "analyze_price_action": {
          "time_context": {
            "start_time": "2024-10-04 00:00:00 UTC",
            "end_time": "2025-09-19 00:00:00 UTC",
            "total_candles": 250
          },
          "key_levels": {
            "period_high": {
              "price": 1.19185,
              "time": "2025-09-17 00:00:00"
            },
            "period_low": {
              "price": 1.01772,
              "time": "2025-01-13 00:00:00"
            },
            "resistance": [
              {
                "price": 1.04582,
                "type": "swing_high",
                "time": "2024-12-30 00:00:00",
                "recency": "intermediate"
              },
              {
                "price": 1.0514,
                "type": "swing_high",
                "time": "2025-02-14 00:00:00",
                "recency": "intermediate"
              },
              {
                "price": 1.0533,
                "type": "swing_high",
                "time": "2025-01-27 00:00:00",
                "recency": "intermediate"
              },
              {
                "price": 1.06296,
                "type": "swing_high",
                "time": "2024-12-06 00:00:00",
                "recency": "historic"
              },
              {
                "price": 1.09369,
                "type": "swing_high",
                "time": "2024-11-06 00:00:00",
                "recency": "historic"
              },
              {
                "price": 1.09546,
                "type": "swing_high",
                "time": "2025-03-18 00:00:00",
                "recency": "intermediate"
              },
              {
                "price": 1.14736,
                "type": "swing_high",
                "time": "2025-04-11 00:00:00",
                "recency": "intermediate"
              },
              {
                "price": 1.15727,
                "type": "swing_high",
                "time": "2025-04-21 00:00:00",
                "recency": "intermediate"
              },
              {
                "price": 1.16313,
                "type": "swing_high",
                "time": "2025-06-12 00:00:00",
                "recency": "intermediate"
              },
              {
                "price": 1.17297,
                "type": "swing_high",
                "time": "2025-08-13 00:00:00",
                "recency": "recent"
              },
              {
                "price": 1.1742,
                "type": "swing_high",
                "time": "2025-08-22 00:00:00",
                "recency": "recent"
              },
              {
                "price": 1.17883,
                "type": "swing_high",
                "time": "2025-07-24 00:00:00",
                "recency": "recent"
              },
              {
                "price": 1.18,
                "type": "round_number",
                "time": null,
                "recency": "historic"
              },
              {
                "price": 1.18293,
                "type": "swing_high",
                "time": "2025-07-01 00:00:00",
                "recency": "intermediate"
              },
              {
                "price": 1.185,
                "type": "round_number",
                "time": null,
                "recency": "historic"
              },
              {
                "price": 1.19,
                "type": "round_number",
                "time": null,
                "recency": "historic"
              }
            ],
            "support": [
              {
                "price": 1.175,
                "type": "round_number",
                "time": null,
                "recency": "historic"
              },
              {
                "price": 1.17,
                "type": "round_number",
                "time": null,
                "recency": "historic"
              },
              {
                "price": 1.165,
                "type": "round_number",
                "time": null,
                "recency": "historic"
              },
              {
                "price": 1.16,
                "type": "round_number",
                "time": null,
                "recency": "historic"
              },
              {
                "price": 1.15736,
                "type": "swing_low",
                "time": "2025-08-27 00:00:00",
                "recency": "recent"
              },
              {
                "price": 1.15563,
                "type": "swing_low",
                "time": "2025-07-17 00:00:00",
                "recency": "recent"
              },
              {
                "price": 1.14458,
                "type": "swing_low",
                "time": "2025-06-19 00:00:00",
                "recency": "intermediate"
              },
              {
                "price": 1.1391,
                "type": "swing_low",
                "time": "2025-08-01 00:00:00",
                "recency": "recent"
              },
              {
                "price": 1.12099,
                "type": "swing_low",
                "time": "2025-05-29 00:00:00",
                "recency": "intermediate"
              },
              {
                "price": 1.1065,
                "type": "swing_low",
                "time": "2025-05-12 00:00:00",
                "recency": "intermediate"
              },
              {
                "price": 1.07611,
                "type": "swing_low",
                "time": "2024-10-23 00:00:00",
                "recency": "historic"
              },
              {
                "price": 1.07327,
                "type": "swing_low",
                "time": "2025-03-27 00:00:00",
                "recency": "intermediate"
              },
              {
                "price": 1.03597,
                "type": "swing_low",
                "time": "2025-02-28 00:00:00",
                "recency": "intermediate"
              },
              {
                "price": 1.03428,
                "type": "swing_low",
                "time": "2024-12-19 00:00:00",
                "recency": "intermediate"
              },
              {
                "price": 1.03313,
                "type": "swing_low",
                "time": "2024-11-22 00:00:00",
                "recency": "historic"
              },
              {
                "price": 1.02239,
                "type": "swing_low",
                "time": "2025-01-02 00:00:00",
                "recency": "intermediate"
              },
              {
                "price": 1.02111,
                "type": "swing_low",
                "time": "2025-02-03 00:00:00",
                "recency": "intermediate"
              },
              {
                "price": 1.01772,
                "type": "swing_low",
                "time": "2025-01-13 00:00:00",
                "recency": "intermediate"
              }
            ]
          },
          "price_patterns": {
            "all_detected_on_last": [],
            "last_single_candle_pattern": "N/A",
            "last_multi_candle_pattern": "N/A"
          },
          "volume_context": {
            "status": "Normal",
            "interpretation": "Volume is at an average level."
          },
          "current_price_context": {
            "price": 1.17638,
            "position_relative_to_levels": "Price is testing support at 1.175.",
            "nearest_resistance": {
              "price": 1.17883,
              "type": "swing_high",
              "time": "2025-07-24 00:00:00",
              "recency": "recent"
            },
            "nearest_support": {
              "price": 1.175,
              "type": "round_number",
              "time": null,
              "recency": "historic"
            }
          }
        }
      },
      "H2": {
        "indicators": {
          "rsi": 26.43086816720198,
          "macd": [
            -0.0015430284698170205,
            -0.001110788770737444,
            -0.0004322396990795764
          ],
          "bollinger_bands": [
            1.1787295,
            1.1837716151576492,
            1.1736873848423508
          ],
          "atr": 0.0022100000000000136,
          "adx": [
            29.2848896345776,
            4.621848739496624,
            43.11570782158961
          ],
          "sma_100": 1.1762341,
          "sma_200": 1.1723299,
          "volume_sma_250": 4229.452
        },
        "analyze_price_action": {
          "time_context": {
            "start_time": "2025-08-21 22:00:00 UTC",
            "end_time": "2025-09-19 16:00:00 UTC",
            "total_candles": 250
          },
          "key_levels": {
            "period_high": {
              "price": 1.19185,
              "time": "2025-09-17 20:00:00"
            },
            "period_low": {
              "price": 1.15736,
              "time": "2025-08-27 14:00:00"
            },
            "resistance": [
              {
                "price": 1.16647,
                "type": "swing_high",
                "time": "2025-08-26 16:00:00",
                "recency": "historic"
              },
              {
                "price": 1.16816,
                "type": "swing_high",
                "time": "2025-09-03 18:00:00",
                "recency": "intermediate"
              },
              {
                "price": 1.16969,
                "type": "swing_high",
                "time": "2025-08-28 20:00:00",
                "recency": "intermediate"
              },
              {
                "price": 1.17177,
                "type": "swing_high",
                "time": "2025-09-02 02:00:00",
                "recency": "intermediate"
              },
              {
                "price": 1.17307,
                "type": "swing_high",
                "time": "2025-09-10 16:00:00",
                "recency": "intermediate"
              },
              {
                "price": 1.17357,
                "type": "swing_high",
                "time": "2025-09-01 10:00:00",
                "recency": "intermediate"
              },
              {
                "price": 1.1742,
                "type": "swing_high",
                "time": "2025-08-22 20:00:00",
                "recency": "historic"
              },
              {
                "price": 1.17463,
                "type": "swing_high",
                "time": "2025-09-11 18:00:00",
                "recency": "intermediate"
              },
              {
                "price": 1.17479,
                "type": "swing_high",
                "time": "2025-09-12 10:00:00",
                "recency": "intermediate"
              },
              {
                "price": 1.17597,
                "type": "swing_high",
                "time": "2025-09-05 18:00:00",
                "recency": "intermediate"
              },
              {
                "price": 1.17803,
                "type": "swing_high",
                "time": "2025-09-09 08:00:00",
                "recency": "intermediate"
              },
              {
                "price": 1.18,
                "type": "round_number",
                "time": null,
                "recency": "historic"
              },
              {
                "price": 1.18484,
                "type": "swing_high",
                "time": "2025-09-18 12:00:00",
                "recency": "recent"
              },
              {
                "price": 1.185,
                "type": "round_number",
                "time": null,
                "recency": "historic"
              },
              {
                "price": 1.18787,
                "type": "swing_high",
                "time": "2025-09-16 20:00:00",
                "recency": "recent"
              },
              {
                "price": 1.19,
                "type": "round_number",
                "time": null,
                "recency": "historic"
              },
              {
                "price": 1.19185,
                "type": "swing_high",
                "time": "2025-09-17 20:00:00",
                "recency": "recent"
              },
              {
                "price": 1.195,
                "type": "round_number",
                "time": null,
                "recency": "historic"
              }
            ],
            "support": [
              {
                "price": 1.17503,
                "type": "swing_low",
                "time": "2025-09-18 16:00:00",
                "recency": "recent"
              },
              {
                "price": 1.175,
                "type": "round_number",
                "time": null,
                "recency": "historic"
              },
              {
                "price": 1.1716,
                "type": "swing_low",
                "time": "2025-09-15 08:00:00",
                "recency": "intermediate"
              },
              {
                "price": 1.17011,
                "type": "swing_low",
                "time": "2025-09-12 14:00:00",
                "recency": "intermediate"
              },
              {
                "price": 1.17,
                "type": "round_number",
                "time": null,
                "recency": "historic"
              },
              {
                "price": 1.16826,
                "type": "swing_low",
                "time": "2025-09-10 10:00:00",
                "recency": "intermediate"
              },
              {
                "price": 1.16604,
                "type": "swing_low",
                "time": "2025-09-11 14:00:00",
                "recency": "intermediate"
              },
              {
                "price": 1.16504,
                "type": "swing_low",
                "time": "2025-08-29 14:00:00",
                "recency": "intermediate"
              },
              {
                "price": 1.165,
                "type": "round_number",
                "time": null,
                "recency": "historic"
              },
              {
                "price": 1.16302,
                "type": "swing_low",
                "time": "2025-09-04 14:00:00",
                "recency": "intermediate"
              },
              {
                "price": 1.16286,
                "type": "swing_low",
                "time": "2025-08-28 10:00:00",
                "recency": "intermediate"
              },
              {
                "price": 1.16125,
                "type": "swing_low",
                "time": "2025-09-02 14:00:00",
                "recency": "intermediate"
              },
              {
                "price": 1.16077,
                "type": "swing_low",
                "time": "2025-09-03 10:00:00",
                "recency": "intermediate"
              },
              {
                "price": 1.16024,
                "type": "swing_low",
                "time": "2025-08-25 22:00:00",
                "recency": "historic"
              },
              {
                "price": 1.16017,
                "type": "swing_low",
                "time": "2025-08-26 10:00:00",
                "recency": "historic"
              },
              {
                "price": 1.16,
                "type": "round_number",
                "time": null,
                "recency": "historic"
              },
              {
                "price": 1.15736,
                "type": "swing_low",
                "time": "2025-08-27 14:00:00",
                "recency": "historic"
              }
            ]
          },
          "price_patterns": {
            "all_detected_on_last": [
              "Bullish BELTHOLD",
              "Bullish CLOSINGMARUBOZU",
              "Bullish ENGULFING",
              "Bullish LONGLINE",
              "Bullish MARUBOZU"
            ],
            "last_single_candle_pattern": "Bullish MARUBOZU",
            "last_multi_candle_pattern": "Bullish BELTHOLD"
          },
          "volume_context": {
            "status": "Normal",
            "interpretation": "Volume is at an average level."
          },
          "current_price_context": {
            "price": 1.17638,
            "position_relative_to_levels": "Price is testing support at 1.17503.",
            "nearest_resistance": {
              "price": 1.17803,
              "type": "swing_high",
              "time": "2025-09-09 08:00:00",
              "recency": "intermediate"
            },
            "nearest_support": {
              "price": 1.17503,
              "type": "swing_low",
              "time": "2025-09-18 16:00:00",
              "recency": "recent"
            }
          }
        }
      },
      "M30": {
        "indicators": {
          "rsi": 44.153005464481396,
          "macd": [
            -0.0007969015780509014,
            -0.0008823649584429487,
            8.546338039204721e-05
          ],
          "bollinger_bands": [
            1.1760375,
            1.1785899384625975,
            1.1734850615374026
          ],
          "atr": 0.0013028571428571453,
          "adx": [
            57.137388493576985,
            17.379385964912892,
            26.151315789473312
          ],
          "sma_100": 1.1800116,
          "sma_200": 1.1806086999999998,
          "volume_sma_250": 1124.78
        },
        "analyze_price_action": {
          "time_context": {
            "start_time": "2025-09-11 11:30:00 UTC",
            "end_time": "2025-09-19 17:00:00 UTC",
            "total_candles": 300
          },
          "key_levels": {
            "period_high": {
              "price": 1.19185,
              "time": "2025-09-17 21:00:00"
            },
            "period_low": {
              "price": 1.16604,
              "time": "2025-09-11 15:30:00"
            },
            "resistance": [
              {
                "price": 1.17353,
                "type": "swing_high",
                "time": "2025-09-15 07:00:00",
                "recency": "historic"
              },
              {
                "price": 1.17356,
                "type": "swing_high",
                "time": "2025-09-12 14:00:00",
                "recency": "historic"
              },
              {
                "price": 1.17392,
                "type": "swing_high",
                "time": "2025-09-11 22:00:00",
                "recency": "historic"
              },
              {
                "price": 1.17401,
                "type": "swing_high",
                "time": "2025-09-12 02:00:00",
                "recency": "historic"
              },
              {
                "price": 1.17418,
                "type": "swing_high",
                "time": "2025-09-12 21:30:00",
                "recency": "historic"
              },
              {
                "price": 1.17463,
                "type": "swing_high",
                "time": "2025-09-11 18:00:00",
                "recency": "historic"
              },
              {
                "price": 1.17479,
                "type": "swing_high",
                "time": "2025-09-12 10:00:00",
                "recency": "historic"
              },
              {
                "price": 1.17733,
                "type": "swing_high",
                "time": "2025-09-15 16:00:00",
                "recency": "intermediate"
              },
              {
                "price": 1.17747,
                "type": "swing_high",
                "time": "2025-09-15 19:00:00",
                "recency": "intermediate"
              },
              {
                "price": 1.17906,
                "type": "swing_high",
                "time": "2025-09-19 03:00:00",
                "recency": "recent"
              },
              {
                "price": 1.17927,
                "type": "swing_high",
                "time": "2025-09-19 06:00:00",
                "recency": "recent"
              },
              {
                "price": 1.1794,
                "type": "swing_high",
                "time": "2025-09-18 20:30:00",
                "recency": "recent"
              },
              {
                "price": 1.18,
                "type": "round_number",
                "time": null,
                "recency": "historic"
              },
              {
                "price": 1.18289,
                "type": "swing_high",
                "time": "2025-09-18 02:30:00",
                "recency": "intermediate"
              },
              {
                "price": 1.18484,
                "type": "swing_high",
                "time": "2025-09-18 12:30:00",
                "recency": "intermediate"
              },
              {
                "price": 1.185,
                "type": "round_number",
                "time": null,
                "recency": "historic"
              },
              {
                "price": 1.18595,
                "type": "swing_high",
                "time": "2025-09-17 17:00:00",
                "recency": "intermediate"
              },
              {
                "price": 1.186,
                "type": "swing_high",
                "time": "2025-09-17 09:00:00",
                "recency": "intermediate"
              },
              {
                "price": 1.18731,
                "type": "swing_high",
                "time": "2025-09-17 03:00:00",
                "recency": "intermediate"
              },
              {
                "price": 1.18787,
                "type": "swing_high",
                "time": "2025-09-16 20:00:00",
                "recency": "intermediate"
              },
              {
                "price": 1.19,
                "type": "round_number",
                "time": null,
                "recency": "historic"
              },
              {
                "price": 1.19185,
                "type": "swing_high",
                "time": "2025-09-17 21:00:00",
                "recency": "intermediate"
              },
              {
                "price": 1.195,
                "type": "round_number",
                "time": null,
                "recency": "historic"
              }
            ],
            "support": [
              {
                "price": 1.18509,
                "type": "swing_low",
                "time": "2025-09-17 05:30:00",
                "recency": "intermediate"
              },
              {
                "price": 1.18503,
                "type": "swing_low",
                "time": "2025-09-17 00:00:00",
                "recency": "intermediate"
              },
              {
                "price": 1.18381,
                "type": "swing_low",
                "time": "2025-09-17 10:00:00",
                "recency": "intermediate"
              },
              {
                "price": 1.18327,
                "type": "swing_low",
                "time": "2025-09-17 13:00:00",
                "recency": "intermediate"
              },
              {
                "price": 1.18072,
                "type": "swing_low",
                "time": "2025-09-18 04:30:00",
                "recency": "intermediate"
              },
              {
                "price": 1.18069,
                "type": "swing_low",
                "time": "2025-09-17 23:00:00",
                "recency": "intermediate"
              },
              {
                "price": 1.17894,
                "type": "swing_low",
                "time": "2025-09-16 15:30:00",
                "recency": "intermediate"
              },
              {
                "price": 1.17803,
                "type": "swing_low",
                "time": "2025-09-18 09:00:00",
                "recency": "intermediate"
              },
              {
                "price": 1.17802,
                "type": "swing_low",
                "time": "2025-09-18 23:00:00",
                "recency": "recent"
              },
              {
                "price": 1.17734,
                "type": "swing_low",
                "time": "2025-09-16 08:30:00",
                "recency": "intermediate"
              },
              {
                "price": 1.17592,
                "type": "swing_low",
                "time": "2025-09-16 00:00:00",
                "recency": "intermediate"
              },
              {
                "price": 1.1757,
                "type": "swing_low",
                "time": "2025-09-16 03:30:00",
                "recency": "intermediate"
              },
              {
                "price": 1.17513,
                "type": "swing_low",
                "time": "2025-09-19 11:00:00",
                "recency": "recent"
              },
              {
                "price": 1.17506,
                "type": "swing_low",
                "time": "2025-09-15 17:00:00",
                "recency": "intermediate"
              },
              {
                "price": 1.17503,
                "type": "swing_low",
                "time": "2025-09-18 16:30:00",
                "recency": "recent"
              },
              {
                "price": 1.175,
                "type": "round_number",
                "time": null,
                "recency": "historic"
              },
              {
                "price": 1.1729,
                "type": "swing_low",
                "time": "2025-09-12 00:00:00",
                "recency": "historic"
              },
              {
                "price": 1.17215,
                "type": "swing_low",
                "time": "2025-09-15 03:30:00",
                "recency": "historic"
              },
              {
                "price": 1.17206,
                "type": "swing_low",
                "time": "2025-09-12 07:00:00",
                "recency": "historic"
              },
              {
                "price": 1.1716,
                "type": "swing_low",
                "time": "2025-09-15 09:30:00",
                "recency": "historic"
              },
              {
                "price": 1.17126,
                "type": "swing_low",
                "time": "2025-09-12 12:00:00",
                "recency": "historic"
              },
              {
                "price": 1.17011,
                "type": "swing_low",
                "time": "2025-09-12 15:30:00",
                "recency": "historic"
              },
              {
                "price": 1.17,
                "type": "round_number",
                "time": null,
                "recency": "historic"
              },
              {
                "price": 1.16604,
                "type": "swing_low",
                "time": "2025-09-11 15:30:00",
                "recency": "historic"
              },
              {
                "price": 1.165,
                "type": "round_number",
                "time": null,
                "recency": "historic"
              }
            ]
          },
          "price_patterns": {
            "all_detected_on_last": [
              "Bullish SHORTLINE"
            ],
            "last_single_candle_pattern": "N/A",
            "last_multi_candle_pattern": "Bullish SHORTLINE"
          },
          "volume_context": {
            "status": "Normal",
            "interpretation": "Volume is at an average level."
          },
          "current_price_context": {
            "price": 1.17638,
            "position_relative_to_levels": "Price is testing support at 1.17592.",
            "nearest_resistance": {
              "price": 1.17733,
              "type": "swing_high",
              "time": "2025-09-15 16:00:00",
              "recency": "intermediate"
            },
            "nearest_support": {
              "price": 1.17592,
              "type": "swing_low",
              "time": "2025-09-16 00:00:00",
              "recency": "intermediate"
            }
          }
        }
      }
    }
  },
  "response_data": {
    "success": true,
    "data": {
      "symbol": "EURUSD",
      "signal_type": "HOLD",
      "order_type_proposed": null,
      "entry_price_proposed": null,
      "stop_loss_proposed": null,
      "take_profit_proposed": null,
      "estimate_win_probability": null,
      "risk_reward_ratio": null,
      "trailing_stop_loss": null,
      "pips_to_take_profit": null,
      "technical_reasoning": "Bullish confluence on H2 (oversold RSI, bullish patterns, SMA alignment) countered by weak R:R ratios across all scenarios. Immediate bounce setup showed 0.67 R:R (below 1.5 threshold). Pullback entry failed volatility buffer check (11.05 pips < 22.1 ATR). Breakout scenario yielded 1.19 R:R. All technically sound SL/TP placements produced sub-1.5 R:R ratios, forcing HOLD decision despite bullish bias."
    }
  },
  "log_type": "signal_analysis"
}