{
  "timestamp": "2025-09-19T14:24:20.557866",
  "timezone": "GMT+3.0",
  "timeframe": "H2",
  "symbol": "GBPUSD",
  "request_data": {
    "cache_key": {
      "timezone": "GMT+3.0",
      "timeframe": "H2",
      "symbol": "GBPUSD"
    },
    "symbol": "GBPUSD",
    "timeframe": "H2",
    "account_info": {
      "login": 96502956,
      "leverage": 500,
      "limit_orders": 200,
      "balance": 485.05,
      "profit": 0.0,
      "equity": 485.05,
      "margin_free": 485.05,
      "margin_level": 0.0,
      "margin_so_call": 50.0,
      "commission_blocked": 0.0,
      "currency": "USD",
      "server": "MetaQuotes-Demo",
      "company": "MetaQuotes Ltd."
    },
    "balance_config": {
      "max_position": 3,
      "max_risk": 2.0,
      "total_max_risk": 6
    },
    "max_positions": 3,
    "active_orders_summary": "total_active_orders: 0",
    "pending_orders_summary": "total_pending_orders: 0",
    "portfolio_exposure": {
      "active_positions": [],
      "pending_orders": [],
      "summary": {
        "total_active_positions": 0,
        "total_pending_orders": 0,
        "total_potential_loss_from_portfolio_usd": 0.0,
        "total_margin_used_from_portfolio_usd": 0.0
      }
    },
    "account_type_details": {
      "name": "STANDARD",
      "multiplier": 100000,
      "description": "Standard Account (1 lot = 100,000 units)",
      "pip_value": 10.0
    },
    "symbol_info": {
      "ask": 1.34968,
      "bid": 1.34966,
      "spread": 2,
      "swap_long": -0.2,
      "swap_short": -2.2,
      "digits": 5,
      "point": 1e-05,
      "trade_tick_size": 1e-05,
      "trade_tick_value": 1.0,
      "volume_min": 0.01,
      "volume_max": 500.0,
      "volume_step": 0.01,
      "currency_profit": "USD",
      "currency_base": "GBP",
      "currency_margin": "GBP",
      "current_usdjpy_rate": 147.807,
      "trade_contract_size": 100000.0
    },
    "multi_timeframes": {
      "D1": {
        "indicators": {
          "rsi": 46.33917396745934,
          "macd": [
            0.00276381542717985,
            0.002631248957489522,
            0.00013256646969032806
          ],
          "bollinger_bands": [
            1.3519335000000001,
            1.3645371690981758,
            1.3393298309018244
          ],
          "atr": 0.009723571428571451,
          "adx": [
            17.781764471520354,
            20.517152721662914,
            24.748402262542935
          ],
          "sma_100": 1.3477351999999998,
          "sma_200": 1.3103088999999999,
          "volume_sma_250": 60109.244
        },
        "analyze_price_action": {
          "time_context": {
            "start_time": "2024-10-04 00:00:00 UTC",
            "end_time": "2025-09-19 00:00:00 UTC",
            "total_candles": 250
          },
          "key_levels": {
            "period_high": {
              "price": 1.37876,
              "time": "2025-07-01 00:00:00"
            },
            "period_low": {
              "price": 1.20997,
              "time": "2025-01-13 00:00:00"
            },
            "resistance": [
              {
                "price": 1.25228,
                "type": "swing_high",
                "time": "2025-01-27 00:00:00",
                "recency": "intermediate"
              },
              {
                "price": 1.25496,
                "type": "swing_high",
                "time": "2025-02-05 00:00:00",
                "recency": "intermediate"
              },
              {
                "price": 1.2607,
                "type": "swing_high",
                "time": "2024-12-30 00:00:00",
                "recency": "intermediate"
              },
              {
                "price": 1.28104,
                "type": "swing_high",
                "time": "2024-12-06 00:00:00",
                "recency": "historic"
              },
              {
                "price": 1.30147,
                "type": "swing_high",
                "time": "2025-03-20 00:00:00",
                "recency": "intermediate"
              },
              {
                "price": 1.30476,
                "type": "swing_high",
                "time": "2024-11-06 00:00:00",
                "recency": "historic"
              },
              {
                "price": 1.32061,
                "type": "swing_high",
                "time": "2025-04-03 00:00:00",
                "recency": "intermediate"
              },
              {
                "price": 1.34435,
                "type": "swing_high",
                "time": "2025-04-28 00:00:00",
                "recency": "intermediate"
              },
              {
                "price": 1.35,
                "type": "round_number",
                "time": null,
                "recency": "historic"
              },
              {
                "price": 1.355,
                "type": "round_number",
                "time": null,
                "recency": "historic"
              },
              {
                "price": 1.35877,
                "type": "swing_high",
                "time": "2025-07-24 00:00:00",
                "recency": "recent"
              },
              {
                "price": 1.35923,
                "type": "swing_high",
                "time": "2025-05-26 00:00:00",
                "recency": "intermediate"
              },
              {
                "price": 1.3594,
                "type": "swing_high",
                "time": "2025-08-14 00:00:00",
                "recency": "recent"
              },
              {
                "price": 1.36,
                "type": "round_number",
                "time": null,
                "recency": "historic"
              },
              {
                "price": 1.36314,
                "type": "swing_high",
                "time": "2025-06-13 00:00:00",
                "recency": "intermediate"
              },
              {
                "price": 1.365,
                "type": "round_number",
                "time": null,
                "recency": "historic"
              },
              {
                "price": 1.37876,
                "type": "swing_high",
                "time": "2025-07-01 00:00:00",
                "recency": "intermediate"
              }
            ],
            "support": [
              {
                "price": 1.345,
                "type": "round_number",
                "time": null,
                "recency": "historic"
              },
              {
                "price": 1.34,
                "type": "round_number",
                "time": null,
                "recency": "historic"
              },
              {
                "price": 1.33897,
                "type": "swing_low",
                "time": "2025-08-22 00:00:00",
                "recency": "recent"
              },
              {
                "price": 1.33696,
                "type": "swing_low",
                "time": "2025-06-23 00:00:00",
                "recency": "intermediate"
              },
              {
                "price": 1.3364,
                "type": "swing_low",
                "time": "2025-07-16 00:00:00",
                "recency": "recent"
              },
              {
                "price": 1.335,
                "type": "round_number",
                "time": null,
                "recency": "historic"
              },
              {
                "price": 1.33325,
                "type": "swing_low",
                "time": "2025-09-03 00:00:00",
                "recency": "recent"
              },
              {
                "price": 1.33,
                "type": "round_number",
                "time": null,
                "recency": "historic"
              },
              {
                "price": 1.31391,
                "type": "swing_low",
                "time": "2025-08-01 00:00:00",
                "recency": "recent"
              },
              {
                "price": 1.31388,
                "type": "swing_low",
                "time": "2025-05-12 00:00:00",
                "recency": "intermediate"
              },
              {
                "price": 1.2907,
                "type": "swing_low",
                "time": "2024-10-23 00:00:00",
                "recency": "historic"
              },
              {
                "price": 1.28701,
                "type": "swing_low",
                "time": "2025-03-27 00:00:00",
                "recency": "intermediate"
              },
              {
                "price": 1.27073,
                "type": "swing_low",
                "time": "2025-04-07 00:00:00",
                "recency": "intermediate"
              },
              {
                "price": 1.25591,
                "type": "swing_low",
                "time": "2025-02-28 00:00:00",
                "recency": "intermediate"
              },
              {
                "price": 1.2487,
                "type": "swing_low",
                "time": "2024-11-22 00:00:00",
                "recency": "historic"
              },
              {
                "price": 1.2475,
                "type": "swing_low",
                "time": "2024-12-20 00:00:00",
                "recency": "intermediate"
              },
              {
                "price": 1.23323,
                "type": "swing_low",
                "time": "2025-02-11 00:00:00",
                "recency": "intermediate"
              },
              {
                "price": 1.2249,
                "type": "swing_low",
                "time": "2025-02-03 00:00:00",
                "recency": "intermediate"
              },
              {
                "price": 1.20997,
                "type": "swing_low",
                "time": "2025-01-13 00:00:00",
                "recency": "intermediate"
              }
            ]
          },
          "price_patterns": {
            "all_detected_on_last": [],
            "last_single_candle_pattern": "N/A",
            "last_multi_candle_pattern": "N/A"
          },
          "volume_context": {
            "status": "Normal",
            "interpretation": "Volume is at an average level."
          },
          "current_price_context": {
            "price": 1.34966,
            "position_relative_to_levels": "Price is approaching resistance at 1.35.",
            "nearest_resistance": {
              "price": 1.35,
              "type": "round_number",
              "time": null,
              "recency": "historic"
            },
            "nearest_support": {
              "price": 1.345,
              "type": "round_number",
              "time": null,
              "recency": "historic"
            }
          }
        }
      },
      "H2": {
        "indicators": {
          "rsi": 14.8523985239853,
          "macd": [
            -0.0034223429183557474,
            -0.002599046309460781,
            -0.0008232966088949664
          ],
          "bollinger_bands": [
            1.356009,
            1.3664473945125681,
            1.345570605487432
          ],
          "atr": 0.0030049999999999877,
          "adx": [
            42.96456063590189,
            2.4007606370328918,
            48.94223912526734
          ],
          "sma_100": 1.3575542,
          "sma_200": 1.3528644500000002,
          "volume_sma_250": 4151.376
        },
        "analyze_price_action": {
          "time_context": {
            "start_time": "2025-08-21 22:00:00 UTC",
            "end_time": "2025-09-19 16:00:00 UTC",
            "total_candles": 250
          },
          "key_levels": {
            "period_high": {
              "price": 1.37265,
              "time": "2025-09-17 20:00:00"
            },
            "period_low": {
              "price": 1.33325,
              "time": "2025-09-03 10:00:00"
            },
            "resistance": [
              {
                "price": 1.34575,
                "type": "swing_high",
                "time": "2025-09-03 20:00:00",
                "recency": "intermediate"
              },
              {
                "price": 1.34594,
                "type": "swing_high",
                "time": "2025-09-04 12:00:00",
                "recency": "intermediate"
              },
              {
                "price": 1.34925,
                "type": "swing_high",
                "time": "2025-08-26 14:00:00",
                "recency": "historic"
              },
              {
                "price": 1.35,
                "type": "round_number",
                "time": null,
                "recency": "historic"
              },
              {
                "price": 1.35299,
                "type": "swing_high",
                "time": "2025-08-28 20:00:00",
                "recency": "intermediate"
              },
              {
                "price": 1.35433,
                "type": "swing_high",
                "time": "2025-08-22 18:00:00",
                "recency": "historic"
              },
              {
                "price": 1.35491,
                "type": "swing_high",
                "time": "2025-09-01 22:00:00",
                "recency": "intermediate"
              },
              {
                "price": 1.355,
                "type": "round_number",
                "time": null,
                "recency": "historic"
              },
              {
                "price": 1.35547,
                "type": "swing_high",
                "time": "2025-09-05 16:00:00",
                "recency": "intermediate"
              },
              {
                "price": 1.35647,
                "type": "swing_high",
                "time": "2025-09-10 14:00:00",
                "recency": "intermediate"
              },
              {
                "price": 1.3583,
                "type": "swing_high",
                "time": "2025-09-11 20:00:00",
                "recency": "intermediate"
              },
              {
                "price": 1.35906,
                "type": "swing_high",
                "time": "2025-09-09 12:00:00",
                "recency": "intermediate"
              },
              {
                "price": 1.36,
                "type": "round_number",
                "time": null,
                "recency": "historic"
              },
              {
                "price": 1.36202,
                "type": "swing_high",
                "time": "2025-09-15 14:00:00",
                "recency": "recent"
              },
              {
                "price": 1.365,
                "type": "round_number",
                "time": null,
                "recency": "historic"
              },
              {
                "price": 1.36608,
                "type": "swing_high",
                "time": "2025-09-18 14:00:00",
                "recency": "recent"
              },
              {
                "price": 1.36721,
                "type": "swing_high",
                "time": "2025-09-16 16:00:00",
                "recency": "recent"
              },
              {
                "price": 1.37265,
                "type": "swing_high",
                "time": "2025-09-17 20:00:00",
                "recency": "recent"
              }
            ],
            "support": [
              {
                "price": 1.35338,
                "type": "swing_low",
                "time": "2025-09-18 16:00:00",
                "recency": "recent"
              },
              {
                "price": 1.35239,
                "type": "swing_low",
                "time": "2025-09-12 14:00:00",
                "recency": "intermediate"
              },
              {
                "price": 1.3513,
                "type": "swing_low",
                "time": "2025-09-10 10:00:00",
                "recency": "intermediate"
              },
              {
                "price": 1.34938,
                "type": "swing_low",
                "time": "2025-09-11 14:00:00",
                "recency": "intermediate"
              },
              {
                "price": 1.345,
                "type": "round_number",
                "time": null,
                "recency": "historic"
              },
              {
                "price": 1.34454,
                "type": "swing_low",
                "time": "2025-08-29 14:00:00",
                "recency": "intermediate"
              },
              {
                "price": 1.34339,
                "type": "swing_low",
                "time": "2025-08-26 10:00:00",
                "recency": "historic"
              },
              {
                "price": 1.34163,
                "type": "swing_low",
                "time": "2025-09-04 10:00:00",
                "recency": "intermediate"
              },
              {
                "price": 1.34159,
                "type": "swing_low",
                "time": "2025-08-27 14:00:00",
                "recency": "historic"
              },
              {
                "price": 1.34,
                "type": "round_number",
                "time": null,
                "recency": "historic"
              },
              {
                "price": 1.33897,
                "type": "swing_low",
                "time": "2025-08-22 08:00:00",
                "recency": "historic"
              },
              {
                "price": 1.335,
                "type": "round_number",
                "time": null,
                "recency": "historic"
              },
              {
                "price": 1.33394,
                "type": "swing_low",
                "time": "2025-09-02 14:00:00",
                "recency": "intermediate"
              },
              {
                "price": 1.33325,
                "type": "swing_low",
                "time": "2025-09-03 10:00:00",
                "recency": "intermediate"
              },
              {
                "price": 1.33,
                "type": "round_number",
                "time": null,
                "recency": "historic"
              }
            ]
          },
          "price_patterns": {
            "all_detected_on_last": [
              "Bullish BELTHOLD",
              "Bullish CLOSINGMARUBOZU",
              "Bullish LONGLINE",
              "Bullish MARUBOZU"
            ],
            "last_single_candle_pattern": "Bullish MARUBOZU",
            "last_multi_candle_pattern": "Bullish BELTHOLD"
          },
          "volume_context": {
            "status": "Normal",
            "interpretation": "Volume is at an average level."
          },
          "current_price_context": {
            "price": 1.34966,
            "position_relative_to_levels": "Price is testing support at 1.34938.",
            "nearest_resistance": {
              "price": 1.35,
              "type": "round_number",
              "time": null,
              "recency": "historic"
            },
            "nearest_support": {
              "price": 1.34938,
              "type": "swing_low",
              "time": "2025-09-11 14:00:00",
              "recency": "intermediate"
            }
          }
        }
      },
      "M30": {
        "indicators": {
          "rsi": 43.42629482071737,
          "macd": [
            -0.0015631179078459123,
            -0.001686863107085646,
            0.00012374519923973363
          ],
          "bollinger_bands": [
            1.3501405,
            1.3545683899572616,
            1.3457126100427383
          ],
          "atr": 0.0015121428571428191,
          "adx": [
            42.811206561855116,
            19.792158715163065,
            20.500708549835238
          ],
          "sma_100": 1.3582163,
          "sma_200": 1.36059755,
          "volume_sma_250": 974.832
        },
        "analyze_price_action": {
          "time_context": {
            "start_time": "2025-09-11 11:30:00 UTC",
            "end_time": "2025-09-19 17:00:00 UTC",
            "total_candles": 300
          },
          "key_levels": {
            "period_high": {
              "price": 1.37265,
              "time": "2025-09-17 21:00:00"
            },
            "period_low": {
              "price": 1.34632,
              "time": "2025-09-19 15:30:00"
            },
            "resistance": [
              {
                "price": 1.35,
                "type": "round_number",
                "time": null,
                "recency": "historic"
              },
              {
                "price": 1.355,
                "type": "round_number",
                "time": null,
                "recency": "historic"
              },
              {
                "price": 1.35564,
                "type": "swing_high",
                "time": "2025-09-19 02:30:00",
                "recency": "recent"
              },
              {
                "price": 1.35594,
                "type": "swing_high",
                "time": "2025-09-19 07:00:00",
                "recency": "recent"
              },
              {
                "price": 1.35627,
                "type": "swing_high",
                "time": "2025-09-18 20:30:00",
                "recency": "recent"
              },
              {
                "price": 1.35628,
                "type": "swing_high",
                "time": "2025-09-12 14:00:00",
                "recency": "historic"
              },
              {
                "price": 1.35698,
                "type": "swing_high",
                "time": "2025-09-12 17:00:00",
                "recency": "historic"
              },
              {
                "price": 1.35709,
                "type": "swing_high",
                "time": "2025-09-12 21:30:00",
                "recency": "historic"
              },
              {
                "price": 1.35711,
                "type": "swing_high",
                "time": "2025-09-15 07:00:00",
                "recency": "historic"
              },
              {
                "price": 1.35753,
                "type": "swing_high",
                "time": "2025-09-12 10:00:00",
                "recency": "historic"
              },
              {
                "price": 1.35803,
                "type": "swing_high",
                "time": "2025-09-12 02:00:00",
                "recency": "historic"
              },
              {
                "price": 1.3583,
                "type": "swing_high",
                "time": "2025-09-11 20:00:00",
                "recency": "historic"
              },
              {
                "price": 1.36,
                "type": "round_number",
                "time": null,
                "recency": "historic"
              },
              {
                "price": 1.36113,
                "type": "swing_high",
                "time": "2025-09-15 20:30:00",
                "recency": "intermediate"
              },
              {
                "price": 1.36202,
                "type": "swing_high",
                "time": "2025-09-15 15:00:00",
                "recency": "intermediate"
              },
              {
                "price": 1.36304,
                "type": "swing_high",
                "time": "2025-09-18 06:00:00",
                "recency": "intermediate"
              },
              {
                "price": 1.36352,
                "type": "swing_high",
                "time": "2025-09-18 02:30:00",
                "recency": "intermediate"
              },
              {
                "price": 1.365,
                "type": "round_number",
                "time": null,
                "recency": "historic"
              },
              {
                "price": 1.36534,
                "type": "swing_high",
                "time": "2025-09-17 09:00:00",
                "recency": "intermediate"
              },
              {
                "price": 1.36566,
                "type": "swing_high",
                "time": "2025-09-17 12:30:00",
                "recency": "intermediate"
              },
              {
                "price": 1.36593,
                "type": "swing_high",
                "time": "2025-09-17 03:00:00",
                "recency": "intermediate"
              },
              {
                "price": 1.36608,
                "type": "swing_high",
                "time": "2025-09-18 14:00:00",
                "recency": "intermediate"
              },
              {
                "price": 1.36683,
                "type": "swing_high",
                "time": "2025-09-16 20:00:00",
                "recency": "intermediate"
              },
              {
                "price": 1.36696,
                "type": "swing_high",
                "time": "2025-09-17 17:00:00",
                "recency": "intermediate"
              },
              {
                "price": 1.36721,
                "type": "swing_high",
                "time": "2025-09-16 17:00:00",
                "recency": "intermediate"
              },
              {
                "price": 1.37265,
                "type": "swing_high",
                "time": "2025-09-17 21:00:00",
                "recency": "intermediate"
              }
            ],
            "support": [
              {
                "price": 1.36393,
                "type": "swing_low",
                "time": "2025-09-17 04:30:00",
                "recency": "intermediate"
              },
              {
                "price": 1.36386,
                "type": "swing_low",
                "time": "2025-09-16 18:30:00",
                "recency": "intermediate"
              },
              {
                "price": 1.36369,
                "type": "swing_low",
                "time": "2025-09-17 00:00:00",
                "recency": "intermediate"
              },
              {
                "price": 1.36297,
                "type": "swing_low",
                "time": "2025-09-17 10:00:00",
                "recency": "intermediate"
              },
              {
                "price": 1.36238,
                "type": "swing_low",
                "time": "2025-09-16 14:00:00",
                "recency": "intermediate"
              },
              {
                "price": 1.36157,
                "type": "swing_low",
                "time": "2025-09-18 00:00:00",
                "recency": "intermediate"
              },
              {
                "price": 1.36097,
                "type": "swing_low",
                "time": "2025-09-18 04:30:00",
                "recency": "intermediate"
              },
              {
                "price": 1.35979,
                "type": "swing_low",
                "time": "2025-09-16 04:30:00",
                "recency": "intermediate"
              },
              {
                "price": 1.35912,
                "type": "swing_low",
                "time": "2025-09-16 00:00:00",
                "recency": "intermediate"
              },
              {
                "price": 1.35859,
                "type": "swing_low",
                "time": "2025-09-18 09:00:00",
                "recency": "intermediate"
              },
              {
                "price": 1.35847,
                "type": "swing_low",
                "time": "2025-09-15 17:00:00",
                "recency": "intermediate"
              },
              {
                "price": 1.35645,
                "type": "swing_low",
                "time": "2025-09-12 00:00:00",
                "recency": "historic"
              },
              {
                "price": 1.35533,
                "type": "swing_low",
                "time": "2025-09-15 09:00:00",
                "recency": "historic"
              },
              {
                "price": 1.35488,
                "type": "swing_low",
                "time": "2025-09-15 03:30:00",
                "recency": "historic"
              },
              {
                "price": 1.35424,
                "type": "swing_low",
                "time": "2025-09-19 00:00:00",
                "recency": "recent"
              },
              {
                "price": 1.35338,
                "type": "swing_low",
                "time": "2025-09-18 16:30:00",
                "recency": "recent"
              },
              {
                "price": 1.35309,
                "type": "swing_low",
                "time": "2025-09-19 05:00:00",
                "recency": "recent"
              },
              {
                "price": 1.35299,
                "type": "swing_low",
                "time": "2025-09-12 12:00:00",
                "recency": "historic"
              },
              {
                "price": 1.35284,
                "type": "swing_low",
                "time": "2025-09-15 00:00:00",
                "recency": "historic"
              },
              {
                "price": 1.35239,
                "type": "swing_low",
                "time": "2025-09-12 15:30:00",
                "recency": "historic"
              },
              {
                "price": 1.34938,
                "type": "swing_low",
                "time": "2025-09-11 15:30:00",
                "recency": "historic"
              },
              {
                "price": 1.34822,
                "type": "swing_low",
                "time": "2025-09-19 11:00:00",
                "recency": "recent"
              },
              {
                "price": 1.345,
                "type": "round_number",
                "time": null,
                "recency": "historic"
              }
            ]
          },
          "price_patterns": {
            "all_detected_on_last": [
              "Bullish CLOSINGMARUBOZU",
              "Bullish LONGLINE"
            ],
            "last_single_candle_pattern": "N/A",
            "last_multi_candle_pattern": "Bullish CLOSINGMARUBOZU"
          },
          "volume_context": {
            "status": "Normal",
            "interpretation": "Volume is at an average level."
          },
          "current_price_context": {
            "price": 1.34966,
            "position_relative_to_levels": "Price is testing support at 1.34938.",
            "nearest_resistance": {
              "price": 1.35,
              "type": "round_number",
              "time": null,
              "recency": "historic"
            },
            "nearest_support": {
              "price": 1.34938,
              "type": "swing_low",
              "time": "2025-09-11 15:30:00",
              "recency": "historic"
            }
          }
        }
      }
    }
  },
  "response_data": {
    "success": true,
    "data": {
      "symbol": "GBPUSD",
      "signal_type": "HOLD",
      "order_type_proposed": null,
      "entry_price_proposed": null,
      "stop_loss_proposed": null,
      "take_profit_proposed": null,
      "estimate_win_probability": null,
      "risk_reward_ratio": null,
      "trailing_stop_loss": null,
      "pips_to_take_profit": null,
      "technical_reasoning": "Bullish bias from D1 trend and H2 oversold RSI/Bullish patterns conflicts with weak alignment (D1 bullish vs H2 bearish SMAs). Immediate bounce scenario failed R:R check (TP 1.35 too close). Breakout scenario failed SL distance filter (20pips < 30pips ATR). No valid setups meet quality standards."
    }
  },
  "log_type": "signal_analysis"
}