{
  "timestamp": "2025-09-12T13:35:11.696208",
  "symbol": "USDCHF",
  "timeframe": "H2",
  "request_data": {
    "cache_key": {
      "timezone": "GMT+3.0",
      "timeframe": "H2",
      "symbol": "USDCHF"
    },
    "symbol": "USDCHF",
    "timeframe": "H2",
    "account_info": {
      "leverage": 500,
      "limit_orders": 200,
      "balance": 423.81,
      "profit": 0.0,
      "equity": 423.81,
      "margin_free": 423.81,
      "margin_level": 0.0,
      "margin_so_call": 100.0,
      "commission_blocked": 0.0,
      "currency": "USD",
      "server": "ICMarketsSC-Demo",
      "company": "Raw Trading Ltd"
    },
    "balance_config": {
      "max_position": 3,
      "max_risk": 2.0,
      "total_max_risk": 6
    },
    "max_positions": 3,
    "active_orders_summary": "total_active_orders: 0",
    "pending_orders_summary": "total_pending_orders: 0",
    "portfolio_exposure": {
      "active_positions": [],
      "pending_orders": [],
      "summary": {
        "total_active_positions": 0,
        "total_pending_orders": 0,
        "total_potential_loss_from_portfolio_usd": 0.0,
        "total_margin_used_from_portfolio_usd": 0.0
      }
    },
    "account_type_details": {
      "name": "STANDARD",
      "multiplier": 100000,
      "description": "Standard Account (1 lot = 100,000 units)",
      "pip_value": 10.0
    },
    "symbol_info": {
      "ask": 0.798,
      "bid": 0.79797,
      "spread": 3,
      "swap_long": 5.349,
      "swap_short": -13.947,
      "digits": 5,
      "point": 1e-05,
      "trade_tick_size": 1e-05,
      "trade_tick_value": 1.2531328320802007,
      "volume_min": 0.01,
      "volume_max": 200.0,
      "volume_step": 0.01,
      "currency_profit": "CHF",
      "currency_base": "USD",
      "currency_margin": "USD",
      "current_usdjpy_rate": 147.842,
      "trade_contract_size": 100000.0
    },
    "multi_timeframes": {
      "D1": {
        "indicators": {
          "rsi": 39.10947249007369,
          "macd": [
            -0.0019939410307033834,
            -0.0013896692634262956,
            -0.0006042717672770878
          ],
          "bollinger_bands": [
            0.8017265,
            0.8099929350490864,
            0.7934600649509136
          ],
          "atr": 0.005522857142857123,
          "adx": [
            40.38997019607773,
            10.876875323331541,
            20.964821520952036
          ],
          "sma_100": 0.8106728000000001,
          "sma_200": 0.8482477,
          "volume_sma_250": 61877.812
        },
        "analyze_price_action": {
          "time_context": {
            "start_time": "2024-09-26 00:00:00 UTC",
            "end_time": "2025-09-12 00:00:00 UTC",
            "total_candles": 250
          },
          "key_levels": {
            "period_high": {
              "price": 0.92014,
              "time": "2025-01-13 00:00:00"
            },
            "period_low": {
              "price": 0.78721,
              "time": "2025-07-01 00:00:00"
            },
            "resistance": [
              {
                "price": 0.8,
                "type": "round_number",
                "time": null,
                "recency": "historic"
              },
              {
                "price": 0.805,
                "type": "round_number",
                "time": null,
                "recency": "historic"
              },
              {
                "price": 0.8064,
                "type": "swing_high",
                "time": "2025-07-17 00:00:00",
                "recency": "recent"
              },
              {
                "price": 0.8072,
                "type": "swing_high",
                "time": "2025-09-04 00:00:00",
                "recency": "recent"
              },
              {
                "price": 0.81,
                "type": "round_number",
                "time": null,
                "recency": "historic"
              },
              {
                "price": 0.8104,
                "type": "swing_high",
                "time": "2025-08-22 00:00:00",
                "recency": "recent"
              },
              {
                "price": 0.81319,
                "type": "swing_high",
                "time": "2025-08-11 00:00:00",
                "recency": "recent"
              },
              {
                "price": 0.815,
                "type": "round_number",
                "time": null,
                "recency": "historic"
              },
              {
                "price": 0.81714,
                "type": "swing_high",
                "time": "2025-08-01 00:00:00",
                "recency": "recent"
              },
              {
                "price": 0.82153,
                "type": "swing_high",
                "time": "2025-06-19 00:00:00",
                "recency": "intermediate"
              },
              {
                "price": 0.83344,
                "type": "swing_high",
                "time": "2025-04-25 00:00:00",
                "recency": "intermediate"
              },
              {
                "price": 0.83478,
                "type": "swing_high",
                "time": "2025-05-29 00:00:00",
                "recency": "intermediate"
              },
              {
                "price": 0.84761,
                "type": "swing_high",
                "time": "2025-05-12 00:00:00",
                "recency": "intermediate"
              },
              {
                "price": 0.88552,
                "type": "swing_high",
                "time": "2025-03-31 00:00:00",
                "recency": "intermediate"
              },
              {
                "price": 0.88637,
                "type": "swing_high",
                "time": "2025-03-14 00:00:00",
                "recency": "intermediate"
              },
              {
                "price": 0.89175,
                "type": "swing_high",
                "time": "2024-11-14 00:00:00",
                "recency": "historic"
              },
              {
                "price": 0.89577,
                "type": "swing_high",
                "time": "2024-11-22 00:00:00",
                "recency": "historic"
              },
              {
                "price": 0.90361,
                "type": "swing_high",
                "time": "2025-02-28 00:00:00",
                "recency": "intermediate"
              },
              {
                "price": 0.91372,
                "type": "swing_high",
                "time": "2025-01-02 00:00:00",
                "recency": "intermediate"
              },
              {
                "price": 0.91558,
                "type": "swing_high",
                "time": "2025-02-12 00:00:00",
                "recency": "intermediate"
              },
              {
                "price": 0.91966,
                "type": "swing_high",
                "time": "2025-02-03 00:00:00",
                "recency": "intermediate"
              },
              {
                "price": 0.92014,
                "type": "swing_high",
                "time": "2025-01-13 00:00:00",
                "recency": "intermediate"
              }
            ],
            "support": [
              {
                "price": 0.90005,
                "type": "swing_low",
                "time": "2025-02-06 00:00:00",
                "recency": "intermediate"
              },
              {
                "price": 0.89651,
                "type": "swing_low",
                "time": "2025-01-27 00:00:00",
                "recency": "intermediate"
              },
              {
                "price": 0.8758,
                "type": "swing_low",
                "time": "2025-03-10 00:00:00",
                "recency": "intermediate"
              },
              {
                "price": 0.87539,
                "type": "swing_low",
                "time": "2025-03-19 00:00:00",
                "recency": "intermediate"
              },
              {
                "price": 0.87345,
                "type": "swing_low",
                "time": "2024-12-06 00:00:00",
                "recency": "intermediate"
              },
              {
                "price": 0.8615,
                "type": "swing_low",
                "time": "2024-11-04 00:00:00",
                "recency": "historic"
              },
              {
                "price": 0.81858,
                "type": "swing_low",
                "time": "2025-05-07 00:00:00",
                "recency": "intermediate"
              },
              {
                "price": 0.81568,
                "type": "swing_low",
                "time": "2025-06-02 00:00:00",
                "recency": "intermediate"
              },
              {
                "price": 0.8099,
                "type": "swing_low",
                "time": "2025-04-11 00:00:00",
                "recency": "intermediate"
              },
              {
                "price": 0.80559,
                "type": "swing_low",
                "time": "2025-06-13 00:00:00",
                "recency": "intermediate"
              },
              {
                "price": 0.80394,
                "type": "swing_low",
                "time": "2025-04-21 00:00:00",
                "recency": "intermediate"
              },
              {
                "price": 0.80219,
                "type": "swing_low",
                "time": "2025-08-13 00:00:00",
                "recency": "recent"
              },
              {
                "price": 0.795,
                "type": "round_number",
                "time": null,
                "recency": "historic"
              },
              {
                "price": 0.7909,
                "type": "swing_low",
                "time": "2025-07-23 00:00:00",
                "recency": "recent"
              },
              {
                "price": 0.79,
                "type": "round_number",
                "time": null,
                "recency": "historic"
              },
              {
                "price": 0.78721,
                "type": "swing_low",
                "time": "2025-07-01 00:00:00",
                "recency": "intermediate"
              },
              {
                "price": 0.785,
                "type": "round_number",
                "time": null,
                "recency": "historic"
              }
            ]
          },
          "price_patterns": {
            "all_detected_on_last": [
              "Bullish SHORTLINE"
            ],
            "last_single_candle_pattern": "N/A",
            "last_multi_candle_pattern": "Bullish SHORTLINE"
          },
          "volume_context": {
            "status": "Below Average",
            "interpretation": "Low volume suggests lack of interest or conviction."
          },
          "current_price_context": {
            "price": 0.79797,
            "position_relative_to_levels": "Price is between support at 0.795 and resistance at 0.8.",
            "nearest_resistance": {
              "price": 0.8,
              "type": "round_number",
              "time": null,
              "recency": "historic"
            },
            "nearest_support": {
              "price": 0.795,
              "type": "round_number",
              "time": null,
              "recency": "historic"
            }
          }
        }
      },
      "H2": {
        "indicators": {
          "rsi": 40.91392136025514,
          "macd": [
            -8.836393243583096e-05,
            -0.00017894278822460193,
            9.057885578877097e-05
          ],
          "bollinger_bands": [
            0.7973525,
            0.8002631329570095,
            0.7944418670429906
          ],
          "atr": 0.001463571428571429,
          "adx": [
            47.96334196856245,
            11.322596388482669,
            31.527574426549087
          ],
          "sma_100": 0.7996974,
          "sma_200": 0.80153335,
          "volume_sma_250": 4728.324
        },
        "analyze_price_action": {
          "time_context": {
            "start_time": "2025-08-14 22:00:00 UTC",
            "end_time": "2025-09-12 16:00:00 UTC",
            "total_candles": 250
          },
          "key_levels": {
            "period_high": {
              "price": 0.8104,
              "time": "2025-08-22 08:00:00"
            },
            "period_low": {
              "price": 0.79154,
              "time": "2025-09-09 08:00:00"
            },
            "resistance": [
              {
                "price": 0.8,
                "type": "round_number",
                "time": null,
                "recency": "historic"
              },
              {
                "price": 0.80077,
                "type": "swing_high",
                "time": "2025-09-11 14:00:00",
                "recency": "recent"
              },
              {
                "price": 0.80173,
                "type": "swing_high",
                "time": "2025-09-01 18:00:00",
                "recency": "intermediate"
              },
              {
                "price": 0.80306,
                "type": "swing_high",
                "time": "2025-08-28 16:00:00",
                "recency": "intermediate"
              },
              {
                "price": 0.80352,
                "type": "swing_high",
                "time": "2025-08-29 14:00:00",
                "recency": "intermediate"
              },
              {
                "price": 0.80355,
                "type": "swing_high",
                "time": "2025-08-25 04:00:00",
                "recency": "intermediate"
              },
              {
                "price": 0.805,
                "type": "round_number",
                "time": null,
                "recency": "historic"
              },
              {
                "price": 0.80609,
                "type": "swing_high",
                "time": "2025-09-02 14:00:00",
                "recency": "intermediate"
              },
              {
                "price": 0.80681,
                "type": "swing_high",
                "time": "2025-09-03 10:00:00",
                "recency": "intermediate"
              },
              {
                "price": 0.80712,
                "type": "swing_high",
                "time": "2025-08-25 22:00:00",
                "recency": "intermediate"
              },
              {
                "price": 0.8072,
                "type": "swing_high",
                "time": "2025-09-04 20:00:00",
                "recency": "intermediate"
              },
              {
                "price": 0.80724,
                "type": "swing_high",
                "time": "2025-08-26 10:00:00",
                "recency": "intermediate"
              },
              {
                "price": 0.80763,
                "type": "swing_high",
                "time": "2025-08-27 10:00:00",
                "recency": "intermediate"
              },
              {
                "price": 0.80811,
                "type": "swing_high",
                "time": "2025-08-18 14:00:00",
                "recency": "historic"
              },
              {
                "price": 0.80855,
                "type": "swing_high",
                "time": "2025-08-19 04:00:00",
                "recency": "historic"
              },
              {
                "price": 0.80929,
                "type": "swing_high",
                "time": "2025-08-20 04:00:00",
                "recency": "historic"
              },
              {
                "price": 0.81,
                "type": "round_number",
                "time": null,
                "recency": "historic"
              },
              {
                "price": 0.8104,
                "type": "swing_high",
                "time": "2025-08-22 08:00:00",
                "recency": "intermediate"
              },
              {
                "price": 0.815,
                "type": "round_number",
                "time": null,
                "recency": "historic"
              }
            ],
            "support": [
              {
                "price": 0.80473,
                "type": "swing_low",
                "time": "2025-08-19 14:00:00",
                "recency": "historic"
              },
              {
                "price": 0.80354,
                "type": "swing_low",
                "time": "2025-08-18 00:00:00",
                "recency": "historic"
              },
              {
                "price": 0.80255,
                "type": "swing_low",
                "time": "2025-09-04 00:00:00",
                "recency": "intermediate"
              },
              {
                "price": 0.80246,
                "type": "swing_low",
                "time": "2025-08-21 00:00:00",
                "recency": "historic"
              },
              {
                "price": 0.80231,
                "type": "swing_low",
                "time": "2025-08-27 00:00:00",
                "recency": "intermediate"
              },
              {
                "price": 0.79948,
                "type": "swing_low",
                "time": "2025-08-25 00:00:00",
                "recency": "intermediate"
              },
              {
                "price": 0.79939,
                "type": "swing_low",
                "time": "2025-08-28 14:00:00",
                "recency": "intermediate"
              },
              {
                "price": 0.79791,
                "type": "swing_low",
                "time": "2025-09-01 00:00:00",
                "recency": "intermediate"
              },
              {
                "price": 0.79599,
                "type": "swing_low",
                "time": "2025-09-10 14:00:00",
                "recency": "recent"
              },
              {
                "price": 0.795,
                "type": "round_number",
                "time": null,
                "recency": "historic"
              },
              {
                "price": 0.79461,
                "type": "swing_low",
                "time": "2025-09-08 00:00:00",
                "recency": "intermediate"
              },
              {
                "price": 0.79428,
                "type": "swing_low",
                "time": "2025-09-12 00:00:00",
                "recency": "recent"
              },
              {
                "price": 0.79154,
                "type": "swing_low",
                "time": "2025-09-09 08:00:00",
                "recency": "recent"
              },
              {
                "price": 0.79,
                "type": "round_number",
                "time": null,
                "recency": "historic"
              }
            ]
          },
          "price_patterns": {
            "all_detected_on_last": [
              "Bullish SHORTLINE"
            ],
            "last_single_candle_pattern": "N/A",
            "last_multi_candle_pattern": "Bullish SHORTLINE"
          },
          "volume_context": {
            "status": "Below Average",
            "interpretation": "Low volume suggests lack of interest or conviction."
          },
          "current_price_context": {
            "price": 0.79797,
            "position_relative_to_levels": "Price is testing support at 0.79791.",
            "nearest_resistance": {
              "price": 0.8,
              "type": "round_number",
              "time": null,
              "recency": "historic"
            },
            "nearest_support": {
              "price": 0.79791,
              "type": "swing_low",
              "time": "2025-09-01 00:00:00",
              "recency": "intermediate"
            }
          }
        }
      },
      "M30": {
        "indicators": {
          "rsi": 70.46979865771823,
          "macd": [
            0.0003271415313265136,
            0.00020159772865344113,
            0.00012554380267307245
          ],
          "bollinger_bands": [
            0.7969385,
            0.7981501674026943,
            0.7957268325973057
          ],
          "atr": 0.0006678571428571486,
          "adx": [
            23.081783247624816,
            40.53475935828918,
            17.967914438502678
          ],
          "sma_100": 0.7975762000000001,
          "sma_200": 0.79633015,
          "volume_sma_250": 1248.832
        },
        "analyze_price_action": {
          "time_context": {
            "start_time": "2025-09-04 11:00:00 UTC",
            "end_time": "2025-09-12 16:30:00 UTC",
            "total_candles": 300
          },
          "key_levels": {
            "period_high": {
              "price": 0.8072,
              "time": "2025-09-04 20:00:00"
            },
            "period_low": {
              "price": 0.79154,
              "time": "2025-09-09 09:00:00"
            },
            "resistance": [
              {
                "price": 0.79313,
                "type": "swing_high",
                "time": "2025-09-09 06:00:00",
                "recency": "intermediate"
              },
              {
                "price": 0.79333,
                "type": "swing_high",
                "time": "2025-09-09 01:30:00",
                "recency": "intermediate"
              },
              {
                "price": 0.79441,
                "type": "swing_high",
                "time": "2025-09-09 11:00:00",
                "recency": "intermediate"
              },
              {
                "price": 0.79465,
                "type": "swing_high",
                "time": "2025-09-08 20:00:00",
                "recency": "intermediate"
              },
              {
                "price": 0.79663,
                "type": "swing_high",
                "time": "2025-09-08 13:00:00",
                "recency": "intermediate"
              },
              {
                "price": 0.797,
                "type": "swing_high",
                "time": "2025-09-12 07:00:00",
                "recency": "recent"
              },
              {
                "price": 0.79795,
                "type": "swing_high",
                "time": "2025-09-09 21:30:00",
                "recency": "intermediate"
              },
              {
                "price": 0.79848,
                "type": "swing_high",
                "time": "2025-09-10 10:00:00",
                "recency": "intermediate"
              },
              {
                "price": 0.79859,
                "type": "swing_high",
                "time": "2025-09-05 21:30:00",
                "recency": "historic"
              },
              {
                "price": 0.79918,
                "type": "swing_high",
                "time": "2025-09-10 15:00:00",
                "recency": "intermediate"
              },
              {
                "price": 0.79927,
                "type": "swing_high",
                "time": "2025-09-11 03:00:00",
                "recency": "intermediate"
              },
              {
                "price": 0.79946,
                "type": "swing_high",
                "time": "2025-09-10 22:30:00",
                "recency": "intermediate"
              },
              {
                "price": 0.79959,
                "type": "swing_high",
                "time": "2025-09-08 01:30:00",
                "recency": "historic"
              },
              {
                "price": 0.79994,
                "type": "swing_high",
                "time": "2025-09-11 09:00:00",
                "recency": "intermediate"
              },
              {
                "price": 0.8,
                "type": "round_number",
                "time": null,
                "recency": "historic"
              },
              {
                "price": 0.80077,
                "type": "swing_high",
                "time": "2025-09-11 15:30:00",
                "recency": "intermediate"
              },
              {
                "price": 0.80395,
                "type": "swing_high",
                "time": "2025-09-05 14:30:00",
                "recency": "historic"
              },
              {
                "price": 0.80487,
                "type": "swing_high",
                "time": "2025-09-05 07:30:00",
                "recency": "historic"
              },
              {
                "price": 0.805,
                "type": "round_number",
                "time": null,
                "recency": "historic"
              },
              {
                "price": 0.80582,
                "type": "swing_high",
                "time": "2025-09-05 01:30:00",
                "recency": "historic"
              },
              {
                "price": 0.8072,
                "type": "swing_high",
                "time": "2025-09-04 20:00:00",
                "recency": "historic"
              },
              {
                "price": 0.81,
                "type": "round_number",
                "time": null,
                "recency": "historic"
              }
            ],
            "support": [
              {
                "price": 0.80405,
                "type": "swing_low",
                "time": "2025-09-04 15:00:00",
                "recency": "historic"
              },
              {
                "price": 0.80399,
                "type": "swing_low",
                "time": "2025-09-05 00:30:00",
                "recency": "historic"
              },
              {
                "price": 0.79866,
                "type": "swing_low",
                "time": "2025-09-11 08:00:00",
                "recency": "intermediate"
              },
              {
                "price": 0.79735,
                "type": "swing_low",
                "time": "2025-09-11 00:00:00",
                "recency": "intermediate"
              },
              {
                "price": 0.79656,
                "type": "swing_low",
                "time": "2025-09-10 12:30:00",
                "recency": "intermediate"
              },
              {
                "price": 0.79626,
                "type": "swing_low",
                "time": "2025-09-12 14:00:00",
                "recency": "recent"
              },
              {
                "price": 0.7961,
                "type": "swing_low",
                "time": "2025-09-10 08:00:00",
                "recency": "intermediate"
              },
              {
                "price": 0.79599,
                "type": "swing_low",
                "time": "2025-09-10 15:30:00",
                "recency": "intermediate"
              },
              {
                "price": 0.7956,
                "type": "swing_low",
                "time": "2025-09-05 19:00:00",
                "recency": "historic"
              },
              {
                "price": 0.79551,
                "type": "swing_low",
                "time": "2025-09-12 10:00:00",
                "recency": "recent"
              },
              {
                "price": 0.79533,
                "type": "swing_low",
                "time": "2025-09-10 00:00:00",
                "recency": "intermediate"
              },
              {
                "price": 0.79509,
                "type": "swing_low",
                "time": "2025-09-08 11:00:00",
                "recency": "historic"
              },
              {
                "price": 0.795,
                "type": "round_number",
                "time": null,
                "recency": "historic"
              },
              {
                "price": 0.79483,
                "type": "swing_low",
                "time": "2025-09-11 17:00:00",
                "recency": "recent"
              },
              {
                "price": 0.79461,
                "type": "swing_low",
                "time": "2025-09-08 00:00:00",
                "recency": "historic"
              },
              {
                "price": 0.79428,
                "type": "swing_low",
                "time": "2025-09-12 00:00:00",
                "recency": "recent"
              },
              {
                "price": 0.79295,
                "type": "swing_low",
                "time": "2025-09-08 18:00:00",
                "recency": "intermediate"
              },
              {
                "price": 0.79287,
                "type": "swing_low",
                "time": "2025-09-09 17:00:00",
                "recency": "intermediate"
              },
              {
                "price": 0.79224,
                "type": "swing_low",
                "time": "2025-09-09 00:00:00",
                "recency": "intermediate"
              },
              {
                "price": 0.79206,
                "type": "swing_low",
                "time": "2025-09-09 05:00:00",
                "recency": "intermediate"
              },
              {
                "price": 0.79154,
                "type": "swing_low",
                "time": "2025-09-09 09:00:00",
                "recency": "intermediate"
              },
              {
                "price": 0.79,
                "type": "round_number",
                "time": null,
                "recency": "historic"
              }
            ]
          },
          "price_patterns": {
            "all_detected_on_last": [
              "Bullish ENGULFING",
              "Bullish SHORTLINE"
            ],
            "last_single_candle_pattern": "N/A",
            "last_multi_candle_pattern": "Bullish ENGULFING"
          },
          "volume_context": {
            "status": "Below Average",
            "interpretation": "Low volume suggests lack of interest or conviction."
          },
          "current_price_context": {
            "price": 0.79797,
            "position_relative_to_levels": "Price is approaching resistance at 0.79848.",
            "nearest_resistance": {
              "price": 0.79848,
              "type": "swing_high",
              "time": "2025-09-10 10:00:00",
              "recency": "intermediate"
            },
            "nearest_support": {
              "price": 0.79735,
              "type": "swing_low",
              "time": "2025-09-11 00:00:00",
              "recency": "intermediate"
            }
          }
        }
      }
    }
  },
  "response_data": {
    "success": true,
    "errorMsg": "",
    "errorCode": 0,
    "data": {
      "symbol": "USDCHF",
      "signal_type": "SELL",
      "order_type_proposed": "LIMIT",
      "entry_price_proposed": 0.8005,
      "stop_loss_proposed": 0.8015,
      "take_profit_proposed": 0.795,
      "estimate_win_probability": 65,
      "risk_reward_ratio": 3.33,
      "trailing_stop_loss": 29.3,
      "pips_to_take_profit": 55.0,
      "technical_reasoning": "Bearish confluence across D1/H2 timeframes with price below key SMAs and strong ADX trend strength. Strategic LIMIT entry at 0.8005 (historic resistance + recent swing high) offers favorable R:R 3.33. Stop loss placed above technical structure with ATR buffer. M30 shows overbought RSI but aligns with bearish primary bias for pullback entry. Low volume requires caution but key level rejection at 0.8 provides technical edge."
    }
  },
  "log_type": "signal_analysis"
}