{
  "timestamp": "2025-09-12T13:34:52.064968",
  "symbol": "USDJPY",
  "timeframe": "H2",
  "request_data": {
    "cache_key": {
      "timezone": "GMT+3.0",
      "timeframe": "H2",
      "symbol": "USDJPY"
    },
    "symbol": "USDJPY",
    "timeframe": "H2",
    "account_info": {
      "leverage": 500,
      "limit_orders": 200,
      "balance": 423.81,
      "profit": 0.0,
      "equity": 423.81,
      "margin_free": 423.81,
      "margin_level": 0.0,
      "margin_so_call": 100.0,
      "commission_blocked": 0.0,
      "currency": "USD",
      "server": "ICMarketsSC-Demo",
      "company": "Raw Trading Ltd"
    },
    "balance_config": {
      "max_position": 3,
      "max_risk": 2.0,
      "total_max_risk": 6
    },
    "max_positions": 3,
    "active_orders_summary": "total_active_orders: 0",
    "pending_orders_summary": "total_pending_orders: 0",
    "portfolio_exposure": {
      "active_positions": [],
      "pending_orders": [],
      "summary": {
        "total_active_positions": 0,
        "total_pending_orders": 0,
        "total_potential_loss_from_portfolio_usd": 0.0,
        "total_margin_used_from_portfolio_usd": 0.0
      }
    },
    "account_type_details": {
      "name": "STANDARD",
      "multiplier": 100000,
      "description": "Standard Account (1 lot = 100,000 units)",
      "pip_value": 10.0
    },
    "symbol_info": {
      "ask": 147.812,
      "bid": 147.81,
      "spread": 2,
      "swap_long": 9.663,
      "swap_short": -22.117,
      "digits": 3,
      "point": 0.001,
      "trade_tick_size": 0.001,
      "trade_tick_value": 0.676535058046708,
      "volume_min": 0.01,
      "volume_max": 200.0,
      "volume_step": 0.01,
      "currency_profit": "JPY",
      "currency_base": "USD",
      "currency_margin": "USD",
      "current_usdjpy_rate": 147.81,
      "trade_contract_size": 100000.0
    },
    "multi_timeframes": {
      "D1": {
        "indicators": {
          "rsi": 50.669598241055446,
          "macd": [
            0.03881373136081834,
            0.06784185468891701,
            -0.029028123328098676
          ],
          "bollinger_bands": [
            147.57445,
            148.50536024498186,
            146.64353975501817
          ],
          "atr": 1.070999999999996,
          "adx": [
            17.469293780876377,
            18.06055755635593,
            17.827130852341018
          ],
          "sma_100": 146.05586,
          "sma_200": 148.69507,
          "volume_sma_250": 112500.652
        },
        "analyze_price_action": {
          "time_context": {
            "start_time": "2024-09-26 00:00:00 UTC",
            "end_time": "2025-09-12 00:00:00 UTC",
            "total_candles": 250
          },
          "key_levels": {
            "period_high": {
              "price": 158.88,
              "time": "2025-01-10 00:00:00"
            },
            "period_low": {
              "price": 139.886,
              "time": "2025-04-22 00:00:00"
            },
            "resistance": [
              {
                "price": 145.468,
                "type": "swing_high",
                "time": "2025-06-11 00:00:00",
                "recency": "intermediate"
              },
              {
                "price": 146.288,
                "type": "swing_high",
                "time": "2025-05-29 00:00:00",
                "recency": "intermediate"
              },
              {
                "price": 148.0,
                "type": "round_number",
                "time": null,
                "recency": "historic"
              },
              {
                "price": 148.029,
                "type": "swing_high",
                "time": "2025-06-23 00:00:00",
                "recency": "intermediate"
              },
              {
                "price": 148.5,
                "type": "round_number",
                "time": null,
                "recency": "historic"
              },
              {
                "price": 148.519,
                "type": "swing_high",
                "time": "2025-08-12 00:00:00",
                "recency": "recent"
              },
              {
                "price": 148.65,
                "type": "swing_high",
                "time": "2025-05-12 00:00:00",
                "recency": "intermediate"
              },
              {
                "price": 148.779,
                "type": "swing_high",
                "time": "2025-08-22 00:00:00",
                "recency": "recent"
              },
              {
                "price": 149.0,
                "type": "round_number",
                "time": null,
                "recency": "historic"
              },
              {
                "price": 149.135,
                "type": "swing_high",
                "time": "2025-09-03 00:00:00",
                "recency": "recent"
              },
              {
                "price": 149.186,
                "type": "swing_high",
                "time": "2025-07-16 00:00:00",
                "recency": "recent"
              },
              {
                "price": 149.5,
                "type": "round_number",
                "time": null,
                "recency": "historic"
              },
              {
                "price": 150.917,
                "type": "swing_high",
                "time": "2025-08-01 00:00:00",
                "recency": "recent"
              },
              {
                "price": 151.211,
                "type": "swing_high",
                "time": "2025-03-28 00:00:00",
                "recency": "intermediate"
              },
              {
                "price": 151.304,
                "type": "swing_high",
                "time": "2025-03-03 00:00:00",
                "recency": "intermediate"
              },
              {
                "price": 153.881,
                "type": "swing_high",
                "time": "2024-10-28 00:00:00",
                "recency": "historic"
              },
              {
                "price": 154.797,
                "type": "swing_high",
                "time": "2025-02-12 00:00:00",
                "recency": "intermediate"
              },
              {
                "price": 156.75,
                "type": "swing_high",
                "time": "2024-11-15 00:00:00",
                "recency": "historic"
              },
              {
                "price": 156.755,
                "type": "swing_high",
                "time": "2025-01-23 00:00:00",
                "recency": "intermediate"
              },
              {
                "price": 158.085,
                "type": "swing_high",
                "time": "2024-12-26 00:00:00",
                "recency": "intermediate"
              },
              {
                "price": 158.88,
                "type": "swing_high",
                "time": "2025-01-10 00:00:00",
                "recency": "intermediate"
              }
            ],
            "support": [
              {
                "price": 156.023,
                "type": "swing_low",
                "time": "2024-12-31 00:00:00",
                "recency": "intermediate"
              },
              {
                "price": 153.714,
                "type": "swing_low",
                "time": "2025-01-27 00:00:00",
                "recency": "intermediate"
              },
              {
                "price": 151.286,
                "type": "swing_low",
                "time": "2024-11-06 00:00:00",
                "recency": "historic"
              },
              {
                "price": 150.929,
                "type": "swing_low",
                "time": "2025-02-07 00:00:00",
                "recency": "intermediate"
              },
              {
                "price": 148.645,
                "type": "swing_low",
                "time": "2024-12-03 00:00:00",
                "recency": "historic"
              },
              {
                "price": 147.5,
                "type": "round_number",
                "time": null,
                "recency": "historic"
              },
              {
                "price": 147.0,
                "type": "round_number",
                "time": null,
                "recency": "historic"
              },
              {
                "price": 146.62,
                "type": "swing_low",
                "time": "2025-08-05 00:00:00",
                "recency": "recent"
              },
              {
                "price": 146.573,
                "type": "swing_low",
                "time": "2025-08-22 00:00:00",
                "recency": "recent"
              },
              {
                "price": 146.543,
                "type": "swing_low",
                "time": "2025-03-11 00:00:00",
                "recency": "intermediate"
              },
              {
                "price": 146.5,
                "type": "round_number",
                "time": null,
                "recency": "historic"
              },
              {
                "price": 146.214,
                "type": "swing_low",
                "time": "2025-08-14 00:00:00",
                "recency": "recent"
              },
              {
                "price": 146.0,
                "type": "round_number",
                "time": null,
                "recency": "historic"
              },
              {
                "price": 145.856,
                "type": "swing_low",
                "time": "2025-07-24 00:00:00",
                "recency": "recent"
              },
              {
                "price": 142.793,
                "type": "swing_low",
                "time": "2025-06-13 00:00:00",
                "recency": "intermediate"
              },
              {
                "price": 142.683,
                "type": "swing_low",
                "time": "2025-07-01 00:00:00",
                "recency": "intermediate"
              },
              {
                "price": 142.115,
                "type": "swing_low",
                "time": "2025-05-27 00:00:00",
                "recency": "intermediate"
              },
              {
                "price": 139.886,
                "type": "swing_low",
                "time": "2025-04-22 00:00:00",
                "recency": "intermediate"
              }
            ]
          },
          "price_patterns": {
            "all_detected_on_last": [
              "Bullish BELTHOLD",
              "Bullish ENGULFING",
              "Bullish LONGLINE"
            ],
            "last_single_candle_pattern": "N/A",
            "last_multi_candle_pattern": "Bullish BELTHOLD"
          },
          "volume_context": {
            "status": "Below Average",
            "interpretation": "Low volume suggests lack of interest or conviction."
          },
          "current_price_context": {
            "price": 147.81,
            "position_relative_to_levels": "Price is approaching resistance at 148.0.",
            "nearest_resistance": {
              "price": 148.0,
              "type": "round_number",
              "time": null,
              "recency": "historic"
            },
            "nearest_support": {
              "price": 147.5,
              "type": "round_number",
              "time": null,
              "recency": "historic"
            }
          }
        }
      },
      "H2": {
        "indicators": {
          "rsi": 46.50549450549474,
          "macd": [
            0.07993529037767644,
            0.02157791936798815,
            0.05835737100968828
          ],
          "bollinger_bands": [
            147.50635,
            148.06838849840068,
            146.94431150159932
          ],
          "atr": 0.3251428571428607,
          "adx": [
            12.523953210595158,
            18.343585237258324,
            20.913884007030237
          ],
          "sma_100": 147.80965,
          "sma_200": 147.63557500000002,
          "volume_sma_250": 7501.588
        },
        "analyze_price_action": {
          "time_context": {
            "start_time": "2025-08-14 22:00:00 UTC",
            "end_time": "2025-09-12 16:00:00 UTC",
            "total_candles": 250
          },
          "key_levels": {
            "period_high": {
              "price": 149.135,
              "time": "2025-09-03 10:00:00"
            },
            "period_low": {
              "price": 146.307,
              "time": "2025-09-09 12:00:00"
            },
            "resistance": [
              {
                "price": 147.382,
                "type": "swing_high",
                "time": "2025-09-01 04:00:00",
                "recency": "intermediate"
              },
              {
                "price": 147.41,
                "type": "swing_high",
                "time": "2025-08-29 14:00:00",
                "recency": "intermediate"
              },
              {
                "price": 147.646,
                "type": "swing_high",
                "time": "2025-09-10 14:00:00",
                "recency": "recent"
              },
              {
                "price": 147.902,
                "type": "swing_high",
                "time": "2025-08-19 16:00:00",
                "recency": "historic"
              },
              {
                "price": 147.91,
                "type": "swing_high",
                "time": "2025-08-26 10:00:00",
                "recency": "intermediate"
              },
              {
                "price": 147.94,
                "type": "swing_high",
                "time": "2025-08-25 22:00:00",
                "recency": "intermediate"
              },
              {
                "price": 148.0,
                "type": "round_number",
                "time": null,
                "recency": "historic"
              },
              {
                "price": 148.111,
                "type": "swing_high",
                "time": "2025-08-19 04:00:00",
                "recency": "historic"
              },
              {
                "price": 148.184,
                "type": "swing_high",
                "time": "2025-08-27 14:00:00",
                "recency": "intermediate"
              },
              {
                "price": 148.194,
                "type": "swing_high",
                "time": "2025-09-11 14:00:00",
                "recency": "recent"
              },
              {
                "price": 148.5,
                "type": "round_number",
                "time": null,
                "recency": "historic"
              },
              {
                "price": 148.579,
                "type": "swing_high",
                "time": "2025-09-08 02:00:00",
                "recency": "intermediate"
              },
              {
                "price": 148.779,
                "type": "swing_high",
                "time": "2025-09-04 18:00:00",
                "recency": "intermediate"
              },
              {
                "price": 148.944,
                "type": "swing_high",
                "time": "2025-09-02 14:00:00",
                "recency": "intermediate"
              },
              {
                "price": 149.0,
                "type": "round_number",
                "time": null,
                "recency": "historic"
              },
              {
                "price": 149.135,
                "type": "swing_high",
                "time": "2025-09-03 10:00:00",
                "recency": "intermediate"
              }
            ],
            "support": [
              {
                "price": 147.79,
                "type": "swing_low",
                "time": "2025-09-04 04:00:00",
                "recency": "intermediate"
              },
              {
                "price": 147.5,
                "type": "round_number",
                "time": null,
                "recency": "historic"
              },
              {
                "price": 147.1,
                "type": "swing_low",
                "time": "2025-08-26 18:00:00",
                "recency": "intermediate"
              },
              {
                "price": 147.098,
                "type": "swing_low",
                "time": "2025-09-10 14:00:00",
                "recency": "recent"
              },
              {
                "price": 147.045,
                "type": "swing_low",
                "time": "2025-09-02 02:00:00",
                "recency": "intermediate"
              },
              {
                "price": 147.0,
                "type": "round_number",
                "time": null,
                "recency": "historic"
              },
              {
                "price": 146.988,
                "type": "swing_low",
                "time": "2025-08-26 02:00:00",
                "recency": "intermediate"
              },
              {
                "price": 146.986,
                "type": "swing_low",
                "time": "2025-09-11 18:00:00",
                "recency": "recent"
              },
              {
                "price": 146.871,
                "type": "swing_low",
                "time": "2025-08-20 16:00:00",
                "recency": "historic"
              },
              {
                "price": 146.818,
                "type": "swing_low",
                "time": "2025-09-05 18:00:00",
                "recency": "intermediate"
              },
              {
                "price": 146.785,
                "type": "swing_low",
                "time": "2025-09-01 08:00:00",
                "recency": "intermediate"
              },
              {
                "price": 146.767,
                "type": "swing_low",
                "time": "2025-08-29 18:00:00",
                "recency": "intermediate"
              },
              {
                "price": 146.738,
                "type": "swing_low",
                "time": "2025-08-15 14:00:00",
                "recency": "historic"
              },
              {
                "price": 146.662,
                "type": "swing_low",
                "time": "2025-08-28 20:00:00",
                "recency": "intermediate"
              },
              {
                "price": 146.573,
                "type": "swing_low",
                "time": "2025-08-22 18:00:00",
                "recency": "intermediate"
              },
              {
                "price": 146.5,
                "type": "round_number",
                "time": null,
                "recency": "historic"
              },
              {
                "price": 146.307,
                "type": "swing_low",
                "time": "2025-09-09 12:00:00",
                "recency": "recent"
              },
              {
                "price": 146.0,
                "type": "round_number",
                "time": null,
                "recency": "historic"
              }
            ]
          },
          "price_patterns": {
            "all_detected_on_last": [
              "Bearish SHORTLINE",
              "Bearish SPINNINGTOP"
            ],
            "last_single_candle_pattern": "Bearish SPINNINGTOP",
            "last_multi_candle_pattern": "Bearish SHORTLINE"
          },
          "volume_context": {
            "status": "Below Average",
            "interpretation": "Low volume suggests lack of interest or conviction."
          },
          "current_price_context": {
            "price": 147.81,
            "position_relative_to_levels": "Price is testing support at 147.79.",
            "nearest_resistance": {
              "price": 147.902,
              "type": "swing_high",
              "time": "2025-08-19 16:00:00",
              "recency": "historic"
            },
            "nearest_support": {
              "price": 147.79,
              "type": "swing_low",
              "time": "2025-09-04 04:00:00",
              "recency": "intermediate"
            }
          }
        }
      },
      "M30": {
        "indicators": {
          "rsi": 67.09292412617262,
          "macd": [
            0.12068137800184786,
            0.11813807313902165,
            0.0025433048628262095
          ],
          "bollinger_bands": [
            147.67464999999999,
            148.09128427102007,
            147.2580157289799
          ],
          "atr": 0.1492142857142917,
          "adx": [
            24.29542032395003,
            41.31163235997917,
            20.96696984202963
          ],
          "sma_100": 147.46926,
          "sma_200": 147.39710499999998,
          "volume_sma_250": 1960.892
        },
        "analyze_price_action": {
          "time_context": {
            "start_time": "2025-09-04 11:00:00 UTC",
            "end_time": "2025-09-12 16:30:00 UTC",
            "total_candles": 300
          },
          "key_levels": {
            "period_high": {
              "price": 148.779,
              "time": "2025-09-04 18:00:00"
            },
            "period_low": {
              "price": 146.307,
              "time": "2025-09-09 12:30:00"
            },
            "resistance": [
              {
                "price": 147.307,
                "type": "swing_high",
                "time": "2025-09-11 21:00:00",
                "recency": "recent"
              },
              {
                "price": 147.335,
                "type": "swing_high",
                "time": "2025-09-09 11:00:00",
                "recency": "intermediate"
              },
              {
                "price": 147.404,
                "type": "swing_high",
                "time": "2025-09-09 06:00:00",
                "recency": "intermediate"
              },
              {
                "price": 147.469,
                "type": "swing_high",
                "time": "2025-09-10 22:30:00",
                "recency": "intermediate"
              },
              {
                "price": 147.481,
                "type": "swing_high",
                "time": "2025-09-11 05:30:00",
                "recency": "intermediate"
              },
              {
                "price": 147.557,
                "type": "swing_high",
                "time": "2025-09-12 08:00:00",
                "recency": "recent"
              },
              {
                "price": 147.573,
                "type": "swing_high",
                "time": "2025-09-10 04:00:00",
                "recency": "intermediate"
              },
              {
                "price": 147.587,
                "type": "swing_high",
                "time": "2025-09-10 09:30:00",
                "recency": "intermediate"
              },
              {
                "price": 147.646,
                "type": "swing_high",
                "time": "2025-09-10 15:30:00",
                "recency": "intermediate"
              },
              {
                "price": 147.879,
                "type": "swing_high",
                "time": "2025-09-08 13:00:00",
                "recency": "intermediate"
              },
              {
                "price": 147.982,
                "type": "swing_high",
                "time": "2025-09-12 12:30:00",
                "recency": "recent"
              },
              {
                "price": 147.991,
                "type": "swing_high",
                "time": "2025-09-11 12:30:00",
                "recency": "intermediate"
              },
              {
                "price": 148.0,
                "type": "round_number",
                "time": null,
                "recency": "historic"
              },
              {
                "price": 148.194,
                "type": "swing_high",
                "time": "2025-09-11 15:30:00",
                "recency": "intermediate"
              },
              {
                "price": 148.254,
                "type": "swing_high",
                "time": "2025-09-05 14:30:00",
                "recency": "historic"
              },
              {
                "price": 148.274,
                "type": "swing_high",
                "time": "2025-09-05 09:00:00",
                "recency": "historic"
              },
              {
                "price": 148.5,
                "type": "round_number",
                "time": null,
                "recency": "historic"
              },
              {
                "price": 148.579,
                "type": "swing_high",
                "time": "2025-09-08 03:00:00",
                "recency": "historic"
              },
              {
                "price": 148.779,
                "type": "swing_high",
                "time": "2025-09-04 18:00:00",
                "recency": "historic"
              }
            ],
            "support": [
              {
                "price": 148.083,
                "type": "swing_low",
                "time": "2025-09-05 05:00:00",
                "recency": "historic"
              },
              {
                "price": 148.008,
                "type": "swing_low",
                "time": "2025-09-04 15:00:00",
                "recency": "historic"
              },
              {
                "price": 148.003,
                "type": "swing_low",
                "time": "2025-09-08 05:00:00",
                "recency": "historic"
              },
              {
                "price": 147.685,
                "type": "swing_low",
                "time": "2025-09-12 14:00:00",
                "recency": "recent"
              },
              {
                "price": 147.538,
                "type": "swing_low",
                "time": "2025-09-08 16:30:00",
                "recency": "intermediate"
              },
              {
                "price": 147.5,
                "type": "round_number",
                "time": null,
                "recency": "historic"
              },
              {
                "price": 147.464,
                "type": "swing_low",
                "time": "2025-09-08 11:00:00",
                "recency": "historic"
              },
              {
                "price": 147.339,
                "type": "swing_low",
                "time": "2025-09-08 22:30:00",
                "recency": "intermediate"
              },
              {
                "price": 147.294,
                "type": "swing_low",
                "time": "2025-09-10 00:00:00",
                "recency": "intermediate"
              },
              {
                "price": 147.27,
                "type": "swing_low",
                "time": "2025-09-11 00:00:00",
                "recency": "intermediate"
              },
              {
                "price": 147.269,
                "type": "swing_low",
                "time": "2025-09-10 06:30:00",
                "recency": "intermediate"
              },
              {
                "price": 147.246,
                "type": "swing_low",
                "time": "2025-09-10 21:00:00",
                "recency": "intermediate"
              },
              {
                "price": 147.243,
                "type": "swing_low",
                "time": "2025-09-12 10:00:00",
                "recency": "recent"
              },
              {
                "price": 147.156,
                "type": "swing_low",
                "time": "2025-09-09 03:30:00",
                "recency": "intermediate"
              },
              {
                "price": 147.098,
                "type": "swing_low",
                "time": "2025-09-10 15:30:00",
                "recency": "intermediate"
              },
              {
                "price": 147.0,
                "type": "round_number",
                "time": null,
                "recency": "historic"
              },
              {
                "price": 146.986,
                "type": "swing_low",
                "time": "2025-09-11 19:00:00",
                "recency": "recent"
              },
              {
                "price": 146.818,
                "type": "swing_low",
                "time": "2025-09-05 18:30:00",
                "recency": "historic"
              },
              {
                "price": 146.527,
                "type": "swing_low",
                "time": "2025-09-09 17:00:00",
                "recency": "intermediate"
              },
              {
                "price": 146.5,
                "type": "round_number",
                "time": null,
                "recency": "historic"
              },
              {
                "price": 146.307,
                "type": "swing_low",
                "time": "2025-09-09 12:30:00",
                "recency": "intermediate"
              },
              {
                "price": 146.0,
                "type": "round_number",
                "time": null,
                "recency": "historic"
              }
            ]
          },
          "price_patterns": {
            "all_detected_on_last": [
              "Bullish SHORTLINE",
              "Bullish SPINNINGTOP"
            ],
            "last_single_candle_pattern": "Bullish SPINNINGTOP",
            "last_multi_candle_pattern": "Bullish SHORTLINE"
          },
          "volume_context": {
            "status": "Below Average",
            "interpretation": "Low volume suggests lack of interest or conviction."
          },
          "current_price_context": {
            "price": 147.81,
            "position_relative_to_levels": "Price is approaching resistance at 147.879.",
            "nearest_resistance": {
              "price": 147.879,
              "type": "swing_high",
              "time": "2025-09-08 13:00:00",
              "recency": "intermediate"
            },
            "nearest_support": {
              "price": 147.685,
              "type": "swing_low",
              "time": "2025-09-12 14:00:00",
              "recency": "recent"
            }
          }
        }
      }
    }
  },
  "response_data": {
    "success": true,
    "errorMsg": "",
    "errorCode": 0,
    "data": {
      "symbol": "USDJPY",
      "signal_type": "HOLD",
      "order_type_proposed": null,
      "entry_price_proposed": null,
      "stop_loss_proposed": null,
      "take_profit_proposed": null,
      "estimate_win_probability": null,
      "risk_reward_ratio": null,
      "trailing_stop_loss": null,
      "pips_to_take_profit": null,
      "technical_reasoning": "Conflicting technical signals across timeframes with weak alignment (+1). D1 shows neutral/bearish structure below SMA200, H2 shows mixed signals (price above SMAs but bearish patterns), M30 shows short-term bullish but overbought RSI. Low volume across all timeframes invalidates potential setups. No scenario met R:R >=1.5 and minimum SL distance >1x ATR requirements. Market context suggests transitional phase with London session closing risk."
    }
  },
  "log_type": "signal_analysis"
}